2023-12-07 10:42:17 +0000: Memory Usage (622408K) : Starting running GF180MCU Klayout DRC runset on /home/shahid/Desktop/test123/caravel_user_project/gds/user_project_wrapper.gds
2023-12-07 10:42:17 +0000: Memory Usage (622408K) : Ruby Version for klayout: 3.0.2
2023-12-07 10:42:18 +0000: Memory Usage (822152K) : Loading database to memory is complete.
2023-12-07 10:42:18 +0000: Memory Usage (822152K) : GF180MCU Klayout DRC runset output at: /home/shahid/Desktop/test123/caravel_user_project/precheck_results/07_DEC_2023___10_41_00/outputs/reports/klayout_feol_check.xml
2023-12-07 10:42:18 +0000: Memory Usage (822152K) : Evaluate switches.
2023-12-07 10:42:18 +0000: Memory Usage (822152K) : CONNECTIVITY_RULES enabled: true
2023-12-07 10:42:18 +0000: Memory Usage (822152K) : Wedge enabled: false
2023-12-07 10:42:18 +0000: Memory Usage (822152K) : Ball enabled: false
2023-12-07 10:42:18 +0000: Memory Usage (822152K) : Gold enabled: false
2023-12-07 10:42:18 +0000: Memory Usage (822152K) : MIM Option selected: B
2023-12-07 10:42:18 +0000: Memory Usage (822152K) : Offgrid enabled:  false
2023-12-07 10:42:18 +0000: Memory Usage (822152K) : Number of threads to use 8
2023-12-07 10:42:18 +0000: Memory Usage (822152K) : Verbose mode: 
2023-12-07 10:42:18 +0000: Memory Usage (822152K) : deep  mode is enabled.
2023-12-07 10:42:18 +0000: Memory Usage (822152K) : METAL_TOP Selected is 11K
2023-12-07 10:42:18 +0000: Memory Usage (822152K) : METAL_STACK Selected is 5LM
2023-12-07 10:42:18 +0000: Memory Usage (822152K) : FEOL enabled: true
2023-12-07 10:42:18 +0000: Memory Usage (822152K) : BEOL enabled: false
2023-12-07 10:42:18 +0000: Memory Usage (822152K) : SLOW_VIA enabled: false
2023-12-07 10:42:18 +0000: Memory Usage (822152K) : Read in polygons from layers.
2023-12-07 10:42:18 +0000: Memory Usage (834704K) : comp has 518548 polygons
2023-12-07 10:42:18 +0000: Memory Usage (834704K) : dnwell has 0 polygons
2023-12-07 10:42:18 +0000: Memory Usage (834704K) : nwell has 207742 polygons
2023-12-07 10:42:18 +0000: Memory Usage (834704K) : lvpwell has 207742 polygons
2023-12-07 10:42:18 +0000: Memory Usage (834704K) : dualgate has 207742 polygons
2023-12-07 10:42:18 +0000: Memory Usage (834704K) : poly2 has 580834 polygons
2023-12-07 10:42:19 +0000: Memory Usage (834704K) : nplus has 207742 polygons
2023-12-07 10:42:19 +0000: Memory Usage (834704K) : pplus has 229259 polygons
2023-12-07 10:42:19 +0000: Memory Usage (834704K) : sab has 0 polygons
2023-12-07 10:42:19 +0000: Memory Usage (834704K) : esd has 0 polygons
2023-12-07 10:42:19 +0000: Memory Usage (834704K) : resistor has 0 polygons
2023-12-07 10:42:19 +0000: Memory Usage (834704K) : fhres has 0 polygons
2023-12-07 10:42:19 +0000: Memory Usage (834704K) : fusetop has 0 polygons
2023-12-07 10:42:19 +0000: Memory Usage (834704K) : fusewindow_d has 0 polygons
2023-12-07 10:42:19 +0000: Memory Usage (834704K) : polyfuse has 0 polygons
2023-12-07 10:42:19 +0000: Memory Usage (834704K) : mvsd has 0 polygons
2023-12-07 10:42:19 +0000: Memory Usage (834704K) : mvpsd has 0 polygons
2023-12-07 10:42:19 +0000: Memory Usage (834704K) : nat has 0 polygons
2023-12-07 10:42:19 +0000: Memory Usage (834704K) : comp_dummy has 0 polygons
2023-12-07 10:42:19 +0000: Memory Usage (834704K) : poly2_dummy has 0 polygons
2023-12-07 10:42:19 +0000: Memory Usage (834704K) : schottky_diode has 0 polygons
2023-12-07 10:42:19 +0000: Memory Usage (834704K) : zener has 0 polygons
2023-12-07 10:42:19 +0000: Memory Usage (834704K) : res_mk has 0 polygons
2023-12-07 10:42:19 +0000: Memory Usage (834704K) : opc_drc has 0 polygons
2023-12-07 10:42:19 +0000: Memory Usage (834704K) : ndmy has 0 polygons
2023-12-07 10:42:19 +0000: Memory Usage (834704K) : pmndmy has 0 polygons
2023-12-07 10:42:19 +0000: Memory Usage (834704K) : v5_xtor has 207742 polygons
2023-12-07 10:42:19 +0000: Memory Usage (834704K) : cap_mk has 0 polygons
2023-12-07 10:42:19 +0000: Memory Usage (834704K) : mos_cap_mk has 0 polygons
2023-12-07 10:42:19 +0000: Memory Usage (834704K) : ind_mk has 0 polygons
2023-12-07 10:42:19 +0000: Memory Usage (834704K) : diode_mk has 17568 polygons
2023-12-07 10:42:19 +0000: Memory Usage (834704K) : drc_bjt has 0 polygons
2023-12-07 10:42:19 +0000: Memory Usage (834704K) : lvs_bjt has 0 polygons
2023-12-07 10:42:19 +0000: Memory Usage (834704K) : mim_l_mk has 0 polygons
2023-12-07 10:42:19 +0000: Memory Usage (834704K) : latchup_mk has 0 polygons
2023-12-07 10:42:19 +0000: Memory Usage (834704K) : guard_ring_mk has 0 polygons
2023-12-07 10:42:19 +0000: Memory Usage (834704K) : otp_mk has 0 polygons
2023-12-07 10:42:19 +0000: Memory Usage (834704K) : mtpmark has 0 polygons
2023-12-07 10:42:19 +0000: Memory Usage (834704K) : neo_ee_mk has 0 polygons
2023-12-07 10:42:19 +0000: Memory Usage (834704K) : sramcore has 0 polygons
2023-12-07 10:42:19 +0000: Memory Usage (834704K) : lvs_rf has 0 polygons
2023-12-07 10:42:19 +0000: Memory Usage (834704K) : lvs_drain has 0 polygons
2023-12-07 10:42:19 +0000: Memory Usage (834704K) : ind_mk has 0 polygons
2023-12-07 10:42:19 +0000: Memory Usage (834704K) : hvpolyrs has 0 polygons
2023-12-07 10:42:19 +0000: Memory Usage (834704K) : lvs_io has 0 polygons
2023-12-07 10:42:19 +0000: Memory Usage (834704K) : probe_mk has 0 polygons
2023-12-07 10:42:19 +0000: Memory Usage (834704K) : esd_mk has 0 polygons
2023-12-07 10:42:19 +0000: Memory Usage (834704K) : lvs_source has 0 polygons
2023-12-07 10:42:19 +0000: Memory Usage (834704K) : well_diode_mk has 0 polygons
2023-12-07 10:42:19 +0000: Memory Usage (834704K) : ldmos_xtor has 0 polygons
2023-12-07 10:42:19 +0000: Memory Usage (834704K) : plfuse has 0 polygons
2023-12-07 10:42:19 +0000: Memory Usage (834704K) : efuse_mk has 0 polygons
2023-12-07 10:42:19 +0000: Memory Usage (834704K) : mcell_feol_mk has 0 polygons
2023-12-07 10:42:19 +0000: Memory Usage (834704K) : ymtp_mk has 0 polygons
2023-12-07 10:42:19 +0000: Memory Usage (834704K) : dev_wf_mk has 0 polygons
2023-12-07 10:42:19 +0000: Memory Usage (834704K) : comp_label has 0 polygons
2023-12-07 10:42:19 +0000: Memory Usage (834704K) : poly2_label has 0 polygons
2023-12-07 10:42:19 +0000: Memory Usage (834704K) : mdiode has 0 polygons
2023-12-07 10:42:19 +0000: Memory Usage (834704K) : contact has 2671999 polygons
2023-12-07 10:42:20 +0000: Memory Usage (840848K) : metal1_drawn has 1828985 polygons
2023-12-07 10:42:20 +0000: Memory Usage (840848K) : metal1_dummy has 0 polygons
2023-12-07 10:42:20 +0000: Memory Usage (844176K) : metal1_label has 0 polygons
2023-12-07 10:42:20 +0000: Memory Usage (844176K) : metal1_slot has 0 polygons
2023-12-07 10:42:20 +0000: Memory Usage (844176K) : metal1_blk has 0 polygons
2023-12-07 10:42:20 +0000: Memory Usage (848272K) : via1 has 223462 polygons
2023-12-07 10:42:20 +0000: Memory Usage (860560K) : metal2_drawn has 391007 polygons
2023-12-07 10:42:20 +0000: Memory Usage (860560K) : metal2_dummy has 0 polygons
2023-12-07 10:42:20 +0000: Memory Usage (872736K) : metal2_label has 630 polygons
2023-12-07 10:42:20 +0000: Memory Usage (872736K) : metal2_slot has 0 polygons
2023-12-07 10:42:20 +0000: Memory Usage (872736K) : metal2_blk has 0 polygons
2023-12-07 10:42:21 +0000: Memory Usage (872736K) : via2 has 180856 polygons
2023-12-07 10:42:21 +0000: Memory Usage (872736K) : metal3_drawn has 100156 polygons
2023-12-07 10:42:21 +0000: Memory Usage (872736K) : metal3_dummy has 0 polygons
2023-12-07 10:42:21 +0000: Memory Usage (872736K) : metal3_label has 135 polygons
2023-12-07 10:42:21 +0000: Memory Usage (872736K) : metal3_slot has 0 polygons
2023-12-07 10:42:21 +0000: Memory Usage (872736K) : metal3_blk has 0 polygons
2023-12-07 10:42:21 +0000: Memory Usage (872736K) : via3 has 23282 polygons
2023-12-07 10:42:21 +0000: Memory Usage (872736K) : metal4_drawn has 4125 polygons
2023-12-07 10:42:21 +0000: Memory Usage (872736K) : metal4_dummy has 0 polygons
2023-12-07 10:42:21 +0000: Memory Usage (872736K) : metal4_label has 90 polygons
2023-12-07 10:42:21 +0000: Memory Usage (872736K) : metal4_slot has 0 polygons
2023-12-07 10:42:21 +0000: Memory Usage (872736K) : metal4_blk has 0 polygons
2023-12-07 10:42:21 +0000: Memory Usage (872736K) : via4 has 21344 polygons
2023-12-07 10:42:21 +0000: Memory Usage (872736K) : metal5_drawn has 70 polygons
2023-12-07 10:42:21 +0000: Memory Usage (872736K) : metal5_dummy has 0 polygons
2023-12-07 10:42:21 +0000: Memory Usage (872736K) : metal5_label has 70 polygons
2023-12-07 10:42:21 +0000: Memory Usage (872736K) : metal5_slot has 0 polygons
2023-12-07 10:42:21 +0000: Memory Usage (872736K) : metal5_blk has 0 polygons
2023-12-07 10:42:21 +0000: Memory Usage (872736K) : pad has 0 polygons
2023-12-07 10:42:21 +0000: Memory Usage (872736K) : ubmpperi has 0 polygons
2023-12-07 10:42:21 +0000: Memory Usage (872736K) : ubmparray has 0 polygons
2023-12-07 10:42:21 +0000: Memory Usage (872736K) : ubmeplate has 0 polygons
2023-12-07 10:42:21 +0000: Memory Usage (872736K) : metal1_res has 0 polygons
2023-12-07 10:42:21 +0000: Memory Usage (872736K) : metal2_res has 0 polygons
2023-12-07 10:42:21 +0000: Memory Usage (872736K) : metal3_res has 0 polygons
2023-12-07 10:42:21 +0000: Memory Usage (872736K) : metal4_res has 0 polygons
2023-12-07 10:42:21 +0000: Memory Usage (872736K) : metal5_res has 0 polygons
2023-12-07 10:42:21 +0000: Memory Usage (872736K) : metal6_res has 0 polygons
2023-12-07 10:42:21 +0000: Memory Usage (872736K) : pr_bndry has 207744 polygons
2023-12-07 10:42:21 +0000: Memory Usage (872736K) : border has 0 polygons
2023-12-07 10:42:21 +0000: Memory Usage (872736K) : Total no. of polygons in the design is 8038874
2023-12-07 10:42:21 +0000: Memory Usage (872736K) : Starting deriving base layers.
2023-12-07 10:42:49 +0000: Memory Usage (1964684K) : Construct connectivity for the design.
2023-12-07 10:42:49 +0000: Memory Usage (1964684K) : Connectivity rules enabled, Netlist object will be generated.
2023-12-07 10:43:31 +0000: Memory Usage (2414124K) : Total area of the design is 8997120.228799999 um^2.
2023-12-07 10:43:31 +0000: Memory Usage (2414124K) : Starting GF180MCU DRC rules.
2023-12-07 10:43:31 +0000: Memory Usage (2414124K) : Running all FEOL rules
2023-12-07 10:43:31 +0000: Memory Usage (2414124K) : Starting 3.3V SRAM derivations
2023-12-07 10:43:31 +0000: Memory Usage (2414124K) : Executing rule S.DF.4c_LV
2023-12-07 10:43:31 +0000: Memory Usage (2414124K) : Executing rule S.DF.16_LV
2023-12-07 10:43:34 +0000: Memory Usage (2414124K) : Executing rule S.CO.3_LV
2023-12-07 10:43:34 +0000: Memory Usage (2414124K) : Executing rule S.CO.4_LV
2023-12-07 10:43:34 +0000: Memory Usage (2414124K) : Executing rule S.CO.6_ii_LV
2023-12-07 10:43:34 +0000: Memory Usage (2414124K) : Executing rule S.M1.1_LV
2023-12-07 10:43:34 +0000: Memory Usage (2414124K) : Starting sab derivations
2023-12-07 10:43:34 +0000: Memory Usage (2414124K) : Executing rule SB.1
2023-12-07 10:43:34 +0000: Memory Usage (2414124K) : Executing rule SB.2
2023-12-07 10:43:34 +0000: Memory Usage (2414124K) : Executing rule SB.3
2023-12-07 10:43:34 +0000: Memory Usage (2414124K) : Executing rule SB.4
2023-12-07 10:43:34 +0000: Memory Usage (2414124K) : Executing rule SB.5a
2023-12-07 10:43:35 +0000: Memory Usage (2414124K) : Executing rule SB.5b
2023-12-07 10:43:36 +0000: Memory Usage (2414124K) : Executing rule SB.6
2023-12-07 10:43:36 +0000: Memory Usage (2414124K) : Executing rule SB.7
2023-12-07 10:43:36 +0000: Memory Usage (2414124K) : Executing rule SB.8
2023-12-07 10:43:36 +0000: Memory Usage (2414124K) : Executing rule SB.9
2023-12-07 10:43:36 +0000: Memory Usage (2414124K) : Executing rule SB.10
2023-12-07 10:43:36 +0000: Memory Usage (2414124K) : Executing rule SB.11
2023-12-07 10:43:36 +0000: Memory Usage (2414124K) : Executing rule SB.12
2023-12-07 10:43:36 +0000: Memory Usage (2414124K) : Executing rule SB.13
2023-12-07 10:43:36 +0000: Memory Usage (2414124K) : Executing rule SB.14a
2023-12-07 10:43:36 +0000: Memory Usage (2414124K) : Executing rule SB.14b
2023-12-07 10:43:36 +0000: Memory Usage (2414124K) : Executing rule SB.15a
2023-12-07 10:43:41 +0000: Memory Usage (2414124K) : Executing rule SB.15b
2023-12-07 10:43:47 +0000: Memory Usage (2439724K) : Executing rule SB.16
2023-12-07 10:43:47 +0000: Memory Usage (2439724K) : Starting PRES derivations
2023-12-07 10:43:49 +0000: Memory Usage (2439724K) : Executing rule PRES.1
2023-12-07 10:43:49 +0000: Memory Usage (2439724K) : Executing rule PRES.2
2023-12-07 10:43:49 +0000: Memory Usage (2439724K) : Executing rule PRES.3
2023-12-07 10:43:49 +0000: Memory Usage (2439724K) : Executing rule PRES.4
2023-12-07 10:43:49 +0000: Memory Usage (2439724K) : Executing rule PRES.5
2023-12-07 10:43:50 +0000: Memory Usage (2439724K) : Executing rule PRES.6
2023-12-07 10:43:50 +0000: Memory Usage (2439724K) : Executing rule PRES.7
2023-12-07 10:43:50 +0000: Memory Usage (2439724K) : Executing rule PRES.9a
2023-12-07 10:43:52 +0000: Memory Usage (2439724K) : Executing rule PRES.9b
2023-12-07 10:43:52 +0000: Memory Usage (2439724K) : Starting LRES derivations
2023-12-07 10:43:55 +0000: Memory Usage (2439724K) : Executing rule LRES.1
2023-12-07 10:43:55 +0000: Memory Usage (2439724K) : Executing rule LRES.2
2023-12-07 10:43:55 +0000: Memory Usage (2439724K) : Executing rule LRES.3
2023-12-07 10:43:55 +0000: Memory Usage (2439724K) : Executing rule LRES.4
2023-12-07 10:43:55 +0000: Memory Usage (2439724K) : Executing rule LRES.5
2023-12-07 10:43:55 +0000: Memory Usage (2439724K) : Executing rule LRES.6
2023-12-07 10:43:55 +0000: Memory Usage (2439724K) : Executing rule LRES.7
2023-12-07 10:43:55 +0000: Memory Usage (2439724K) : Executing rule LRES.9a
2023-12-07 10:43:55 +0000: Memory Usage (2439724K) : Executing rule LRES.9b
2023-12-07 10:43:55 +0000: Memory Usage (2439724K) : Starting PPLUS derivations
2023-12-07 10:44:16 +0000: Memory Usage (2439724K) : Executing rule PP.1
2023-12-07 10:44:20 +0000: Memory Usage (2439724K) : Executing rule PP.2
2023-12-07 10:44:25 +0000: Memory Usage (2439724K) : Executing rule PP.3a
2023-12-07 10:44:31 +0000: Memory Usage (2439724K) : Executing rule PP.3bi
2023-12-07 10:44:31 +0000: Memory Usage (2439724K) : Executing rule PP.3bii
2023-12-07 10:44:31 +0000: Memory Usage (2439724K) : Executing rule PP.3ci
2023-12-07 10:44:42 +0000: Memory Usage (2439724K) : Executing rule PP.3cii
2023-12-07 10:44:57 +0000: Memory Usage (2439724K) : Executing rule PP.3d
2023-12-07 10:44:58 +0000: Memory Usage (2439724K) : Executing rule PP.3e
2023-12-07 10:44:59 +0000: Memory Usage (2439724K) : Executing rule PP.4a
2023-12-07 10:45:02 +0000: Memory Usage (2439724K) : Executing rule PP.4b
2023-12-07 10:45:11 +0000: Memory Usage (2439724K) : Executing rule PP.5a
2023-12-07 10:45:19 +0000: Memory Usage (2439724K) : Executing rule PP.5b
2023-12-07 10:45:30 +0000: Memory Usage (2441572K) : Executing rule PP.5ci
2023-12-07 10:45:34 +0000: Memory Usage (2441572K) : Executing rule PP.5cii
2023-12-07 10:45:38 +0000: Memory Usage (2441572K) : Executing rule PP.5di
2023-12-07 10:45:42 +0000: Memory Usage (2441572K) : Executing rule PP.5dii
2023-12-07 10:45:47 +0000: Memory Usage (2441572K) : Executing rule PP.6
2023-12-07 10:45:51 +0000: Memory Usage (2441572K) : Executing rule PP.7
2023-12-07 10:45:51 +0000: Memory Usage (2441572K) : Executing rule PP.8a
2023-12-07 10:45:51 +0000: Memory Usage (2441572K) : Executing rule PP.8b
2023-12-07 10:45:51 +0000: Memory Usage (2441572K) : Executing rule PP.9
2023-12-07 10:45:51 +0000: Memory Usage (2441572K) : Executing rule PP.10
2023-12-07 10:45:51 +0000: Memory Usage (2441572K) : Executing rule PP.11
2023-12-07 10:45:55 +0000: Memory Usage (2441572K) : Executing rule PP.12
2023-12-07 10:45:56 +0000: Memory Usage (2441572K) : Executing rule LVS_BJT.1
2023-12-07 10:45:56 +0000: Memory Usage (2441572K) : Starting HRES derivations
2023-12-07 10:46:00 +0000: Memory Usage (2441572K) : Executing rule HRES.1
2023-12-07 10:46:00 +0000: Memory Usage (2441572K) : Executing rule HRES.2
2023-12-07 10:46:00 +0000: Memory Usage (2441572K) : Executing rule HRES.3
2023-12-07 10:46:00 +0000: Memory Usage (2441572K) : Executing rule HRES.4
2023-12-07 10:46:00 +0000: Memory Usage (2441572K) : Executing rule HRES.5
2023-12-07 10:46:00 +0000: Memory Usage (2441572K) : Executing rule HRES.6
2023-12-07 10:46:00 +0000: Memory Usage (2441572K) : Executing rule HRES.7
2023-12-07 10:46:00 +0000: Memory Usage (2441572K) : Executing rule HRES.8
2023-12-07 10:46:00 +0000: Memory Usage (2441572K) : Executing rule HRES.9
2023-12-07 10:46:00 +0000: Memory Usage (2441572K) : Executing rule HRES.10
2023-12-07 10:46:00 +0000: Memory Usage (2441572K) : Executing rule HRES.12a
2023-12-07 10:46:03 +0000: Memory Usage (2441572K) : Executing rule HRES.12b
2023-12-07 10:46:03 +0000: Memory Usage (2441572K) : Starting YMTP_MK derivations
2023-12-07 10:46:03 +0000: Memory Usage (2441572K) : Executing rule Y.NW.2b_LV
2023-12-07 10:46:03 +0000: Memory Usage (2441572K) : Executing rule Y.NW.2b_MV
2023-12-07 10:46:03 +0000: Memory Usage (2441572K) : Executing rule Y.DF.6_MV
2023-12-07 10:46:03 +0000: Memory Usage (2441572K) : Executing rule Y.DF.16_LV
2023-12-07 10:46:03 +0000: Memory Usage (2441572K) : Executing rule Y.DF.16_MV
2023-12-07 10:46:03 +0000: Memory Usage (2441572K) : Executing rule Y.PL.1_LV
2023-12-07 10:46:03 +0000: Memory Usage (2441572K) : Executing rule Y.PL.1_MV
2023-12-07 10:46:03 +0000: Memory Usage (2441572K) : Executing rule Y.PL.2_LV
2023-12-07 10:46:04 +0000: Memory Usage (2441572K) : Executing rule Y.PL.2_MV
2023-12-07 10:46:05 +0000: Memory Usage (2441572K) : Executing rule Y.PL.4_MV
2023-12-07 10:46:05 +0000: Memory Usage (2441572K) : Executing rule Y.PL.5a_LV
2023-12-07 10:46:05 +0000: Memory Usage (2441572K) : Executing rule Y.PL.5a_MV
2023-12-07 10:46:05 +0000: Memory Usage (2441572K) : Executing rule Y.PL.5b_LV
2023-12-07 10:46:05 +0000: Memory Usage (2441572K) : Executing rule Y.PL.5b_MV
2023-12-07 10:46:05 +0000: Memory Usage (2441572K) : Starting NWELL derivations
2023-12-07 10:46:13 +0000: Memory Usage (2441572K) : Executing rule NW.1a_LV
2023-12-07 10:46:13 +0000: Memory Usage (2441572K) : Executing rule NW.1a_MV
2023-12-07 10:46:13 +0000: Memory Usage (2441572K) : Executing rule NW.1b_LV
2023-12-07 10:46:13 +0000: Memory Usage (2441572K) : Executing rule NW.1b_MV
2023-12-07 10:46:13 +0000: Memory Usage (2441572K) : CONNECTIVITY_RULES section
2023-12-07 10:46:43 +0000: Memory Usage (2441572K) : Executing rule NW.2a_LV
2023-12-07 10:46:43 +0000: Memory Usage (2441572K) : Executing rule NW.2a_MV
2023-12-07 10:46:43 +0000: Memory Usage (2441572K) : Executing rule NW.2b_LV
2023-12-07 10:46:43 +0000: Memory Usage (2441572K) : Executing rule NW.2b_MV
2023-12-07 10:46:43 +0000: Memory Usage (2441572K) : Executing rule NW.3
2023-12-07 10:46:43 +0000: Memory Usage (2441572K) : Executing rule NW.4
2023-12-07 10:46:44 +0000: Memory Usage (2441572K) : Executing rule NW.5_LV
2023-12-07 10:46:45 +0000: Memory Usage (2441572K) : Executing rule NW.5_MV
2023-12-07 10:46:45 +0000: Memory Usage (2441572K) : Executing rule NW.6
2023-12-07 10:46:45 +0000: Memory Usage (2441572K) : Executing rule DE.2
2023-12-07 10:46:45 +0000: Memory Usage (2441572K) : Executing rule DE.3
2023-12-07 10:46:45 +0000: Memory Usage (2441572K) : Executing rule DE.4
2023-12-07 10:46:45 +0000: Memory Usage (2441572K) : Starting 10V LDNMOS derivations
2023-12-07 10:46:48 +0000: Memory Usage (2441572K) : Executing rule MDN.1
2023-12-07 10:46:48 +0000: Memory Usage (2441572K) : CONNECTIVITY_RULES section
2023-12-07 10:46:49 +0000: Memory Usage (2441572K) : Executing rule MDN.2a
2023-12-07 10:46:49 +0000: Memory Usage (2441572K) : Executing rule MDN.2b
2023-12-07 10:46:49 +0000: Memory Usage (2441572K) : Executing rule MDN.3a
2023-12-07 10:46:49 +0000: Memory Usage (2441572K) : Executing rule MDN.3b
2023-12-07 10:46:49 +0000: Memory Usage (2441572K) : Executing rule MDN.4a
2023-12-07 10:46:49 +0000: Memory Usage (2441572K) : Executing rule MDN.4b
2023-12-07 10:46:49 +0000: Memory Usage (2441572K) : Executing rule MDN.5ai
2023-12-07 10:46:49 +0000: Memory Usage (2441572K) : Executing rule MDN.5aii
2023-12-07 10:46:49 +0000: Memory Usage (2441572K) : Executing rule MDN.5b
2023-12-07 10:46:49 +0000: Memory Usage (2441572K) : Executing rule MDN.5c
2023-12-07 10:46:49 +0000: Memory Usage (2441572K) : Executing rule MDN.6
2023-12-07 10:46:49 +0000: Memory Usage (2441572K) : Executing rule MDN.6a
2023-12-07 10:46:49 +0000: Memory Usage (2441572K) : Executing rule MDN.7
2023-12-07 10:46:49 +0000: Memory Usage (2441572K) : Executing rule MDN.7a
2023-12-07 10:46:49 +0000: Memory Usage (2441572K) : CONNECTIVITY_RULES section
2023-12-07 10:46:50 +0000: Memory Usage (2441572K) : Executing rule MDN.8a
2023-12-07 10:46:50 +0000: Memory Usage (2441572K) : Executing rule MDN.8b
2023-12-07 10:46:50 +0000: Memory Usage (2441572K) : Executing rule MDN.9
2023-12-07 10:46:51 +0000: Memory Usage (2441572K) : Executing rule MDN.10a
2023-12-07 10:46:54 +0000: Memory Usage (2441572K) : Executing rule MDN.10b
2023-12-07 10:46:56 +0000: Memory Usage (2441572K) : Executing rule MDN.10c
2023-12-07 10:46:56 +0000: Memory Usage (2441572K) : Executing rule MDN.10d
2023-12-07 10:47:15 +0000: Memory Usage (2638180K) : Executing rule MDN.10ei
2023-12-07 10:47:17 +0000: Memory Usage (2638180K) : Executing rule MDN.10eii
2023-12-07 10:47:18 +0000: Memory Usage (2638180K) : Executing rule MDN.10f
2023-12-07 10:47:18 +0000: Memory Usage (2638180K) : Executing rule MDN.11
2023-12-07 10:47:19 +0000: Memory Usage (2638180K) : Executing rule MDN.12
2023-12-07 10:47:20 +0000: Memory Usage (2638180K) : Executing rule MDN.13a
2023-12-07 10:47:20 +0000: Memory Usage (2638180K) : Executing rule MDN.13b
2023-12-07 10:47:24 +0000: Memory Usage (2638180K) : Executing rule MDN.13c
2023-12-07 10:47:25 +0000: Memory Usage (2638180K) : Executing rule MDN.13d
2023-12-07 10:47:27 +0000: Memory Usage (2638180K) : Executing rule MDN.14
2023-12-07 10:47:27 +0000: Memory Usage (2638180K) : Executing rule MDN.15a
2023-12-07 10:47:27 +0000: Memory Usage (2638180K) : Executing rule MDN.15b
2023-12-07 10:47:27 +0000: Memory Usage (2638180K) : Executing rule MDN.17
2023-12-07 10:47:27 +0000: Memory Usage (2638180K) : Starting LVPWELL derivations
2023-12-07 10:47:27 +0000: Memory Usage (2638180K) : Executing rule LPW.1_LV
2023-12-07 10:47:27 +0000: Memory Usage (2638180K) : Executing rule LPW.1_MV
2023-12-07 10:47:27 +0000: Memory Usage (2638180K) : CONNECTIVITY_RULES section
2023-12-07 10:47:28 +0000: Memory Usage (2638180K) : Executing rule LPW.2a_LV
2023-12-07 10:47:28 +0000: Memory Usage (2638180K) : Executing rule LPW.2a_MV
2023-12-07 10:47:28 +0000: Memory Usage (2638180K) : Executing rule LPW.2b_LV
2023-12-07 10:47:28 +0000: Memory Usage (2638180K) : Executing rule LPW.2b_MV
2023-12-07 10:47:28 +0000: Memory Usage (2638180K) : Executing rule LPW.3_LV
2023-12-07 10:47:28 +0000: Memory Usage (2638180K) : Executing rule LPW.5
2023-12-07 10:47:32 +0000: Memory Usage (2638180K) : Executing rule LPW.11
2023-12-07 10:47:33 +0000: Memory Usage (2638180K) : Executing rule LPW.12
2023-12-07 10:47:34 +0000: Memory Usage (2638180K) : Starting CONTACT derivations
2023-12-07 10:48:11 +0000: Memory Usage (3044644K) : Executing rule CO.1
2023-12-07 10:48:11 +0000: Memory Usage (3044644K) : Executing rule CO.2a
2023-12-07 10:48:12 +0000: Memory Usage (3044644K) : Executing rule CO.2b
2023-12-07 10:48:14 +0000: Memory Usage (3044644K) : Executing rule CO.3
2023-12-07 10:48:17 +0000: Memory Usage (3044644K) : Executing rule CO.4
2023-12-07 10:48:21 +0000: Memory Usage (3044644K) : Executing rule CO.5a
2023-12-07 10:48:22 +0000: Memory Usage (3044644K) : Executing rule CO.5b
2023-12-07 10:48:22 +0000: Memory Usage (3044644K) : Executing rule CO.6
2023-12-07 10:48:27 +0000: Memory Usage (3044644K) : Executing rule CO.6a
2023-12-07 10:49:50 +0000: Memory Usage (3721728K) : Executing rule CO.6b
2023-12-07 10:50:06 +0000: Memory Usage (3399628K) : Executing rule CO.7
2023-12-07 10:50:09 +0000: Memory Usage (3399628K) : Executing rule CO.8
2023-12-07 10:50:11 +0000: Memory Usage (3399628K) : Executing rule CO.9
2023-12-07 10:50:12 +0000: Memory Usage (3399628K) : Executing rule CO.10
2023-12-07 10:50:13 +0000: Memory Usage (3399628K) : Executing rule CO.11
2023-12-07 10:50:15 +0000: Memory Usage (3399628K) : Starting 5V SRAM derivations
2023-12-07 10:50:15 +0000: Memory Usage (3399628K) : Executing rule S.DF.4c_MV
2023-12-07 10:50:16 +0000: Memory Usage (3399628K) : Executing rule S.DF.6_MV
2023-12-07 10:50:16 +0000: Memory Usage (3399628K) : Executing rule S.DF.7_MV
2023-12-07 10:50:16 +0000: Memory Usage (3399628K) : Executing rule S.DF.8_MV
2023-12-07 10:50:16 +0000: Memory Usage (3399628K) : Executing rule S.DF.16_MV
2023-12-07 10:50:18 +0000: Memory Usage (3399628K) : Executing rule S.PL.5a_MV
2023-12-07 10:50:18 +0000: Memory Usage (3399628K) : Executing rule S.PL.5b_MV
2023-12-07 10:50:18 +0000: Memory Usage (3399628K) : Executing rule S.CO.4_MV
2023-12-07 10:50:18 +0000: Memory Usage (3399628K) : Starting OTP_MK derivations
2023-12-07 10:50:18 +0000: Memory Usage (3399628K) : Executing rule O.DF.3a
2023-12-07 10:50:18 +0000: Memory Usage (3399628K) : Executing rule O.DF.6
2023-12-07 10:50:18 +0000: Memory Usage (3399628K) : Executing rule O.DF.9
2023-12-07 10:50:18 +0000: Memory Usage (3399628K) : Executing rule O.PL.2
2023-12-07 10:50:18 +0000: Memory Usage (3399628K) : Executing rule O.PL.3a
2023-12-07 10:50:20 +0000: Memory Usage (3399628K) : Executing rule O.PL.4
2023-12-07 10:50:20 +0000: Memory Usage (3399628K) : Executing rule O.SB.2
2023-12-07 10:50:20 +0000: Memory Usage (3399628K) : Executing rule O.SB.3
2023-12-07 10:50:20 +0000: Memory Usage (3399628K) : Executing rule O.SB.4
2023-12-07 10:50:20 +0000: Memory Usage (3399628K) : Executing rule O.SB.5b_LV
2023-12-07 10:50:20 +0000: Memory Usage (3399628K) : Executing rule O.SB.9
2023-12-07 10:50:20 +0000: Memory Usage (3399628K) : Executing rule O.SB.11
2023-12-07 10:50:20 +0000: Memory Usage (3399628K) : Executing rule O.SB.13_LV
2023-12-07 10:50:20 +0000: Memory Usage (3399628K) : Executing rule O.SB.13_MV
2023-12-07 10:50:20 +0000: Memory Usage (3399628K) : Executing rule O.CO.7
2023-12-07 10:50:20 +0000: Memory Usage (3399628K) : Executing rule O.PL.ORT
2023-12-07 10:50:20 +0000: Memory Usage (3399628K) : Starting NPLUS derivations
2023-12-07 10:50:34 +0000: Memory Usage (3399628K) : Executing rule NP.1
2023-12-07 10:50:38 +0000: Memory Usage (3399628K) : Executing rule NP.2
2023-12-07 10:50:44 +0000: Memory Usage (3399628K) : Executing rule NP.3a
2023-12-07 10:50:53 +0000: Memory Usage (3399628K) : Executing rule NP.3bi
2023-12-07 10:50:53 +0000: Memory Usage (3399628K) : Executing rule NP.3bii
2023-12-07 10:50:53 +0000: Memory Usage (3399628K) : Executing rule NP.3ci
2023-12-07 10:51:03 +0000: Memory Usage (3399628K) : Executing rule NP.3cii
2023-12-07 10:51:10 +0000: Memory Usage (3399628K) : Executing rule NP.3d
2023-12-07 10:51:11 +0000: Memory Usage (3399628K) : Executing rule NP.3e
2023-12-07 10:51:12 +0000: Memory Usage (3399628K) : Executing rule NP.4a
2023-12-07 10:51:20 +0000: Memory Usage (3399628K) : Executing rule NP.4b
2023-12-07 10:51:24 +0000: Memory Usage (3399628K) : Executing rule NP.5a
2023-12-07 10:51:30 +0000: Memory Usage (3399628K) : Executing rule PP.5b
2023-12-07 10:51:40 +0000: Memory Usage (3399628K) : Executing rule NP.5ci
2023-12-07 10:51:46 +0000: Memory Usage (3399628K) : Executing rule NP.5cii
2023-12-07 10:51:52 +0000: Memory Usage (3399628K) : Executing rule NP.5di
2023-12-07 10:52:07 +0000: Memory Usage (3399628K) : Executing rule NP.5dii
2023-12-07 10:52:15 +0000: Memory Usage (3399628K) : Executing rule NP.6
2023-12-07 10:52:19 +0000: Memory Usage (3399628K) : Executing rule NP.7
2023-12-07 10:52:19 +0000: Memory Usage (3399628K) : Executing rule NP.8a
2023-12-07 10:52:19 +0000: Memory Usage (3399628K) : Executing rule NP.8b
2023-12-07 10:52:19 +0000: Memory Usage (3399628K) : Executing rule NP.9
2023-12-07 10:52:19 +0000: Memory Usage (3399628K) : Executing rule NP.10
2023-12-07 10:52:19 +0000: Memory Usage (3399628K) : Executing rule NP.11
2023-12-07 10:52:22 +0000: Memory Usage (3399628K) : Executing rule NP.12
2023-12-07 10:52:25 +0000: Memory Usage (3399628K) : Executing rule DN.1
2023-12-07 10:52:25 +0000: Memory Usage (3399628K) : CONNECTIVITY_RULES section
2023-12-07 10:52:25 +0000: Memory Usage (3399628K) : Executing rule DN.2a
2023-12-07 10:52:25 +0000: Memory Usage (3399628K) : Executing rule DN.2b
2023-12-07 10:52:25 +0000: Memory Usage (3399628K) : Executing rule DN.3
2023-12-07 10:52:30 +0000: Memory Usage (3399628K) : Starting comp derivations
2023-12-07 10:52:47 +0000: Memory Usage (3399628K) : Executing rule DF.1a_LV
2023-12-07 10:52:47 +0000: Memory Usage (3399628K) : Executing rule DF.1a_MV
2023-12-07 10:52:47 +0000: Memory Usage (3399628K) : Executing rule DF.1c
2023-12-07 10:52:47 +0000: Memory Usage (3399628K) : Executing rule DF.2a_LV
2023-12-07 10:52:48 +0000: Memory Usage (3399628K) : Executing rule DF.2a_MV
2023-12-07 10:52:54 +0000: Memory Usage (3399628K) : Executing rule DF.2b
2023-12-07 10:52:55 +0000: Memory Usage (3399628K) : Executing rule DF.3a_LV
2023-12-07 10:52:55 +0000: Memory Usage (3399628K) : Executing rule DF.3a_MV
2023-12-07 10:52:57 +0000: Memory Usage (3399628K) : Executing rule DF.3b
2023-12-07 10:52:58 +0000: Memory Usage (3399628K) : Executing rule DF.3c_LV
2023-12-07 10:52:58 +0000: Memory Usage (3399628K) : Executing rule DF.3c_MV
2023-12-07 10:52:58 +0000: Memory Usage (3399628K) : Executing rule DF.4a_LV
2023-12-07 10:52:58 +0000: Memory Usage (3399628K) : Executing rule DF.4a_MV
2023-12-07 10:52:58 +0000: Memory Usage (3399628K) : Executing rule DF.4b_LV
2023-12-07 10:52:58 +0000: Memory Usage (3399628K) : Executing rule DF.4b_MV
2023-12-07 10:52:58 +0000: Memory Usage (3399628K) : Executing rule DF.4c_LV
2023-12-07 10:53:05 +0000: Memory Usage (3399628K) : Executing rule DF.4c_MV
2023-12-07 10:53:15 +0000: Memory Usage (3399628K) : Executing rule DF.4d_LV
2023-12-07 10:53:15 +0000: Memory Usage (3399628K) : Executing rule DF.4d_MV
2023-12-07 10:53:20 +0000: Memory Usage (3399628K) : Executing rule DF.4e_LV
2023-12-07 10:53:21 +0000: Memory Usage (3399628K) : Executing rule DF.4e_MV
2023-12-07 10:53:21 +0000: Memory Usage (3399628K) : Executing rule DF.5_LV
2023-12-07 10:53:21 +0000: Memory Usage (3399628K) : Executing rule DF.5_MV
2023-12-07 10:53:21 +0000: Memory Usage (3399628K) : Executing rule DF.6_LV
2023-12-07 10:53:22 +0000: Memory Usage (3399628K) : Executing rule DF.6_MV
2023-12-07 10:53:25 +0000: Memory Usage (3399628K) : Executing rule DF.7_LV
2023-12-07 10:53:25 +0000: Memory Usage (3399628K) : Executing rule DF.7_MV
2023-12-07 10:53:25 +0000: Memory Usage (3399628K) : Executing rule DF.8_LV
2023-12-07 10:53:25 +0000: Memory Usage (3399628K) : Executing rule DF.8_MV
2023-12-07 10:53:25 +0000: Memory Usage (3399628K) : Executing rule DF.9
2023-12-07 10:53:26 +0000: Memory Usage (3399628K) : Executing rule DF.10
2023-12-07 10:53:26 +0000: Memory Usage (3399628K) : Executing rule DF.11
2023-12-07 10:53:26 +0000: Memory Usage (3399628K) : Executing rule DF.12
2023-12-07 10:53:31 +0000: Memory Usage (3399628K) : Preparations for rule DF.13_LV and DF.13_MV
2023-12-07 10:55:19 +0000: Memory Usage (3399628K) : Executing rule DF.13_LV
2023-12-07 10:55:21 +0000: Memory Usage (3399628K) : Executing rule DF.13_MV
2023-12-07 10:55:24 +0000: Memory Usage (3399628K) : Executing rule DF.14_LV
2023-12-07 10:55:26 +0000: Memory Usage (3399628K) : Executing rule DF.14_MV
2023-12-07 10:55:31 +0000: Memory Usage (3399628K) : Executing rule DF.16_LV
2023-12-07 10:55:31 +0000: Memory Usage (3399628K) : Executing rule DF.16_MV
2023-12-07 10:55:35 +0000: Memory Usage (3399628K) : Executing rule DF.17_LV
2023-12-07 10:55:35 +0000: Memory Usage (3399628K) : Executing rule DF.17_MV
2023-12-07 10:55:39 +0000: Memory Usage (3399628K) : Executing rule DF.18
2023-12-07 10:55:39 +0000: Memory Usage (3399628K) : Executing rule DF.19_LV
2023-12-07 10:55:39 +0000: Memory Usage (3399628K) : Executing rule DF.19_MV
2023-12-07 10:55:41 +0000: Memory Usage (3399628K) : Starting NAT derivations
2023-12-07 10:55:42 +0000: Memory Usage (3399628K) : Executing rule NAT.1
2023-12-07 10:55:44 +0000: Memory Usage (3399628K) : Executing rule NAT.2
2023-12-07 10:55:44 +0000: Memory Usage (3399628K) : Executing rule NAT.3
2023-12-07 10:55:44 +0000: Memory Usage (3399628K) : Executing rule NAT.4
2023-12-07 10:55:44 +0000: Memory Usage (3399628K) : Executing rule NAT.5
2023-12-07 10:55:44 +0000: Memory Usage (3399628K) : CONNECTIVITY_RULES section
2023-12-07 10:55:44 +0000: Memory Usage (3399628K) : Executing rule NAT.6
2023-12-07 10:55:44 +0000: Memory Usage (3399628K) : Executing rule NAT.7
2023-12-07 10:55:44 +0000: Memory Usage (3399628K) : Executing rule NAT.8
2023-12-07 10:55:44 +0000: Memory Usage (3399628K) : Executing rule NAT.9
2023-12-07 10:55:45 +0000: Memory Usage (3399628K) : Executing rule NAT.10
2023-12-07 10:55:45 +0000: Memory Usage (3399628K) : Executing rule NAT.11
2023-12-07 10:55:45 +0000: Memory Usage (3399628K) : Executing rule NAT.12
2023-12-07 10:55:45 +0000: Memory Usage (3399628K) : Starting ESD derivations
2023-12-07 10:55:45 +0000: Memory Usage (3399628K) : Executing rule ESD.1
2023-12-07 10:55:45 +0000: Memory Usage (3399628K) : Executing rule ESD.2
2023-12-07 10:55:46 +0000: Memory Usage (3399628K) : Executing rule ESD.3a
2023-12-07 10:55:46 +0000: Memory Usage (3399628K) : Executing rule ESD.3b
2023-12-07 10:55:46 +0000: Memory Usage (3399628K) : Executing rule ESD.4a
2023-12-07 10:55:46 +0000: Memory Usage (3399628K) : Executing rule ESD.4b
2023-12-07 10:55:46 +0000: Memory Usage (3399628K) : Executing rule ESD.5a
2023-12-07 10:55:46 +0000: Memory Usage (3399628K) : Executing rule ESD.5b
2023-12-07 10:55:46 +0000: Memory Usage (3399628K) : Executing rule ESD.6
2023-12-07 10:55:47 +0000: Memory Usage (3399628K) : Executing rule ESD.7
2023-12-07 10:55:47 +0000: Memory Usage (3399628K) : Executing rule ESD.8
2023-12-07 10:55:53 +0000: Memory Usage (3399628K) : Executing rule ESD.pl
2023-12-07 10:55:57 +0000: Memory Usage (3399628K) : Executing rule ESD.9
2023-12-07 10:55:57 +0000: Memory Usage (3399628K) : Executing rule ESD.10
2023-12-07 10:55:57 +0000: Memory Usage (3399628K) : Starting EFUSE derivations
2023-12-07 10:55:57 +0000: Memory Usage (3399628K) : Executing rule EF.01
2023-12-07 10:55:57 +0000: Memory Usage (3399628K) : Executing rule EF.02
2023-12-07 10:55:57 +0000: Memory Usage (3399628K) : Executing rule EF.03
2023-12-07 10:55:57 +0000: Memory Usage (3399628K) : Executing rule EF.04a
2023-12-07 10:55:58 +0000: Memory Usage (3399628K) : Executing rule EF.04b
2023-12-07 10:55:58 +0000: Memory Usage (3399628K) : Executing rule EF.04c
2023-12-07 10:55:58 +0000: Memory Usage (3399628K) : Executing rule EF.04d
2023-12-07 10:55:58 +0000: Memory Usage (3399628K) : Executing rule EF.05
2023-12-07 10:55:58 +0000: Memory Usage (3399628K) : Executing rule EF.06
2023-12-07 10:55:58 +0000: Memory Usage (3399628K) : Executing rule EF.07
2023-12-07 10:55:58 +0000: Memory Usage (3399628K) : Executing rule EF.08
2023-12-07 10:55:58 +0000: Memory Usage (3399628K) : Executing rule EF.09
2023-12-07 10:55:58 +0000: Memory Usage (3399628K) : Executing rule EF.10
2023-12-07 10:55:58 +0000: Memory Usage (3399628K) : Executing rule EF.11
2023-12-07 10:55:58 +0000: Memory Usage (3399628K) : Executing rule EF.12
2023-12-07 10:55:58 +0000: Memory Usage (3399628K) : Executing rule EF.13
2023-12-07 10:55:58 +0000: Memory Usage (3399628K) : Executing rule EF.14
2023-12-07 10:55:58 +0000: Memory Usage (3399628K) : Executing rule EF.15
2023-12-07 10:55:58 +0000: Memory Usage (3399628K) : Executing rule EF.16a
2023-12-07 10:55:58 +0000: Memory Usage (3399628K) : Executing rule EF.16b
2023-12-07 10:55:58 +0000: Memory Usage (3399628K) : Executing rule EF.17
2023-12-07 10:55:58 +0000: Memory Usage (3399628K) : Executing rule EF.18
2023-12-07 10:55:59 +0000: Memory Usage (3399628K) : Executing rule EF.19
2023-12-07 10:55:59 +0000: Memory Usage (3399628K) : Executing rule EF.20
2023-12-07 10:56:00 +0000: Memory Usage (3399628K) : Executing rule EF.21
2023-12-07 10:56:00 +0000: Memory Usage (3399628K) : Executing rule EF.22a
2023-12-07 10:56:00 +0000: Memory Usage (3399628K) : Executing rule EF.22b
2023-12-07 10:56:00 +0000: Memory Usage (3399628K) : Executing rule DV.1
2023-12-07 10:56:00 +0000: Memory Usage (3399628K) : Executing rule DV.2
2023-12-07 10:56:08 +0000: Memory Usage (3399628K) : Executing rule DV.3
2023-12-07 10:56:10 +0000: Memory Usage (3399628K) : Executing rule DV.5
2023-12-07 10:56:19 +0000: Memory Usage (3399628K) : Executing rule DV.6
2023-12-07 10:56:30 +0000: Memory Usage (3399628K) : Executing rule DV.7
2023-12-07 10:56:40 +0000: Memory Usage (3399628K) : Executing rule DV.8
2023-12-07 10:56:57 +0000: Memory Usage (3465164K) : Executing rule DV.9
2023-12-07 10:57:04 +0000: Memory Usage (3465164K) : Executing rule MC.1
2023-12-07 10:57:04 +0000: Memory Usage (3465164K) : Executing rule MC.2
2023-12-07 10:57:04 +0000: Memory Usage (3465164K) : Executing rule MC.3
2023-12-07 10:57:04 +0000: Memory Usage (3465164K) : Executing rule MC.4
2023-12-07 10:57:05 +0000: Memory Usage (3465164K) : Executing rule MDP.1
2023-12-07 10:57:05 +0000: Memory Usage (3465164K) : Executing rule MDP.1a
2023-12-07 10:57:05 +0000: Memory Usage (3465164K) : Executing rule MDP.2
2023-12-07 10:57:05 +0000: Memory Usage (3465164K) : Executing rule MDP.3
2023-12-07 10:57:07 +0000: Memory Usage (3465164K) : Executing rule MDP.3ai
2023-12-07 10:57:08 +0000: Memory Usage (3465164K) : Executing rule MDP.3aii
2023-12-07 10:57:09 +0000: Memory Usage (3465164K) : Executing rule MDP.3b
2023-12-07 10:57:09 +0000: Memory Usage (3465164K) : Executing rule MDP.3c
2023-12-07 10:57:09 +0000: Memory Usage (3465164K) : Executing rule MDP.3d
2023-12-07 10:57:09 +0000: Memory Usage (3465164K) : Executing rule MDP.4
2023-12-07 10:57:12 +0000: Memory Usage (3465164K) : Executing rule MDP.4a
2023-12-07 10:57:12 +0000: Memory Usage (3465164K) : Executing rule MDP.4b
2023-12-07 10:57:13 +0000: Memory Usage (3465164K) : Executing rule MDP.5
2023-12-07 10:57:14 +0000: Memory Usage (3465164K) : Executing rule MDP.5a
2023-12-07 10:57:14 +0000: Memory Usage (3465164K) : Executing rule MDP.6
2023-12-07 10:57:14 +0000: Memory Usage (3465164K) : Executing rule MDP.6a
2023-12-07 10:57:14 +0000: Memory Usage (3465164K) : Executing rule MDP.7
2023-12-07 10:57:15 +0000: Memory Usage (3465164K) : Executing rule MDP.8
2023-12-07 10:57:15 +0000: Memory Usage (3465164K) : Executing rule MDP.9a
2023-12-07 10:57:15 +0000: Memory Usage (3465164K) : Executing rule MDP.9b
2023-12-07 10:57:15 +0000: Memory Usage (3465164K) : Executing rule MDP.9c
2023-12-07 10:57:17 +0000: Memory Usage (3465164K) : Executing rule MDP.9d
2023-12-07 10:57:41 +0000: Memory Usage (3465164K) : Executing rule MDP.9ei
2023-12-07 10:57:41 +0000: Memory Usage (3465164K) : Executing rule MDP.9eii
2023-12-07 10:57:46 +0000: Memory Usage (3465164K) : Executing rule MDP.9f
2023-12-07 10:57:50 +0000: Memory Usage (3465164K) : Executing rule MDP.10
2023-12-07 10:57:50 +0000: Memory Usage (3465164K) : CONNECTIVITY_RULES section
2023-12-07 10:57:50 +0000: Memory Usage (3465164K) : Executing rule MDP.10a
2023-12-07 10:57:50 +0000: Memory Usage (3465164K) : Executing rule MDP.10b
2023-12-07 10:57:50 +0000: Memory Usage (3465164K) : Executing rule MDP.11
2023-12-07 10:57:51 +0000: Memory Usage (3465164K) : Executing rule MDP.12
2023-12-07 10:57:55 +0000: Memory Usage (3465164K) : Executing rule MDP.13a
2023-12-07 10:57:59 +0000: Memory Usage (3465164K) : Executing rule MDP.13b
2023-12-07 10:57:59 +0000: Memory Usage (3465164K) : Executing rule MDP.13c
2023-12-07 10:58:00 +0000: Memory Usage (3465164K) : Executing rule MDP.15
2023-12-07 10:58:00 +0000: Memory Usage (3465164K) : Executing rule MDP.16a
2023-12-07 10:58:00 +0000: Memory Usage (3465164K) : Executing rule MDP.16b
2023-12-07 10:58:00 +0000: Memory Usage (3465164K) : Executing rule MDP.17a
2023-12-07 10:58:02 +0000: Memory Usage (3465164K) : Executing rule MDP.17c
2023-12-07 10:58:02 +0000: Memory Usage (3465164K) : MIM Capacitor Option B section
2023-12-07 10:58:02 +0000: Memory Usage (3465164K) : Executing rule MIMTM.1
2023-12-07 10:58:02 +0000: Memory Usage (3465164K) : Executing rule MIMTM.2
2023-12-07 10:58:02 +0000: Memory Usage (3465164K) : Executing rule MIMTM.3
2023-12-07 10:58:02 +0000: Memory Usage (3465164K) : Executing rule MIMTM.4
2023-12-07 10:58:02 +0000: Memory Usage (3465164K) : Executing rule MIMTM.5
2023-12-07 10:58:03 +0000: Memory Usage (3465164K) : Executing rule MIMTM.6
2023-12-07 10:58:03 +0000: Memory Usage (3465164K) : Executing rule MIMTM.7
2023-12-07 10:58:03 +0000: Memory Usage (3465164K) : Executing rule MIMTM.8a
2023-12-07 10:58:03 +0000: Memory Usage (3465164K) : Executing rule MIMTM.8b
2023-12-07 10:58:03 +0000: Memory Usage (3465164K) : Executing rule MIMTM.9
2023-12-07 10:58:03 +0000: Memory Usage (3465164K) : Executing rule MIMTM.10
2023-12-07 10:58:03 +0000: Memory Usage (3465164K) : Executing rule MIMTM.11
2023-12-07 10:58:03 +0000: Memory Usage (3465164K) : Executing rule BJT.1
2023-12-07 10:58:05 +0000: Memory Usage (3465164K) : Executing rule BJT.2
2023-12-07 10:58:09 +0000: Memory Usage (3465164K) : Executing rule BJT.3
2023-12-07 10:58:09 +0000: Memory Usage (3465164K) : Starting POLY2 derivations
2023-12-07 10:58:18 +0000: Memory Usage (3465164K) : Executing rule PL.1_LV
2023-12-07 10:58:18 +0000: Memory Usage (3465164K) : Executing rule PL.1_MV
2023-12-07 10:58:18 +0000: Memory Usage (3465164K) : Executing rule PL.1a_LV
2023-12-07 10:58:18 +0000: Memory Usage (3465164K) : Executing rule PL.1a_MV
2023-12-07 10:58:18 +0000: Memory Usage (3465164K) : Executing rule PL.2_LV
2023-12-07 10:58:19 +0000: Memory Usage (3465164K) : Executing rule PL.2_MV
2023-12-07 10:58:27 +0000: Memory Usage (3465164K) : Executing rule PL.3a
2023-12-07 10:58:30 +0000: Memory Usage (3465164K) : Executing rule PL.4_LV
2023-12-07 10:58:31 +0000: Memory Usage (3465164K) : Executing rule PL.4_MV
2023-12-07 10:58:33 +0000: Memory Usage (3465164K) : Executing rule PL.5a_LV
2023-12-07 10:58:33 +0000: Memory Usage (3465164K) : Executing rule PL.5a_MV
2023-12-07 10:58:34 +0000: Memory Usage (3465164K) : Executing rule PL.5b_LV
2023-12-07 10:58:34 +0000: Memory Usage (3465164K) : Executing rule PL.5b_MV
2023-12-07 10:58:36 +0000: Memory Usage (3465164K) : Executing rule PL.6
2023-12-07 10:58:40 +0000: Memory Usage (3465164K) : Executing rule PL.7_LV
2023-12-07 10:58:40 +0000: Memory Usage (3465164K) : Executing rule PL.7_MV
2023-12-07 10:58:46 +0000: Memory Usage (3465164K) : Executing rule PL.9
2023-12-07 10:58:51 +0000: Memory Usage (3465164K) : Executing rule PL.11
2023-12-07 10:58:56 +0000: Memory Usage (3465164K) : Executing rule PL.12
2023-12-07 10:59:00 +0000: Memory Usage (3465164K) :  DRC Total Run time 1003.084544285 seconds
