BEGIN: Thu 07 Dec 2023 11:37:02 AM UTC
Netgen 1.5.254 compiled on Sat Nov  4 21:03:31 UTC 2023
Warning: netgen command 'format' use fully-qualified name '::netgen::format'
Warning: netgen command 'global' use fully-qualified name '::netgen::global'
Reading netlist file /home/shahid/Desktop/test123/caravel_user_project/precheck_results/07_DEC_2023___10_41_00/tmp/ext/user_project_wrapper.gds.nowell.spice
Call to undefined subcircuit nfet_06v0
Creating placeholder cell definition.
Call to undefined subcircuit pfet_06v0
Creating placeholder cell definition.
Reading netlist file /home/shahid/Desktop/test123/caravel_user_project/precheck_results/07_DEC_2023___10_41_00/tmp/nowell.ext/user_project_wrapper.gds.nowell.spice
Call to undefined subcircuit nfet_06v0
Creating placeholder cell definition.
Call to undefined subcircuit pfet_06v0
Creating placeholder cell definition.

Reading setup file /home/shahid/Desktop/test123/pdk/gf180mcuD/libs.tech/netgen/gf180mcuD_setup.tcl

Model nfet_06v0 pin 1 == 3
No property par1 found for device nfet_06v0
No property NRD found for device nfet_06v0
No property NRS found for device nfet_06v0
No property par found for device nfet_06v0
No property sa found for device nfet_06v0
No property sb found for device nfet_06v0
No property sd found for device nfet_06v0
No property par found for device nfet_06v0
No property dtemp found for device nfet_06v0
No property nf found for device nfet_06v0
Model nfet_06v0 pin 1 == 3
No property par1 found for device nfet_06v0
No property NRD found for device nfet_06v0
No property NRS found for device nfet_06v0
No property par found for device nfet_06v0
No property sa found for device nfet_06v0
No property sb found for device nfet_06v0
No property sd found for device nfet_06v0
No property par found for device nfet_06v0
No property dtemp found for device nfet_06v0
No property nf found for device nfet_06v0
Model pfet_06v0 pin 1 == 3
No property par1 found for device pfet_06v0
No property NRD found for device pfet_06v0
No property NRS found for device pfet_06v0
No property par found for device pfet_06v0
No property sa found for device pfet_06v0
No property sb found for device pfet_06v0
No property sd found for device pfet_06v0
No property par found for device pfet_06v0
No property dtemp found for device pfet_06v0
No property nf found for device pfet_06v0
Model pfet_06v0 pin 1 == 3
No property par1 found for device pfet_06v0
No property NRD found for device pfet_06v0
No property NRS found for device pfet_06v0
No property par found for device pfet_06v0
No property sa found for device pfet_06v0
No property sb found for device pfet_06v0
No property sd found for device pfet_06v0
No property par found for device pfet_06v0
No property dtemp found for device pfet_06v0
No property nf found for device pfet_06v0
Comparison output logged to file /home/shahid/Desktop/test123/caravel_user_project/precheck_results/07_DEC_2023___10_41_00/tmp/soft.report
Logging to file "/home/shahid/Desktop/test123/caravel_user_project/precheck_results/07_DEC_2023___10_41_00/tmp/soft.report" enabled
Circuit nfet_06v0 contains no devices.
Circuit pfet_06v0 contains no devices.

Contents of circuit 1:  Circuit: 'gf180mcu_fd_sc_mcu7t5v0__dffrnq_1'
Circuit gf180mcu_fd_sc_mcu7t5v0__dffrnq_1 contains 28 device instances.
  Class: pfet_06v0             instances:  14
  Class: nfet_06v0             instances:  14
Circuit contains 18 nets.
Contents of circuit 2:  Circuit: 'gf180mcu_fd_sc_mcu7t5v0__dffrnq_1'
Circuit gf180mcu_fd_sc_mcu7t5v0__dffrnq_1 contains 28 device instances.
  Class: pfet_06v0             instances:  14
  Class: nfet_06v0             instances:  14
Circuit contains 18 nets.

Circuit 1 contains 28 devices, Circuit 2 contains 28 devices.
Circuit 1 contains 18 nets,    Circuit 2 contains 18 nets.


Contents of circuit 1:  Circuit: 'gf180mcu_fd_sc_mcu7t5v0__fillcap_4'
Circuit gf180mcu_fd_sc_mcu7t5v0__fillcap_4 contains 2 device instances.
  Class: pfet_06v0             instances:   1
  Class: nfet_06v0             instances:   1
Circuit contains 4 nets.
Contents of circuit 2:  Circuit: 'gf180mcu_fd_sc_mcu7t5v0__fillcap_4'
Circuit gf180mcu_fd_sc_mcu7t5v0__fillcap_4 contains 2 device instances.
  Class: pfet_06v0             instances:   1
  Class: nfet_06v0             instances:   1
Circuit contains 4 nets.

Circuit 1 contains 2 devices, Circuit 2 contains 2 devices.
Circuit 1 contains 4 nets,    Circuit 2 contains 4 nets.


Contents of circuit 1:  Circuit: 'gf180mcu_fd_sc_mcu7t5v0__aoi22_4'
Circuit gf180mcu_fd_sc_mcu7t5v0__aoi22_4 contains 20 device instances.
  Class: pfet_06v0             instances:   4
  Class: nfet_06v0             instances:  16
Circuit contains 16 nets.
Contents of circuit 2:  Circuit: 'gf180mcu_fd_sc_mcu7t5v0__aoi22_4'
Circuit gf180mcu_fd_sc_mcu7t5v0__aoi22_4 contains 20 device instances.
  Class: pfet_06v0             instances:   4
  Class: nfet_06v0             instances:  16
Circuit contains 16 nets.

Circuit 1 contains 20 devices, Circuit 2 contains 20 devices.
Circuit 1 contains 16 nets,    Circuit 2 contains 16 nets.


Contents of circuit 1:  Circuit: 'gf180mcu_fd_sc_mcu7t5v0__fillcap_8'
Circuit gf180mcu_fd_sc_mcu7t5v0__fillcap_8 contains 4 device instances.
  Class: pfet_06v0             instances:   2
  Class: nfet_06v0             instances:   2
Circuit contains 6 nets.
Contents of circuit 2:  Circuit: 'gf180mcu_fd_sc_mcu7t5v0__fillcap_8'
Circuit gf180mcu_fd_sc_mcu7t5v0__fillcap_8 contains 4 device instances.
  Class: pfet_06v0             instances:   2
  Class: nfet_06v0             instances:   2
Circuit contains 6 nets.

Circuit 1 contains 4 devices, Circuit 2 contains 4 devices.
Circuit 1 contains 6 nets,    Circuit 2 contains 6 nets.


Contents of circuit 1:  Circuit: 'gf180mcu_fd_sc_mcu7t5v0__xnor2_1'
Circuit gf180mcu_fd_sc_mcu7t5v0__xnor2_1 contains 10 device instances.
  Class: pfet_06v0             instances:   5
  Class: nfet_06v0             instances:   5
Circuit contains 9 nets.
Contents of circuit 2:  Circuit: 'gf180mcu_fd_sc_mcu7t5v0__xnor2_1'
Circuit gf180mcu_fd_sc_mcu7t5v0__xnor2_1 contains 10 device instances.
  Class: pfet_06v0             instances:   5
  Class: nfet_06v0             instances:   5
Circuit contains 9 nets.

Circuit 1 contains 10 devices, Circuit 2 contains 10 devices.
Circuit 1 contains 9 nets,    Circuit 2 contains 9 nets.


Contents of circuit 1:  Circuit: 'gf180mcu_fd_sc_mcu7t5v0__fillcap_16'
Circuit gf180mcu_fd_sc_mcu7t5v0__fillcap_16 contains 8 device instances.
  Class: pfet_06v0             instances:   4
  Class: nfet_06v0             instances:   4
Circuit contains 10 nets.
Contents of circuit 2:  Circuit: 'gf180mcu_fd_sc_mcu7t5v0__fillcap_16'
Circuit gf180mcu_fd_sc_mcu7t5v0__fillcap_16 contains 8 device instances.
  Class: pfet_06v0             instances:   4
  Class: nfet_06v0             instances:   4
Circuit contains 10 nets.

Circuit 1 contains 8 devices, Circuit 2 contains 8 devices.
Circuit 1 contains 10 nets,    Circuit 2 contains 10 nets.


Contents of circuit 1:  Circuit: 'gf180mcu_fd_sc_mcu7t5v0__mux2_2'
Circuit gf180mcu_fd_sc_mcu7t5v0__mux2_2 contains 12 device instances.
  Class: pfet_06v0             instances:   6
  Class: nfet_06v0             instances:   6
Circuit contains 12 nets.
Contents of circuit 2:  Circuit: 'gf180mcu_fd_sc_mcu7t5v0__mux2_2'
Circuit gf180mcu_fd_sc_mcu7t5v0__mux2_2 contains 12 device instances.
  Class: pfet_06v0             instances:   6
  Class: nfet_06v0             instances:   6
Circuit contains 12 nets.

Circuit 1 contains 12 devices, Circuit 2 contains 12 devices.
Circuit 1 contains 12 nets,    Circuit 2 contains 12 nets.


Contents of circuit 1:  Circuit: 'gf180mcu_fd_sc_mcu7t5v0__nand2_1'
Circuit gf180mcu_fd_sc_mcu7t5v0__nand2_1 contains 4 device instances.
  Class: pfet_06v0             instances:   2
  Class: nfet_06v0             instances:   2
Circuit contains 6 nets.
Contents of circuit 2:  Circuit: 'gf180mcu_fd_sc_mcu7t5v0__nand2_1'
Circuit gf180mcu_fd_sc_mcu7t5v0__nand2_1 contains 4 device instances.
  Class: pfet_06v0             instances:   2
  Class: nfet_06v0             instances:   2
Circuit contains 6 nets.

Circuit 1 contains 4 devices, Circuit 2 contains 4 devices.
Circuit 1 contains 6 nets,    Circuit 2 contains 6 nets.


Contents of circuit 1:  Circuit: 'gf180mcu_fd_sc_mcu7t5v0__aoi22_1'
Circuit gf180mcu_fd_sc_mcu7t5v0__aoi22_1 contains 8 device instances.
  Class: pfet_06v0             instances:   4
  Class: nfet_06v0             instances:   4
Circuit contains 10 nets.
Contents of circuit 2:  Circuit: 'gf180mcu_fd_sc_mcu7t5v0__aoi22_1'
Circuit gf180mcu_fd_sc_mcu7t5v0__aoi22_1 contains 8 device instances.
  Class: pfet_06v0             instances:   4
  Class: nfet_06v0             instances:   4
Circuit contains 10 nets.

Circuit 1 contains 8 devices, Circuit 2 contains 8 devices.
Circuit 1 contains 10 nets,    Circuit 2 contains 10 nets.


Contents of circuit 1:  Circuit: 'gf180mcu_fd_sc_mcu7t5v0__nor2_1'
Circuit gf180mcu_fd_sc_mcu7t5v0__nor2_1 contains 4 device instances.
  Class: pfet_06v0             instances:   2
  Class: nfet_06v0             instances:   2
Circuit contains 6 nets.
Contents of circuit 2:  Circuit: 'gf180mcu_fd_sc_mcu7t5v0__nor2_1'
Circuit gf180mcu_fd_sc_mcu7t5v0__nor2_1 contains 4 device instances.
  Class: pfet_06v0             instances:   2
  Class: nfet_06v0             instances:   2
Circuit contains 6 nets.

Circuit 1 contains 4 devices, Circuit 2 contains 4 devices.
Circuit 1 contains 6 nets,    Circuit 2 contains 6 nets.


Contents of circuit 1:  Circuit: 'gf180mcu_fd_sc_mcu7t5v0__and2_1'
Circuit gf180mcu_fd_sc_mcu7t5v0__and2_1 contains 6 device instances.
  Class: pfet_06v0             instances:   3
  Class: nfet_06v0             instances:   3
Circuit contains 7 nets.
Contents of circuit 2:  Circuit: 'gf180mcu_fd_sc_mcu7t5v0__and2_1'
Circuit gf180mcu_fd_sc_mcu7t5v0__and2_1 contains 6 device instances.
  Class: pfet_06v0             instances:   3
  Class: nfet_06v0             instances:   3
Circuit contains 7 nets.

Circuit 1 contains 6 devices, Circuit 2 contains 6 devices.
Circuit 1 contains 7 nets,    Circuit 2 contains 7 nets.


Contents of circuit 1:  Circuit: 'gf180mcu_fd_sc_mcu7t5v0__clkinv_1'
Circuit gf180mcu_fd_sc_mcu7t5v0__clkinv_1 contains 2 device instances.
  Class: pfet_06v0             instances:   1
  Class: nfet_06v0             instances:   1
Circuit contains 4 nets.
Contents of circuit 2:  Circuit: 'gf180mcu_fd_sc_mcu7t5v0__clkinv_1'
Circuit gf180mcu_fd_sc_mcu7t5v0__clkinv_1 contains 2 device instances.
  Class: pfet_06v0             instances:   1
  Class: nfet_06v0             instances:   1
Circuit contains 4 nets.

Circuit 1 contains 2 devices, Circuit 2 contains 2 devices.
Circuit 1 contains 4 nets,    Circuit 2 contains 4 nets.


Contents of circuit 1:  Circuit: 'gf180mcu_fd_sc_mcu7t5v0__fillcap_64'
Circuit gf180mcu_fd_sc_mcu7t5v0__fillcap_64 contains 32 device instances.
  Class: pfet_06v0             instances:  16
  Class: nfet_06v0             instances:  16
Circuit contains 34 nets.
Contents of circuit 2:  Circuit: 'gf180mcu_fd_sc_mcu7t5v0__fillcap_64'
Circuit gf180mcu_fd_sc_mcu7t5v0__fillcap_64 contains 32 device instances.
  Class: pfet_06v0             instances:  16
  Class: nfet_06v0             instances:  16
Circuit contains 34 nets.

Circuit 1 contains 32 devices, Circuit 2 contains 32 devices.
Circuit 1 contains 34 nets,    Circuit 2 contains 34 nets.


Contents of circuit 1:  Circuit: 'gf180mcu_fd_sc_mcu7t5v0__buf_1'
Circuit gf180mcu_fd_sc_mcu7t5v0__buf_1 contains 4 device instances.
  Class: pfet_06v0             instances:   2
  Class: nfet_06v0             instances:   2
Circuit contains 5 nets.
Contents of circuit 2:  Circuit: 'gf180mcu_fd_sc_mcu7t5v0__buf_1'
Circuit gf180mcu_fd_sc_mcu7t5v0__buf_1 contains 4 device instances.
  Class: pfet_06v0             instances:   2
  Class: nfet_06v0             instances:   2
Circuit contains 5 nets.

Circuit 1 contains 4 devices, Circuit 2 contains 4 devices.
Circuit 1 contains 5 nets,    Circuit 2 contains 5 nets.


Contents of circuit 1:  Circuit: 'gf180mcu_fd_sc_mcu7t5v0__clkbuf_2'
Circuit gf180mcu_fd_sc_mcu7t5v0__clkbuf_2 contains 4 device instances.
  Class: pfet_06v0             instances:   2
  Class: nfet_06v0             instances:   2
Circuit contains 5 nets.
Contents of circuit 2:  Circuit: 'gf180mcu_fd_sc_mcu7t5v0__clkbuf_2'
Circuit gf180mcu_fd_sc_mcu7t5v0__clkbuf_2 contains 4 device instances.
  Class: pfet_06v0             instances:   2
  Class: nfet_06v0             instances:   2
Circuit contains 5 nets.

Circuit 1 contains 4 devices, Circuit 2 contains 4 devices.
Circuit 1 contains 5 nets,    Circuit 2 contains 5 nets.


Contents of circuit 1:  Circuit: 'gf180mcu_fd_sc_mcu7t5v0__and3_1'
Circuit gf180mcu_fd_sc_mcu7t5v0__and3_1 contains 8 device instances.
  Class: pfet_06v0             instances:   4
  Class: nfet_06v0             instances:   4
Circuit contains 9 nets.
Contents of circuit 2:  Circuit: 'gf180mcu_fd_sc_mcu7t5v0__and3_1'
Circuit gf180mcu_fd_sc_mcu7t5v0__and3_1 contains 8 device instances.
  Class: pfet_06v0             instances:   4
  Class: nfet_06v0             instances:   4
Circuit contains 9 nets.

Circuit 1 contains 8 devices, Circuit 2 contains 8 devices.
Circuit 1 contains 9 nets,    Circuit 2 contains 9 nets.


Contents of circuit 1:  Circuit: 'gf180mcu_fd_sc_mcu7t5v0__fillcap_32'
Circuit gf180mcu_fd_sc_mcu7t5v0__fillcap_32 contains 16 device instances.
  Class: pfet_06v0             instances:   8
  Class: nfet_06v0             instances:   8
Circuit contains 18 nets.
Contents of circuit 2:  Circuit: 'gf180mcu_fd_sc_mcu7t5v0__fillcap_32'
Circuit gf180mcu_fd_sc_mcu7t5v0__fillcap_32 contains 16 device instances.
  Class: pfet_06v0             instances:   8
  Class: nfet_06v0             instances:   8
Circuit contains 18 nets.

Circuit 1 contains 16 devices, Circuit 2 contains 16 devices.
Circuit 1 contains 18 nets,    Circuit 2 contains 18 nets.


Contents of circuit 1:  Circuit: 'gf180mcu_fd_sc_mcu7t5v0__or3_2'
Circuit gf180mcu_fd_sc_mcu7t5v0__or3_2 contains 8 device instances.
  Class: pfet_06v0             instances:   4
  Class: nfet_06v0             instances:   4
Circuit contains 9 nets.
Contents of circuit 2:  Circuit: 'gf180mcu_fd_sc_mcu7t5v0__or3_2'
Circuit gf180mcu_fd_sc_mcu7t5v0__or3_2 contains 8 device instances.
  Class: pfet_06v0             instances:   4
  Class: nfet_06v0             instances:   4
Circuit contains 9 nets.

Circuit 1 contains 8 devices, Circuit 2 contains 8 devices.
Circuit 1 contains 9 nets,    Circuit 2 contains 9 nets.


Contents of circuit 1:  Circuit: 'gf180mcu_fd_sc_mcu7t5v0__xor2_1'
Circuit gf180mcu_fd_sc_mcu7t5v0__xor2_1 contains 10 device instances.
  Class: pfet_06v0             instances:   5
  Class: nfet_06v0             instances:   5
Circuit contains 9 nets.
Contents of circuit 2:  Circuit: 'gf180mcu_fd_sc_mcu7t5v0__xor2_1'
Circuit gf180mcu_fd_sc_mcu7t5v0__xor2_1 contains 10 device instances.
  Class: pfet_06v0             instances:   5
  Class: nfet_06v0             instances:   5
Circuit contains 9 nets.

Circuit 1 contains 10 devices, Circuit 2 contains 10 devices.
Circuit 1 contains 9 nets,    Circuit 2 contains 9 nets.


Contents of circuit 1:  Circuit: 'gf180mcu_fd_sc_mcu7t5v0__buf_2'
Circuit gf180mcu_fd_sc_mcu7t5v0__buf_2 contains 4 device instances.
  Class: pfet_06v0             instances:   2
  Class: nfet_06v0             instances:   2
Circuit contains 5 nets.
Contents of circuit 2:  Circuit: 'gf180mcu_fd_sc_mcu7t5v0__buf_2'
Circuit gf180mcu_fd_sc_mcu7t5v0__buf_2 contains 4 device instances.
  Class: pfet_06v0             instances:   2
  Class: nfet_06v0             instances:   2
Circuit contains 5 nets.

Circuit 1 contains 4 devices, Circuit 2 contains 4 devices.
Circuit 1 contains 5 nets,    Circuit 2 contains 5 nets.


Contents of circuit 1:  Circuit: 'gf180mcu_fd_sc_mcu7t5v0__aoi21_2'
Circuit gf180mcu_fd_sc_mcu7t5v0__aoi21_2 contains 8 device instances.
  Class: pfet_06v0             instances:   3
  Class: nfet_06v0             instances:   5
Circuit contains 9 nets.
Contents of circuit 2:  Circuit: 'gf180mcu_fd_sc_mcu7t5v0__aoi21_2'
Circuit gf180mcu_fd_sc_mcu7t5v0__aoi21_2 contains 8 device instances.
  Class: pfet_06v0             instances:   3
  Class: nfet_06v0             instances:   5
Circuit contains 9 nets.

Circuit 1 contains 8 devices, Circuit 2 contains 8 devices.
Circuit 1 contains 9 nets,    Circuit 2 contains 9 nets.


Contents of circuit 1:  Circuit: 'gf180mcu_fd_sc_mcu7t5v0__oai22_1'
Circuit gf180mcu_fd_sc_mcu7t5v0__oai22_1 contains 8 device instances.
  Class: pfet_06v0             instances:   4
  Class: nfet_06v0             instances:   4
Circuit contains 10 nets.
Contents of circuit 2:  Circuit: 'gf180mcu_fd_sc_mcu7t5v0__oai22_1'
Circuit gf180mcu_fd_sc_mcu7t5v0__oai22_1 contains 8 device instances.
  Class: pfet_06v0             instances:   4
  Class: nfet_06v0             instances:   4
Circuit contains 10 nets.

Circuit 1 contains 8 devices, Circuit 2 contains 8 devices.
Circuit 1 contains 10 nets,    Circuit 2 contains 10 nets.


Contents of circuit 1:  Circuit: 'gf180mcu_fd_sc_mcu7t5v0__clkbuf_1'
Circuit gf180mcu_fd_sc_mcu7t5v0__clkbuf_1 contains 4 device instances.
  Class: pfet_06v0             instances:   2
  Class: nfet_06v0             instances:   2
Circuit contains 5 nets.
Contents of circuit 2:  Circuit: 'gf180mcu_fd_sc_mcu7t5v0__clkbuf_1'
Circuit gf180mcu_fd_sc_mcu7t5v0__clkbuf_1 contains 4 device instances.
  Class: pfet_06v0             instances:   2
  Class: nfet_06v0             instances:   2
Circuit contains 5 nets.

Circuit 1 contains 4 devices, Circuit 2 contains 4 devices.
Circuit 1 contains 5 nets,    Circuit 2 contains 5 nets.


Contents of circuit 1:  Circuit: 'gf180mcu_fd_sc_mcu7t5v0__aoi221_4'
Circuit gf180mcu_fd_sc_mcu7t5v0__aoi221_4 contains 22 device instances.
  Class: pfet_06v0             instances:   5
  Class: nfet_06v0             instances:  17
Circuit contains 18 nets.
Contents of circuit 2:  Circuit: 'gf180mcu_fd_sc_mcu7t5v0__aoi221_4'
Circuit gf180mcu_fd_sc_mcu7t5v0__aoi221_4 contains 22 device instances.
  Class: pfet_06v0             instances:   5
  Class: nfet_06v0             instances:  17
Circuit contains 18 nets.

Circuit 1 contains 22 devices, Circuit 2 contains 22 devices.
Circuit 1 contains 18 nets,    Circuit 2 contains 18 nets.


Contents of circuit 1:  Circuit: 'gf180mcu_fd_sc_mcu7t5v0__or2_1'
Circuit gf180mcu_fd_sc_mcu7t5v0__or2_1 contains 6 device instances.
  Class: pfet_06v0             instances:   3
  Class: nfet_06v0             instances:   3
Circuit contains 7 nets.
Contents of circuit 2:  Circuit: 'gf180mcu_fd_sc_mcu7t5v0__or2_1'
Circuit gf180mcu_fd_sc_mcu7t5v0__or2_1 contains 6 device instances.
  Class: pfet_06v0             instances:   3
  Class: nfet_06v0             instances:   3
Circuit contains 7 nets.

Circuit 1 contains 6 devices, Circuit 2 contains 6 devices.
Circuit 1 contains 7 nets,    Circuit 2 contains 7 nets.


Contents of circuit 1:  Circuit: 'gf180mcu_fd_sc_mcu7t5v0__oai21_1'
Circuit gf180mcu_fd_sc_mcu7t5v0__oai21_1 contains 6 device instances.
  Class: pfet_06v0             instances:   3
  Class: nfet_06v0             instances:   3
Circuit contains 8 nets.
Contents of circuit 2:  Circuit: 'gf180mcu_fd_sc_mcu7t5v0__oai21_1'
Circuit gf180mcu_fd_sc_mcu7t5v0__oai21_1 contains 6 device instances.
  Class: pfet_06v0             instances:   3
  Class: nfet_06v0             instances:   3
Circuit contains 8 nets.

Circuit 1 contains 6 devices, Circuit 2 contains 6 devices.
Circuit 1 contains 8 nets,    Circuit 2 contains 8 nets.


Contents of circuit 1:  Circuit: 'gf180mcu_fd_sc_mcu7t5v0__clkbuf_16'
Circuit gf180mcu_fd_sc_mcu7t5v0__clkbuf_16 contains 4 device instances.
  Class: pfet_06v0             instances:   2
  Class: nfet_06v0             instances:   2
Circuit contains 5 nets.
Contents of circuit 2:  Circuit: 'gf180mcu_fd_sc_mcu7t5v0__clkbuf_16'
Circuit gf180mcu_fd_sc_mcu7t5v0__clkbuf_16 contains 4 device instances.
  Class: pfet_06v0             instances:   2
  Class: nfet_06v0             instances:   2
Circuit contains 5 nets.

Circuit 1 contains 4 devices, Circuit 2 contains 4 devices.
Circuit 1 contains 5 nets,    Circuit 2 contains 5 nets.


Contents of circuit 1:  Circuit: 'gf180mcu_fd_sc_mcu7t5v0__inv_1'
Circuit gf180mcu_fd_sc_mcu7t5v0__inv_1 contains 2 device instances.
  Class: pfet_06v0             instances:   1
  Class: nfet_06v0             instances:   1
Circuit contains 4 nets.
Contents of circuit 2:  Circuit: 'gf180mcu_fd_sc_mcu7t5v0__inv_1'
Circuit gf180mcu_fd_sc_mcu7t5v0__inv_1 contains 2 device instances.
  Class: pfet_06v0             instances:   1
  Class: nfet_06v0             instances:   1
Circuit contains 4 nets.

Circuit 1 contains 2 devices, Circuit 2 contains 2 devices.
Circuit 1 contains 4 nets,    Circuit 2 contains 4 nets.


Contents of circuit 1:  Circuit: 'gf180mcu_fd_sc_mcu7t5v0__nor2_2'
Circuit gf180mcu_fd_sc_mcu7t5v0__nor2_2 contains 6 device instances.
  Class: pfet_06v0             instances:   4
  Class: nfet_06v0             instances:   2
Circuit contains 7 nets.
Contents of circuit 2:  Circuit: 'gf180mcu_fd_sc_mcu7t5v0__nor2_2'
Circuit gf180mcu_fd_sc_mcu7t5v0__nor2_2 contains 6 device instances.
  Class: pfet_06v0             instances:   4
  Class: nfet_06v0             instances:   2
Circuit contains 7 nets.

Circuit 1 contains 6 devices, Circuit 2 contains 6 devices.
Circuit 1 contains 7 nets,    Circuit 2 contains 7 nets.


Contents of circuit 1:  Circuit: 'gf180mcu_fd_sc_mcu7t5v0__nand4_1'
Circuit gf180mcu_fd_sc_mcu7t5v0__nand4_1 contains 8 device instances.
  Class: pfet_06v0             instances:   4
  Class: nfet_06v0             instances:   4
Circuit contains 10 nets.
Contents of circuit 2:  Circuit: 'gf180mcu_fd_sc_mcu7t5v0__nand4_1'
Circuit gf180mcu_fd_sc_mcu7t5v0__nand4_1 contains 8 device instances.
  Class: pfet_06v0             instances:   4
  Class: nfet_06v0             instances:   4
Circuit contains 10 nets.

Circuit 1 contains 8 devices, Circuit 2 contains 8 devices.
Circuit 1 contains 10 nets,    Circuit 2 contains 10 nets.


Contents of circuit 1:  Circuit: 'gf180mcu_fd_sc_mcu7t5v0__aoi21_1'
Circuit gf180mcu_fd_sc_mcu7t5v0__aoi21_1 contains 6 device instances.
  Class: pfet_06v0             instances:   3
  Class: nfet_06v0             instances:   3
Circuit contains 8 nets.
Contents of circuit 2:  Circuit: 'gf180mcu_fd_sc_mcu7t5v0__aoi21_1'
Circuit gf180mcu_fd_sc_mcu7t5v0__aoi21_1 contains 6 device instances.
  Class: pfet_06v0             instances:   3
  Class: nfet_06v0             instances:   3
Circuit contains 8 nets.

Circuit 1 contains 6 devices, Circuit 2 contains 6 devices.
Circuit 1 contains 8 nets,    Circuit 2 contains 8 nets.


Contents of circuit 1:  Circuit: 'gf180mcu_fd_sc_mcu7t5v0__oai21_2'
Circuit gf180mcu_fd_sc_mcu7t5v0__oai21_2 contains 8 device instances.
  Class: pfet_06v0             instances:   5
  Class: nfet_06v0             instances:   3
Circuit contains 9 nets.
Contents of circuit 2:  Circuit: 'gf180mcu_fd_sc_mcu7t5v0__oai21_2'
Circuit gf180mcu_fd_sc_mcu7t5v0__oai21_2 contains 8 device instances.
  Class: pfet_06v0             instances:   5
  Class: nfet_06v0             instances:   3
Circuit contains 9 nets.

Circuit 1 contains 8 devices, Circuit 2 contains 8 devices.
Circuit 1 contains 9 nets,    Circuit 2 contains 9 nets.


Contents of circuit 1:  Circuit: 'gf180mcu_fd_sc_mcu7t5v0__aoi22_2'
Circuit gf180mcu_fd_sc_mcu7t5v0__aoi22_2 contains 12 device instances.
  Class: pfet_06v0             instances:   4
  Class: nfet_06v0             instances:   8
Circuit contains 12 nets.
Contents of circuit 2:  Circuit: 'gf180mcu_fd_sc_mcu7t5v0__aoi22_2'
Circuit gf180mcu_fd_sc_mcu7t5v0__aoi22_2 contains 12 device instances.
  Class: pfet_06v0             instances:   4
  Class: nfet_06v0             instances:   8
Circuit contains 12 nets.

Circuit 1 contains 12 devices, Circuit 2 contains 12 devices.
Circuit 1 contains 12 nets,    Circuit 2 contains 12 nets.


Contents of circuit 1:  Circuit: 'gf180mcu_fd_sc_mcu7t5v0__nand3_1'
Circuit gf180mcu_fd_sc_mcu7t5v0__nand3_1 contains 6 device instances.
  Class: pfet_06v0             instances:   3
  Class: nfet_06v0             instances:   3
Circuit contains 8 nets.
Contents of circuit 2:  Circuit: 'gf180mcu_fd_sc_mcu7t5v0__nand3_1'
Circuit gf180mcu_fd_sc_mcu7t5v0__nand3_1 contains 6 device instances.
  Class: pfet_06v0             instances:   3
  Class: nfet_06v0             instances:   3
Circuit contains 8 nets.

Circuit 1 contains 6 devices, Circuit 2 contains 6 devices.
Circuit 1 contains 8 nets,    Circuit 2 contains 8 nets.


Contents of circuit 1:  Circuit: 'gf180mcu_fd_sc_mcu7t5v0__xnor3_1'
Circuit gf180mcu_fd_sc_mcu7t5v0__xnor3_1 contains 20 device instances.
  Class: pfet_06v0             instances:  10
  Class: nfet_06v0             instances:  10
Circuit contains 15 nets.
Contents of circuit 2:  Circuit: 'gf180mcu_fd_sc_mcu7t5v0__xnor3_1'
Circuit gf180mcu_fd_sc_mcu7t5v0__xnor3_1 contains 20 device instances.
  Class: pfet_06v0             instances:  10
  Class: nfet_06v0             instances:  10
Circuit contains 15 nets.

Circuit 1 contains 20 devices, Circuit 2 contains 20 devices.
Circuit 1 contains 15 nets,    Circuit 2 contains 15 nets.


Contents of circuit 1:  Circuit: 'gf180mcu_fd_sc_mcu7t5v0__xnor3_2'
Circuit gf180mcu_fd_sc_mcu7t5v0__xnor3_2 contains 22 device instances.
  Class: pfet_06v0             instances:  11
  Class: nfet_06v0             instances:  11
Circuit contains 16 nets.
Contents of circuit 2:  Circuit: 'gf180mcu_fd_sc_mcu7t5v0__xnor3_2'
Circuit gf180mcu_fd_sc_mcu7t5v0__xnor3_2 contains 22 device instances.
  Class: pfet_06v0             instances:  11
  Class: nfet_06v0             instances:  11
Circuit contains 16 nets.

Circuit 1 contains 22 devices, Circuit 2 contains 22 devices.
Circuit 1 contains 16 nets,    Circuit 2 contains 16 nets.


Contents of circuit 1:  Circuit: 'gf180mcu_fd_sc_mcu7t5v0__aoi221_2'
Circuit gf180mcu_fd_sc_mcu7t5v0__aoi221_2 contains 15 device instances.
  Class: pfet_06v0             instances:   5
  Class: nfet_06v0             instances:  10
Circuit contains 14 nets.
Contents of circuit 2:  Circuit: 'gf180mcu_fd_sc_mcu7t5v0__aoi221_2'
Circuit gf180mcu_fd_sc_mcu7t5v0__aoi221_2 contains 15 device instances.
  Class: pfet_06v0             instances:   5
  Class: nfet_06v0             instances:  10
Circuit contains 14 nets.

Circuit was modified by parallel/series device merging.
New circuit summary:

Contents of circuit 1:  Circuit: 'gf180mcu_fd_sc_mcu7t5v0__aoi221_2'
Circuit gf180mcu_fd_sc_mcu7t5v0__aoi221_2 contains 14 device instances.
  Class: pfet_06v0             instances:   5
  Class: nfet_06v0             instances:   9
Circuit contains 14 nets.
Contents of circuit 2:  Circuit: 'gf180mcu_fd_sc_mcu7t5v0__aoi221_2'
Circuit gf180mcu_fd_sc_mcu7t5v0__aoi221_2 contains 14 device instances.
  Class: pfet_06v0             instances:   5
  Class: nfet_06v0             instances:   9
Circuit contains 14 nets.

Circuit 1 contains 14 devices, Circuit 2 contains 14 devices.
Circuit 1 contains 14 nets,    Circuit 2 contains 14 nets.


Contents of circuit 1:  Circuit: 'gf180mcu_fd_sc_mcu7t5v0__and4_1'
Circuit gf180mcu_fd_sc_mcu7t5v0__and4_1 contains 10 device instances.
  Class: pfet_06v0             instances:   5
  Class: nfet_06v0             instances:   5
Circuit contains 11 nets.
Contents of circuit 2:  Circuit: 'gf180mcu_fd_sc_mcu7t5v0__and4_1'
Circuit gf180mcu_fd_sc_mcu7t5v0__and4_1 contains 10 device instances.
  Class: pfet_06v0             instances:   5
  Class: nfet_06v0             instances:   5
Circuit contains 11 nets.

Circuit 1 contains 10 devices, Circuit 2 contains 10 devices.
Circuit 1 contains 11 nets,    Circuit 2 contains 11 nets.


Contents of circuit 1:  Circuit: 'gf180mcu_fd_sc_mcu7t5v0__buf_3'
Circuit gf180mcu_fd_sc_mcu7t5v0__buf_3 contains 4 device instances.
  Class: pfet_06v0             instances:   2
  Class: nfet_06v0             instances:   2
Circuit contains 5 nets.
Contents of circuit 2:  Circuit: 'gf180mcu_fd_sc_mcu7t5v0__buf_3'
Circuit gf180mcu_fd_sc_mcu7t5v0__buf_3 contains 4 device instances.
  Class: pfet_06v0             instances:   2
  Class: nfet_06v0             instances:   2
Circuit contains 5 nets.

Circuit 1 contains 4 devices, Circuit 2 contains 4 devices.
Circuit 1 contains 5 nets,    Circuit 2 contains 5 nets.


Contents of circuit 1:  Circuit: 'gf180mcu_fd_sc_mcu7t5v0__nand4_2'
Circuit gf180mcu_fd_sc_mcu7t5v0__nand4_2 contains 12 device instances.
  Class: pfet_06v0             instances:   4
  Class: nfet_06v0             instances:   8
Circuit contains 13 nets.
Contents of circuit 2:  Circuit: 'gf180mcu_fd_sc_mcu7t5v0__nand4_2'
Circuit gf180mcu_fd_sc_mcu7t5v0__nand4_2 contains 12 device instances.
  Class: pfet_06v0             instances:   4
  Class: nfet_06v0             instances:   8
Circuit contains 13 nets.

Circuit 1 contains 12 devices, Circuit 2 contains 12 devices.
Circuit 1 contains 13 nets,    Circuit 2 contains 13 nets.


Contents of circuit 1:  Circuit: 'gf180mcu_fd_sc_mcu7t5v0__oai22_2'
Circuit gf180mcu_fd_sc_mcu7t5v0__oai22_2 contains 12 device instances.
  Class: pfet_06v0             instances:   8
  Class: nfet_06v0             instances:   4
Circuit contains 12 nets.
Contents of circuit 2:  Circuit: 'gf180mcu_fd_sc_mcu7t5v0__oai22_2'
Circuit gf180mcu_fd_sc_mcu7t5v0__oai22_2 contains 12 device instances.
  Class: pfet_06v0             instances:   8
  Class: nfet_06v0             instances:   4
Circuit contains 12 nets.

Circuit 1 contains 12 devices, Circuit 2 contains 12 devices.
Circuit 1 contains 12 nets,    Circuit 2 contains 12 nets.


Contents of circuit 1:  Circuit: 'gf180mcu_fd_sc_mcu7t5v0__xor3_1'
Circuit gf180mcu_fd_sc_mcu7t5v0__xor3_1 contains 20 device instances.
  Class: pfet_06v0             instances:  10
  Class: nfet_06v0             instances:  10
Circuit contains 15 nets.
Contents of circuit 2:  Circuit: 'gf180mcu_fd_sc_mcu7t5v0__xor3_1'
Circuit gf180mcu_fd_sc_mcu7t5v0__xor3_1 contains 20 device instances.
  Class: pfet_06v0             instances:  10
  Class: nfet_06v0             instances:  10
Circuit contains 15 nets.

Circuit 1 contains 20 devices, Circuit 2 contains 20 devices.
Circuit 1 contains 15 nets,    Circuit 2 contains 15 nets.


Contents of circuit 1:  Circuit: 'gf180mcu_fd_sc_mcu7t5v0__clkbuf_8'
Circuit gf180mcu_fd_sc_mcu7t5v0__clkbuf_8 contains 4 device instances.
  Class: pfet_06v0             instances:   2
  Class: nfet_06v0             instances:   2
Circuit contains 5 nets.
Contents of circuit 2:  Circuit: 'gf180mcu_fd_sc_mcu7t5v0__clkbuf_8'
Circuit gf180mcu_fd_sc_mcu7t5v0__clkbuf_8 contains 4 device instances.
  Class: pfet_06v0             instances:   2
  Class: nfet_06v0             instances:   2
Circuit contains 5 nets.

Circuit 1 contains 4 devices, Circuit 2 contains 4 devices.
Circuit 1 contains 5 nets,    Circuit 2 contains 5 nets.


Contents of circuit 1:  Circuit: 'gf180mcu_fd_sc_mcu7t5v0__nand2_2'
Circuit gf180mcu_fd_sc_mcu7t5v0__nand2_2 contains 6 device instances.
  Class: pfet_06v0             instances:   2
  Class: nfet_06v0             instances:   4
Circuit contains 7 nets.
Contents of circuit 2:  Circuit: 'gf180mcu_fd_sc_mcu7t5v0__nand2_2'
Circuit gf180mcu_fd_sc_mcu7t5v0__nand2_2 contains 6 device instances.
  Class: pfet_06v0             instances:   2
  Class: nfet_06v0             instances:   4
Circuit contains 7 nets.

Circuit 1 contains 6 devices, Circuit 2 contains 6 devices.
Circuit 1 contains 7 nets,    Circuit 2 contains 7 nets.


Contents of circuit 1:  Circuit: 'gf180mcu_fd_sc_mcu7t5v0__oai31_2'
Circuit gf180mcu_fd_sc_mcu7t5v0__oai31_2 contains 11 device instances.
  Class: pfet_06v0             instances:   7
  Class: nfet_06v0             instances:   4
Circuit contains 12 nets.
Contents of circuit 2:  Circuit: 'gf180mcu_fd_sc_mcu7t5v0__oai31_2'
Circuit gf180mcu_fd_sc_mcu7t5v0__oai31_2 contains 11 device instances.
  Class: pfet_06v0             instances:   7
  Class: nfet_06v0             instances:   4
Circuit contains 12 nets.

Circuit 1 contains 11 devices, Circuit 2 contains 11 devices.
Circuit 1 contains 12 nets,    Circuit 2 contains 12 nets.


Contents of circuit 1:  Circuit: 'gf180mcu_fd_sc_mcu7t5v0__nor2_4'
Circuit gf180mcu_fd_sc_mcu7t5v0__nor2_4 contains 10 device instances.
  Class: pfet_06v0             instances:   8
  Class: nfet_06v0             instances:   2
Circuit contains 9 nets.
Contents of circuit 2:  Circuit: 'gf180mcu_fd_sc_mcu7t5v0__nor2_4'
Circuit gf180mcu_fd_sc_mcu7t5v0__nor2_4 contains 10 device instances.
  Class: pfet_06v0             instances:   8
  Class: nfet_06v0             instances:   2
Circuit contains 9 nets.

Circuit 1 contains 10 devices, Circuit 2 contains 10 devices.
Circuit 1 contains 9 nets,    Circuit 2 contains 9 nets.


Contents of circuit 1:  Circuit: 'gf180mcu_fd_sc_mcu7t5v0__nor3_2'
Circuit gf180mcu_fd_sc_mcu7t5v0__nor3_2 contains 9 device instances.
  Class: pfet_06v0             instances:   6
  Class: nfet_06v0             instances:   3
Circuit contains 10 nets.
Contents of circuit 2:  Circuit: 'gf180mcu_fd_sc_mcu7t5v0__nor3_2'
Circuit gf180mcu_fd_sc_mcu7t5v0__nor3_2 contains 9 device instances.
  Class: pfet_06v0             instances:   6
  Class: nfet_06v0             instances:   3
Circuit contains 10 nets.

Circuit 1 contains 9 devices, Circuit 2 contains 9 devices.
Circuit 1 contains 10 nets,    Circuit 2 contains 10 nets.


Contents of circuit 1:  Circuit: 'gf180mcu_fd_sc_mcu7t5v0__xor2_2'
Circuit gf180mcu_fd_sc_mcu7t5v0__xor2_2 contains 12 device instances.
  Class: pfet_06v0             instances:   6
  Class: nfet_06v0             instances:   6
Circuit contains 10 nets.
Contents of circuit 2:  Circuit: 'gf180mcu_fd_sc_mcu7t5v0__xor2_2'
Circuit gf180mcu_fd_sc_mcu7t5v0__xor2_2 contains 12 device instances.
  Class: pfet_06v0             instances:   6
  Class: nfet_06v0             instances:   6
Circuit contains 10 nets.

Circuit 1 contains 12 devices, Circuit 2 contains 12 devices.
Circuit 1 contains 10 nets,    Circuit 2 contains 10 nets.


Contents of circuit 1:  Circuit: 'gf180mcu_fd_sc_mcu7t5v0__oai211_1'
Circuit gf180mcu_fd_sc_mcu7t5v0__oai211_1 contains 8 device instances.
  Class: pfet_06v0             instances:   4
  Class: nfet_06v0             instances:   4
Circuit contains 10 nets.
Contents of circuit 2:  Circuit: 'gf180mcu_fd_sc_mcu7t5v0__oai211_1'
Circuit gf180mcu_fd_sc_mcu7t5v0__oai211_1 contains 8 device instances.
  Class: pfet_06v0             instances:   4
  Class: nfet_06v0             instances:   4
Circuit contains 10 nets.

Circuit 1 contains 8 devices, Circuit 2 contains 8 devices.
Circuit 1 contains 10 nets,    Circuit 2 contains 10 nets.


Contents of circuit 1:  Circuit: 'gf180mcu_fd_sc_mcu7t5v0__nor3_1'
Circuit gf180mcu_fd_sc_mcu7t5v0__nor3_1 contains 6 device instances.
  Class: pfet_06v0             instances:   3
  Class: nfet_06v0             instances:   3
Circuit contains 8 nets.
Contents of circuit 2:  Circuit: 'gf180mcu_fd_sc_mcu7t5v0__nor3_1'
Circuit gf180mcu_fd_sc_mcu7t5v0__nor3_1 contains 6 device instances.
  Class: pfet_06v0             instances:   3
  Class: nfet_06v0             instances:   3
Circuit contains 8 nets.

Circuit 1 contains 6 devices, Circuit 2 contains 6 devices.
Circuit 1 contains 8 nets,    Circuit 2 contains 8 nets.


Contents of circuit 1:  Circuit: 'gf180mcu_fd_sc_mcu7t5v0__aoi211_2'
Circuit gf180mcu_fd_sc_mcu7t5v0__aoi211_2 contains 12 device instances.
  Class: pfet_06v0             instances:   6
  Class: nfet_06v0             instances:   6
Circuit contains 12 nets.
Contents of circuit 2:  Circuit: 'gf180mcu_fd_sc_mcu7t5v0__aoi211_2'
Circuit gf180mcu_fd_sc_mcu7t5v0__aoi211_2 contains 12 device instances.
  Class: pfet_06v0             instances:   6
  Class: nfet_06v0             instances:   6
Circuit contains 12 nets.

Circuit 1 contains 12 devices, Circuit 2 contains 12 devices.
Circuit 1 contains 12 nets,    Circuit 2 contains 12 nets.


Contents of circuit 1:  Circuit: 'gf180mcu_fd_sc_mcu7t5v0__nor4_1'
Circuit gf180mcu_fd_sc_mcu7t5v0__nor4_1 contains 8 device instances.
  Class: pfet_06v0             instances:   4
  Class: nfet_06v0             instances:   4
Circuit contains 10 nets.
Contents of circuit 2:  Circuit: 'gf180mcu_fd_sc_mcu7t5v0__nor4_1'
Circuit gf180mcu_fd_sc_mcu7t5v0__nor4_1 contains 8 device instances.
  Class: pfet_06v0             instances:   4
  Class: nfet_06v0             instances:   4
Circuit contains 10 nets.

Circuit 1 contains 8 devices, Circuit 2 contains 8 devices.
Circuit 1 contains 10 nets,    Circuit 2 contains 10 nets.


Contents of circuit 1:  Circuit: 'gf180mcu_fd_sc_mcu7t5v0__or3_1'
Circuit gf180mcu_fd_sc_mcu7t5v0__or3_1 contains 8 device instances.
  Class: pfet_06v0             instances:   4
  Class: nfet_06v0             instances:   4
Circuit contains 9 nets.
Contents of circuit 2:  Circuit: 'gf180mcu_fd_sc_mcu7t5v0__or3_1'
Circuit gf180mcu_fd_sc_mcu7t5v0__or3_1 contains 8 device instances.
  Class: pfet_06v0             instances:   4
  Class: nfet_06v0             instances:   4
Circuit contains 9 nets.

Circuit 1 contains 8 devices, Circuit 2 contains 8 devices.
Circuit 1 contains 9 nets,    Circuit 2 contains 9 nets.


Contents of circuit 1:  Circuit: 'gf180mcu_fd_sc_mcu7t5v0__dffrnq_2'
Circuit gf180mcu_fd_sc_mcu7t5v0__dffrnq_2 contains 28 device instances.
  Class: pfet_06v0             instances:  14
  Class: nfet_06v0             instances:  14
Circuit contains 18 nets.
Contents of circuit 2:  Circuit: 'gf180mcu_fd_sc_mcu7t5v0__dffrnq_2'
Circuit gf180mcu_fd_sc_mcu7t5v0__dffrnq_2 contains 28 device instances.
  Class: pfet_06v0             instances:  14
  Class: nfet_06v0             instances:  14
Circuit contains 18 nets.

Circuit 1 contains 28 devices, Circuit 2 contains 28 devices.
Circuit 1 contains 18 nets,    Circuit 2 contains 18 nets.


Contents of circuit 1:  Circuit: 'gf180mcu_fd_sc_mcu7t5v0__oai32_2'
Circuit gf180mcu_fd_sc_mcu7t5v0__oai32_2 contains 15 device instances.
  Class: pfet_06v0             instances:  10
  Class: nfet_06v0             instances:   5
Circuit contains 15 nets.
Contents of circuit 2:  Circuit: 'gf180mcu_fd_sc_mcu7t5v0__oai32_2'
Circuit gf180mcu_fd_sc_mcu7t5v0__oai32_2 contains 15 device instances.
  Class: pfet_06v0             instances:  10
  Class: nfet_06v0             instances:   5
Circuit contains 15 nets.

Circuit 1 contains 15 devices, Circuit 2 contains 15 devices.
Circuit 1 contains 15 nets,    Circuit 2 contains 15 nets.


Contents of circuit 1:  Circuit: 'gf180mcu_fd_sc_mcu7t5v0__nand4_4'
Circuit gf180mcu_fd_sc_mcu7t5v0__nand4_4 contains 20 device instances.
  Class: pfet_06v0             instances:   4
  Class: nfet_06v0             instances:  16
Circuit contains 17 nets.
Contents of circuit 2:  Circuit: 'gf180mcu_fd_sc_mcu7t5v0__nand4_4'
Circuit gf180mcu_fd_sc_mcu7t5v0__nand4_4 contains 20 device instances.
  Class: pfet_06v0             instances:   4
  Class: nfet_06v0             instances:  16
Circuit contains 17 nets.

Circuit 1 contains 20 devices, Circuit 2 contains 20 devices.
Circuit 1 contains 17 nets,    Circuit 2 contains 17 nets.


Contents of circuit 1:  Circuit: 'gf180mcu_fd_sc_mcu7t5v0__oai211_4'
Circuit gf180mcu_fd_sc_mcu7t5v0__oai211_4 contains 20 device instances.
  Class: pfet_06v0             instances:  10
  Class: nfet_06v0             instances:  10
Circuit contains 16 nets.
Contents of circuit 2:  Circuit: 'gf180mcu_fd_sc_mcu7t5v0__oai211_4'
Circuit gf180mcu_fd_sc_mcu7t5v0__oai211_4 contains 20 device instances.
  Class: pfet_06v0             instances:  10
  Class: nfet_06v0             instances:  10
Circuit contains 16 nets.

Circuit 1 contains 20 devices, Circuit 2 contains 20 devices.
Circuit 1 contains 16 nets,    Circuit 2 contains 16 nets.


Contents of circuit 1:  Circuit: 'gf180mcu_fd_sc_mcu7t5v0__aoi211_1'
Circuit gf180mcu_fd_sc_mcu7t5v0__aoi211_1 contains 8 device instances.
  Class: pfet_06v0             instances:   4
  Class: nfet_06v0             instances:   4
Circuit contains 10 nets.
Contents of circuit 2:  Circuit: 'gf180mcu_fd_sc_mcu7t5v0__aoi211_1'
Circuit gf180mcu_fd_sc_mcu7t5v0__aoi211_1 contains 8 device instances.
  Class: pfet_06v0             instances:   4
  Class: nfet_06v0             instances:   4
Circuit contains 10 nets.

Circuit 1 contains 8 devices, Circuit 2 contains 8 devices.
Circuit 1 contains 10 nets,    Circuit 2 contains 10 nets.


Contents of circuit 1:  Circuit: 'gf180mcu_fd_sc_mcu7t5v0__aoi211_4'
Circuit gf180mcu_fd_sc_mcu7t5v0__aoi211_4 contains 20 device instances.
  Class: pfet_06v0             instances:  10
  Class: nfet_06v0             instances:  10
Circuit contains 16 nets.
Contents of circuit 2:  Circuit: 'gf180mcu_fd_sc_mcu7t5v0__aoi211_4'
Circuit gf180mcu_fd_sc_mcu7t5v0__aoi211_4 contains 20 device instances.
  Class: pfet_06v0             instances:  10
  Class: nfet_06v0             instances:  10
Circuit contains 16 nets.

Circuit 1 contains 20 devices, Circuit 2 contains 20 devices.
Circuit 1 contains 16 nets,    Circuit 2 contains 16 nets.


Contents of circuit 1:  Circuit: 'gf180mcu_fd_sc_mcu7t5v0__nand3_2'
Circuit gf180mcu_fd_sc_mcu7t5v0__nand3_2 contains 9 device instances.
  Class: pfet_06v0             instances:   3
  Class: nfet_06v0             instances:   6
Circuit contains 10 nets.
Contents of circuit 2:  Circuit: 'gf180mcu_fd_sc_mcu7t5v0__nand3_2'
Circuit gf180mcu_fd_sc_mcu7t5v0__nand3_2 contains 9 device instances.
  Class: pfet_06v0             instances:   3
  Class: nfet_06v0             instances:   6
Circuit contains 10 nets.

Circuit 1 contains 9 devices, Circuit 2 contains 9 devices.
Circuit 1 contains 10 nets,    Circuit 2 contains 10 nets.


Contents of circuit 1:  Circuit: 'gf180mcu_fd_sc_mcu7t5v0__and4_2'
Circuit gf180mcu_fd_sc_mcu7t5v0__and4_2 contains 10 device instances.
  Class: pfet_06v0             instances:   5
  Class: nfet_06v0             instances:   5
Circuit contains 11 nets.
Contents of circuit 2:  Circuit: 'gf180mcu_fd_sc_mcu7t5v0__and4_2'
Circuit gf180mcu_fd_sc_mcu7t5v0__and4_2 contains 10 device instances.
  Class: pfet_06v0             instances:   5
  Class: nfet_06v0             instances:   5
Circuit contains 11 nets.

Circuit 1 contains 10 devices, Circuit 2 contains 10 devices.
Circuit 1 contains 11 nets,    Circuit 2 contains 11 nets.


Contents of circuit 1:  Circuit: 'gf180mcu_fd_sc_mcu7t5v0__xnor2_2'
Circuit gf180mcu_fd_sc_mcu7t5v0__xnor2_2 contains 12 device instances.
  Class: pfet_06v0             instances:   6
  Class: nfet_06v0             instances:   6
Circuit contains 10 nets.
Contents of circuit 2:  Circuit: 'gf180mcu_fd_sc_mcu7t5v0__xnor2_2'
Circuit gf180mcu_fd_sc_mcu7t5v0__xnor2_2 contains 12 device instances.
  Class: pfet_06v0             instances:   6
  Class: nfet_06v0             instances:   6
Circuit contains 10 nets.

Circuit 1 contains 12 devices, Circuit 2 contains 12 devices.
Circuit 1 contains 10 nets,    Circuit 2 contains 10 nets.


Contents of circuit 1:  Circuit: 'gf180mcu_fd_sc_mcu7t5v0__dffrnq_4'
Circuit gf180mcu_fd_sc_mcu7t5v0__dffrnq_4 contains 28 device instances.
  Class: pfet_06v0             instances:  14
  Class: nfet_06v0             instances:  14
Circuit contains 18 nets.
Contents of circuit 2:  Circuit: 'gf180mcu_fd_sc_mcu7t5v0__dffrnq_4'
Circuit gf180mcu_fd_sc_mcu7t5v0__dffrnq_4 contains 28 device instances.
  Class: pfet_06v0             instances:  14
  Class: nfet_06v0             instances:  14
Circuit contains 18 nets.

Circuit 1 contains 28 devices, Circuit 2 contains 28 devices.
Circuit 1 contains 18 nets,    Circuit 2 contains 18 nets.


Contents of circuit 1:  Circuit: 'gf180mcu_fd_sc_mcu7t5v0__aoi21_4'
Circuit gf180mcu_fd_sc_mcu7t5v0__aoi21_4 contains 12 device instances.
  Class: pfet_06v0             instances:   3
  Class: nfet_06v0             instances:   9
Circuit contains 11 nets.
Contents of circuit 2:  Circuit: 'gf180mcu_fd_sc_mcu7t5v0__aoi21_4'
Circuit gf180mcu_fd_sc_mcu7t5v0__aoi21_4 contains 12 device instances.
  Class: pfet_06v0             instances:   3
  Class: nfet_06v0             instances:   9
Circuit contains 11 nets.

Circuit 1 contains 12 devices, Circuit 2 contains 12 devices.
Circuit 1 contains 11 nets,    Circuit 2 contains 11 nets.


Contents of circuit 1:  Circuit: 'gf180mcu_fd_sc_mcu7t5v0__clkbuf_3'
Circuit gf180mcu_fd_sc_mcu7t5v0__clkbuf_3 contains 4 device instances.
  Class: pfet_06v0             instances:   2
  Class: nfet_06v0             instances:   2
Circuit contains 5 nets.
Contents of circuit 2:  Circuit: 'gf180mcu_fd_sc_mcu7t5v0__clkbuf_3'
Circuit gf180mcu_fd_sc_mcu7t5v0__clkbuf_3 contains 4 device instances.
  Class: pfet_06v0             instances:   2
  Class: nfet_06v0             instances:   2
Circuit contains 5 nets.

Circuit 1 contains 4 devices, Circuit 2 contains 4 devices.
Circuit 1 contains 5 nets,    Circuit 2 contains 5 nets.


Contents of circuit 1:  Circuit: 'gf180mcu_fd_sc_mcu7t5v0__nor4_4'
Circuit gf180mcu_fd_sc_mcu7t5v0__nor4_4 contains 20 device instances.
  Class: pfet_06v0             instances:  16
  Class: nfet_06v0             instances:   4
Circuit contains 17 nets.
Contents of circuit 2:  Circuit: 'gf180mcu_fd_sc_mcu7t5v0__nor4_4'
Circuit gf180mcu_fd_sc_mcu7t5v0__nor4_4 contains 20 device instances.
  Class: pfet_06v0             instances:  16
  Class: nfet_06v0             instances:   4
Circuit contains 17 nets.

Circuit 1 contains 20 devices, Circuit 2 contains 20 devices.
Circuit 1 contains 17 nets,    Circuit 2 contains 17 nets.


Contents of circuit 1:  Circuit: 'gf180mcu_fd_sc_mcu7t5v0__oai31_1'
Circuit gf180mcu_fd_sc_mcu7t5v0__oai31_1 contains 8 device instances.
  Class: pfet_06v0             instances:   4
  Class: nfet_06v0             instances:   4
Circuit contains 10 nets.
Contents of circuit 2:  Circuit: 'gf180mcu_fd_sc_mcu7t5v0__oai31_1'
Circuit gf180mcu_fd_sc_mcu7t5v0__oai31_1 contains 8 device instances.
  Class: pfet_06v0             instances:   4
  Class: nfet_06v0             instances:   4
Circuit contains 10 nets.

Circuit 1 contains 8 devices, Circuit 2 contains 8 devices.
Circuit 1 contains 10 nets,    Circuit 2 contains 10 nets.


Contents of circuit 1:  Circuit: 'gf180mcu_fd_sc_mcu7t5v0__oai211_2'
Circuit gf180mcu_fd_sc_mcu7t5v0__oai211_2 contains 12 device instances.
  Class: pfet_06v0             instances:   6
  Class: nfet_06v0             instances:   6
Circuit contains 12 nets.
Contents of circuit 2:  Circuit: 'gf180mcu_fd_sc_mcu7t5v0__oai211_2'
Circuit gf180mcu_fd_sc_mcu7t5v0__oai211_2 contains 12 device instances.
  Class: pfet_06v0             instances:   6
  Class: nfet_06v0             instances:   6
Circuit contains 12 nets.

Circuit 1 contains 12 devices, Circuit 2 contains 12 devices.
Circuit 1 contains 12 nets,    Circuit 2 contains 12 nets.


Contents of circuit 1:  Circuit: 'gf180mcu_fd_sc_mcu7t5v0__dlyb_1'
Circuit gf180mcu_fd_sc_mcu7t5v0__dlyb_1 contains 12 device instances.
  Class: pfet_06v0             instances:   6
  Class: nfet_06v0             instances:   6
Circuit contains 11 nets.
Contents of circuit 2:  Circuit: 'gf180mcu_fd_sc_mcu7t5v0__dlyb_1'
Circuit gf180mcu_fd_sc_mcu7t5v0__dlyb_1 contains 12 device instances.
  Class: pfet_06v0             instances:   6
  Class: nfet_06v0             instances:   6
Circuit contains 11 nets.

Circuit 1 contains 12 devices, Circuit 2 contains 12 devices.
Circuit 1 contains 11 nets,    Circuit 2 contains 11 nets.


Contents of circuit 1:  Circuit: 'gf180mcu_fd_sc_mcu7t5v0__buf_4'
Circuit gf180mcu_fd_sc_mcu7t5v0__buf_4 contains 4 device instances.
  Class: pfet_06v0             instances:   2
  Class: nfet_06v0             instances:   2
Circuit contains 5 nets.
Contents of circuit 2:  Circuit: 'gf180mcu_fd_sc_mcu7t5v0__buf_4'
Circuit gf180mcu_fd_sc_mcu7t5v0__buf_4 contains 4 device instances.
  Class: pfet_06v0             instances:   2
  Class: nfet_06v0             instances:   2
Circuit contains 5 nets.

Circuit 1 contains 4 devices, Circuit 2 contains 4 devices.
Circuit 1 contains 5 nets,    Circuit 2 contains 5 nets.


Contents of circuit 1:  Circuit: 'gf180mcu_fd_sc_mcu7t5v0__dlyc_1'
Circuit gf180mcu_fd_sc_mcu7t5v0__dlyc_1 contains 20 device instances.
  Class: pfet_06v0             instances:  10
  Class: nfet_06v0             instances:  10
Circuit contains 17 nets.
Contents of circuit 2:  Circuit: 'gf180mcu_fd_sc_mcu7t5v0__dlyc_1'
Circuit gf180mcu_fd_sc_mcu7t5v0__dlyc_1 contains 20 device instances.
  Class: pfet_06v0             instances:  10
  Class: nfet_06v0             instances:  10
Circuit contains 17 nets.

Circuit 1 contains 20 devices, Circuit 2 contains 20 devices.
Circuit 1 contains 17 nets,    Circuit 2 contains 17 nets.


Contents of circuit 1:  Circuit: 'gf180mcu_fd_sc_mcu7t5v0__tiel'
Circuit gf180mcu_fd_sc_mcu7t5v0__tiel contains 2 device instances.
  Class: pfet_06v0             instances:   1
  Class: nfet_06v0             instances:   1
Circuit contains 4 nets.
Contents of circuit 2:  Circuit: 'gf180mcu_fd_sc_mcu7t5v0__tiel'
Circuit gf180mcu_fd_sc_mcu7t5v0__tiel contains 2 device instances.
  Class: pfet_06v0             instances:   1
  Class: nfet_06v0             instances:   1
Circuit contains 4 nets.

Circuit 1 contains 2 devices, Circuit 2 contains 2 devices.
Circuit 1 contains 4 nets,    Circuit 2 contains 4 nets.


Contents of circuit 1:  Circuit: 'gf180mcu_fd_sc_mcu7t5v0__aoi221_1'
Circuit gf180mcu_fd_sc_mcu7t5v0__aoi221_1 contains 10 device instances.
  Class: pfet_06v0             instances:   5
  Class: nfet_06v0             instances:   5
Circuit contains 12 nets.
Contents of circuit 2:  Circuit: 'gf180mcu_fd_sc_mcu7t5v0__aoi221_1'
Circuit gf180mcu_fd_sc_mcu7t5v0__aoi221_1 contains 10 device instances.
  Class: pfet_06v0             instances:   5
  Class: nfet_06v0             instances:   5
Circuit contains 12 nets.

Circuit 1 contains 10 devices, Circuit 2 contains 10 devices.
Circuit 1 contains 12 nets,    Circuit 2 contains 12 nets.


Contents of circuit 1:  Circuit: 'gf180mcu_fd_sc_mcu7t5v0__buf_8'
Circuit gf180mcu_fd_sc_mcu7t5v0__buf_8 contains 4 device instances.
  Class: pfet_06v0             instances:   2
  Class: nfet_06v0             instances:   2
Circuit contains 5 nets.
Contents of circuit 2:  Circuit: 'gf180mcu_fd_sc_mcu7t5v0__buf_8'
Circuit gf180mcu_fd_sc_mcu7t5v0__buf_8 contains 4 device instances.
  Class: pfet_06v0             instances:   2
  Class: nfet_06v0             instances:   2
Circuit contains 5 nets.

Circuit 1 contains 4 devices, Circuit 2 contains 4 devices.
Circuit 1 contains 5 nets,    Circuit 2 contains 5 nets.


Contents of circuit 1:  Circuit: 'gf180mcu_fd_sc_mcu7t5v0__clkinv_2'
Circuit gf180mcu_fd_sc_mcu7t5v0__clkinv_2 contains 2 device instances.
  Class: pfet_06v0             instances:   1
  Class: nfet_06v0             instances:   1
Circuit contains 4 nets.
Contents of circuit 2:  Circuit: 'gf180mcu_fd_sc_mcu7t5v0__clkinv_2'
Circuit gf180mcu_fd_sc_mcu7t5v0__clkinv_2 contains 2 device instances.
  Class: pfet_06v0             instances:   1
  Class: nfet_06v0             instances:   1
Circuit contains 4 nets.

Circuit 1 contains 2 devices, Circuit 2 contains 2 devices.
Circuit 1 contains 4 nets,    Circuit 2 contains 4 nets.


Contents of circuit 1:  Circuit: 'gf180mcu_fd_sc_mcu7t5v0__xor3_2'
Circuit gf180mcu_fd_sc_mcu7t5v0__xor3_2 contains 22 device instances.
  Class: pfet_06v0             instances:  11
  Class: nfet_06v0             instances:  11
Circuit contains 16 nets.
Contents of circuit 2:  Circuit: 'gf180mcu_fd_sc_mcu7t5v0__xor3_2'
Circuit gf180mcu_fd_sc_mcu7t5v0__xor3_2 contains 22 device instances.
  Class: pfet_06v0             instances:  11
  Class: nfet_06v0             instances:  11
Circuit contains 16 nets.

Circuit 1 contains 22 devices, Circuit 2 contains 22 devices.
Circuit 1 contains 16 nets,    Circuit 2 contains 16 nets.


Contents of circuit 1:  Circuit: 'gf180mcu_fd_sc_mcu7t5v0__oai22_4'
Circuit gf180mcu_fd_sc_mcu7t5v0__oai22_4 contains 20 device instances.
  Class: pfet_06v0             instances:  16
  Class: nfet_06v0             instances:   4
Circuit contains 16 nets.
Contents of circuit 2:  Circuit: 'gf180mcu_fd_sc_mcu7t5v0__oai22_4'
Circuit gf180mcu_fd_sc_mcu7t5v0__oai22_4 contains 20 device instances.
  Class: pfet_06v0             instances:  16
  Class: nfet_06v0             instances:   4
Circuit contains 16 nets.

Circuit 1 contains 20 devices, Circuit 2 contains 20 devices.
Circuit 1 contains 16 nets,    Circuit 2 contains 16 nets.


Contents of circuit 1:  Circuit: 'gf180mcu_fd_sc_mcu7t5v0__nor4_2'
Circuit gf180mcu_fd_sc_mcu7t5v0__nor4_2 contains 12 device instances.
  Class: pfet_06v0             instances:   8
  Class: nfet_06v0             instances:   4
Circuit contains 13 nets.
Contents of circuit 2:  Circuit: 'gf180mcu_fd_sc_mcu7t5v0__nor4_2'
Circuit gf180mcu_fd_sc_mcu7t5v0__nor4_2 contains 12 device instances.
  Class: pfet_06v0             instances:   8
  Class: nfet_06v0             instances:   4
Circuit contains 13 nets.

Circuit 1 contains 12 devices, Circuit 2 contains 12 devices.
Circuit 1 contains 13 nets,    Circuit 2 contains 13 nets.


Contents of circuit 1:  Circuit: 'gf180mcu_fd_sc_mcu7t5v0__xnor2_4'
Circuit gf180mcu_fd_sc_mcu7t5v0__xnor2_4 contains 12 device instances.
  Class: pfet_06v0             instances:   6
  Class: nfet_06v0             instances:   6
Circuit contains 10 nets.
Contents of circuit 2:  Circuit: 'gf180mcu_fd_sc_mcu7t5v0__xnor2_4'
Circuit gf180mcu_fd_sc_mcu7t5v0__xnor2_4 contains 12 device instances.
  Class: pfet_06v0             instances:   6
  Class: nfet_06v0             instances:   6
Circuit contains 10 nets.

Circuit 1 contains 12 devices, Circuit 2 contains 12 devices.
Circuit 1 contains 10 nets,    Circuit 2 contains 10 nets.


Contents of circuit 1:  Circuit: 'gf180mcu_fd_sc_mcu7t5v0__oai21_4'
Circuit gf180mcu_fd_sc_mcu7t5v0__oai21_4 contains 12 device instances.
  Class: pfet_06v0             instances:   9
  Class: nfet_06v0             instances:   3
Circuit contains 11 nets.
Contents of circuit 2:  Circuit: 'gf180mcu_fd_sc_mcu7t5v0__oai21_4'
Circuit gf180mcu_fd_sc_mcu7t5v0__oai21_4 contains 12 device instances.
  Class: pfet_06v0             instances:   9
  Class: nfet_06v0             instances:   3
Circuit contains 11 nets.

Circuit 1 contains 12 devices, Circuit 2 contains 12 devices.
Circuit 1 contains 11 nets,    Circuit 2 contains 11 nets.


Contents of circuit 1:  Circuit: 'gf180mcu_fd_sc_mcu7t5v0__nor3_4'
Circuit gf180mcu_fd_sc_mcu7t5v0__nor3_4 contains 13 device instances.
  Class: pfet_06v0             instances:  10
  Class: nfet_06v0             instances:   3
Circuit contains 12 nets.
Contents of circuit 2:  Circuit: 'gf180mcu_fd_sc_mcu7t5v0__nor3_4'
Circuit gf180mcu_fd_sc_mcu7t5v0__nor3_4 contains 13 device instances.
  Class: pfet_06v0             instances:  10
  Class: nfet_06v0             instances:   3
Circuit contains 12 nets.

Circuit 1 contains 13 devices, Circuit 2 contains 13 devices.
Circuit 1 contains 12 nets,    Circuit 2 contains 12 nets.


Contents of circuit 1:  Circuit: 'gf180mcu_fd_sc_mcu7t5v0__aoi222_2'
Circuit gf180mcu_fd_sc_mcu7t5v0__aoi222_2 contains 18 device instances.
  Class: pfet_06v0             instances:   6
  Class: nfet_06v0             instances:  12
Circuit contains 17 nets.
Contents of circuit 2:  Circuit: 'gf180mcu_fd_sc_mcu7t5v0__aoi222_2'
Circuit gf180mcu_fd_sc_mcu7t5v0__aoi222_2 contains 18 device instances.
  Class: pfet_06v0             instances:   6
  Class: nfet_06v0             instances:  12
Circuit contains 17 nets.

Circuit 1 contains 18 devices, Circuit 2 contains 18 devices.
Circuit 1 contains 17 nets,    Circuit 2 contains 17 nets.


Contents of circuit 1:  Circuit: 'gf180mcu_fd_sc_mcu7t5v0__oai221_4'
Circuit gf180mcu_fd_sc_mcu7t5v0__oai221_4 contains 22 device instances.
  Class: pfet_06v0             instances:  17
  Class: nfet_06v0             instances:   5
Circuit contains 18 nets.
Contents of circuit 2:  Circuit: 'gf180mcu_fd_sc_mcu7t5v0__oai221_4'
Circuit gf180mcu_fd_sc_mcu7t5v0__oai221_4 contains 22 device instances.
  Class: pfet_06v0             instances:  17
  Class: nfet_06v0             instances:   5
Circuit contains 18 nets.

Circuit 1 contains 22 devices, Circuit 2 contains 22 devices.
Circuit 1 contains 18 nets,    Circuit 2 contains 18 nets.


Contents of circuit 1:  Circuit: 'gf180mcu_fd_sc_mcu7t5v0__nand2_4'
Circuit gf180mcu_fd_sc_mcu7t5v0__nand2_4 contains 10 device instances.
  Class: pfet_06v0             instances:   2
  Class: nfet_06v0             instances:   8
Circuit contains 9 nets.
Contents of circuit 2:  Circuit: 'gf180mcu_fd_sc_mcu7t5v0__nand2_4'
Circuit gf180mcu_fd_sc_mcu7t5v0__nand2_4 contains 10 device instances.
  Class: pfet_06v0             instances:   2
  Class: nfet_06v0             instances:   8
Circuit contains 9 nets.

Circuit 1 contains 10 devices, Circuit 2 contains 10 devices.
Circuit 1 contains 9 nets,    Circuit 2 contains 9 nets.


Contents of circuit 1:  Circuit: 'gf180mcu_fd_sc_mcu7t5v0__xor2_4'
Circuit gf180mcu_fd_sc_mcu7t5v0__xor2_4 contains 12 device instances.
  Class: pfet_06v0             instances:   6
  Class: nfet_06v0             instances:   6
Circuit contains 10 nets.
Contents of circuit 2:  Circuit: 'gf180mcu_fd_sc_mcu7t5v0__xor2_4'
Circuit gf180mcu_fd_sc_mcu7t5v0__xor2_4 contains 12 device instances.
  Class: pfet_06v0             instances:   6
  Class: nfet_06v0             instances:   6
Circuit contains 10 nets.

Circuit 1 contains 12 devices, Circuit 2 contains 12 devices.
Circuit 1 contains 10 nets,    Circuit 2 contains 10 nets.


Contents of circuit 1:  Circuit: 'gf180mcu_fd_sc_mcu7t5v0__and2_2'
Circuit gf180mcu_fd_sc_mcu7t5v0__and2_2 contains 6 device instances.
  Class: pfet_06v0             instances:   3
  Class: nfet_06v0             instances:   3
Circuit contains 7 nets.
Contents of circuit 2:  Circuit: 'gf180mcu_fd_sc_mcu7t5v0__and2_2'
Circuit gf180mcu_fd_sc_mcu7t5v0__and2_2 contains 6 device instances.
  Class: pfet_06v0             instances:   3
  Class: nfet_06v0             instances:   3
Circuit contains 7 nets.

Circuit 1 contains 6 devices, Circuit 2 contains 6 devices.
Circuit 1 contains 7 nets,    Circuit 2 contains 7 nets.


Contents of circuit 1:  Circuit: 'gf180mcu_fd_sc_mcu7t5v0__aoi222_1'
Circuit gf180mcu_fd_sc_mcu7t5v0__aoi222_1 contains 12 device instances.
  Class: pfet_06v0             instances:   6
  Class: nfet_06v0             instances:   6
Circuit contains 14 nets.
Contents of circuit 2:  Circuit: 'gf180mcu_fd_sc_mcu7t5v0__aoi222_1'
Circuit gf180mcu_fd_sc_mcu7t5v0__aoi222_1 contains 12 device instances.
  Class: pfet_06v0             instances:   6
  Class: nfet_06v0             instances:   6
Circuit contains 14 nets.

Circuit 1 contains 12 devices, Circuit 2 contains 12 devices.
Circuit 1 contains 14 nets,    Circuit 2 contains 14 nets.


Contents of circuit 1:  Circuit: 'gf180mcu_fd_sc_mcu7t5v0__oai32_1'
Circuit gf180mcu_fd_sc_mcu7t5v0__oai32_1 contains 10 device instances.
  Class: pfet_06v0             instances:   5
  Class: nfet_06v0             instances:   5
Circuit contains 12 nets.
Contents of circuit 2:  Circuit: 'gf180mcu_fd_sc_mcu7t5v0__oai32_1'
Circuit gf180mcu_fd_sc_mcu7t5v0__oai32_1 contains 10 device instances.
  Class: pfet_06v0             instances:   5
  Class: nfet_06v0             instances:   5
Circuit contains 12 nets.

Circuit 1 contains 10 devices, Circuit 2 contains 10 devices.
Circuit 1 contains 12 nets,    Circuit 2 contains 12 nets.


Contents of circuit 1:  Circuit: 'gf180mcu_fd_sc_mcu7t5v0__nand3_4'
Circuit gf180mcu_fd_sc_mcu7t5v0__nand3_4 contains 13 device instances.
  Class: pfet_06v0             instances:   3
  Class: nfet_06v0             instances:  10
Circuit contains 12 nets.
Contents of circuit 2:  Circuit: 'gf180mcu_fd_sc_mcu7t5v0__nand3_4'
Circuit gf180mcu_fd_sc_mcu7t5v0__nand3_4 contains 13 device instances.
  Class: pfet_06v0             instances:   3
  Class: nfet_06v0             instances:  10
Circuit contains 12 nets.

Circuit 1 contains 13 devices, Circuit 2 contains 13 devices.
Circuit 1 contains 12 nets,    Circuit 2 contains 12 nets.


Contents of circuit 1:  Circuit: 'gf180mcu_fd_sc_mcu7t5v0__inv_2'
Circuit gf180mcu_fd_sc_mcu7t5v0__inv_2 contains 2 device instances.
  Class: pfet_06v0             instances:   1
  Class: nfet_06v0             instances:   1
Circuit contains 4 nets.
Contents of circuit 2:  Circuit: 'gf180mcu_fd_sc_mcu7t5v0__inv_2'
Circuit gf180mcu_fd_sc_mcu7t5v0__inv_2 contains 2 device instances.
  Class: pfet_06v0             instances:   1
  Class: nfet_06v0             instances:   1
Circuit contains 4 nets.

Circuit 1 contains 2 devices, Circuit 2 contains 2 devices.
Circuit 1 contains 4 nets,    Circuit 2 contains 4 nets.


Contents of circuit 1:  Circuit: 'gf180mcu_fd_sc_mcu7t5v0__and4_4'
Circuit gf180mcu_fd_sc_mcu7t5v0__and4_4 contains 14 device instances.
  Class: pfet_06v0             instances:   5
  Class: nfet_06v0             instances:   9
Circuit contains 14 nets.
Contents of circuit 2:  Circuit: 'gf180mcu_fd_sc_mcu7t5v0__and4_4'
Circuit gf180mcu_fd_sc_mcu7t5v0__and4_4 contains 14 device instances.
  Class: pfet_06v0             instances:   5
  Class: nfet_06v0             instances:   9
Circuit contains 14 nets.

Circuit 1 contains 14 devices, Circuit 2 contains 14 devices.
Circuit 1 contains 14 nets,    Circuit 2 contains 14 nets.


Contents of circuit 1:  Circuit: 'gf180mcu_fd_sc_mcu7t5v0__oai221_2'
Circuit gf180mcu_fd_sc_mcu7t5v0__oai221_2 contains 14 device instances.
  Class: pfet_06v0             instances:   9
  Class: nfet_06v0             instances:   5
Circuit contains 14 nets.
Contents of circuit 2:  Circuit: 'gf180mcu_fd_sc_mcu7t5v0__oai221_2'
Circuit gf180mcu_fd_sc_mcu7t5v0__oai221_2 contains 14 device instances.
  Class: pfet_06v0             instances:   9
  Class: nfet_06v0             instances:   5
Circuit contains 14 nets.

Circuit 1 contains 14 devices, Circuit 2 contains 14 devices.
Circuit 1 contains 14 nets,    Circuit 2 contains 14 nets.


Contents of circuit 1:  Circuit: 'gf180mcu_fd_sc_mcu7t5v0__inv_3'
Circuit gf180mcu_fd_sc_mcu7t5v0__inv_3 contains 2 device instances.
  Class: pfet_06v0             instances:   1
  Class: nfet_06v0             instances:   1
Circuit contains 4 nets.
Contents of circuit 2:  Circuit: 'gf180mcu_fd_sc_mcu7t5v0__inv_3'
Circuit gf180mcu_fd_sc_mcu7t5v0__inv_3 contains 2 device instances.
  Class: pfet_06v0             instances:   1
  Class: nfet_06v0             instances:   1
Circuit contains 4 nets.

Circuit 1 contains 2 devices, Circuit 2 contains 2 devices.
Circuit 1 contains 4 nets,    Circuit 2 contains 4 nets.


Contents of circuit 1:  Circuit: 'gf180mcu_fd_sc_mcu7t5v0__or2_2'
Circuit gf180mcu_fd_sc_mcu7t5v0__or2_2 contains 6 device instances.
  Class: pfet_06v0             instances:   3
  Class: nfet_06v0             instances:   3
Circuit contains 7 nets.
Contents of circuit 2:  Circuit: 'gf180mcu_fd_sc_mcu7t5v0__or2_2'
Circuit gf180mcu_fd_sc_mcu7t5v0__or2_2 contains 6 device instances.
  Class: pfet_06v0             instances:   3
  Class: nfet_06v0             instances:   3
Circuit contains 7 nets.

Circuit 1 contains 6 devices, Circuit 2 contains 6 devices.
Circuit 1 contains 7 nets,    Circuit 2 contains 7 nets.


Contents of circuit 1:  Circuit: 'gf180mcu_fd_sc_mcu7t5v0__and3_2'
Circuit gf180mcu_fd_sc_mcu7t5v0__and3_2 contains 8 device instances.
  Class: pfet_06v0             instances:   4
  Class: nfet_06v0             instances:   4
Circuit contains 9 nets.
Contents of circuit 2:  Circuit: 'gf180mcu_fd_sc_mcu7t5v0__and3_2'
Circuit gf180mcu_fd_sc_mcu7t5v0__and3_2 contains 8 device instances.
  Class: pfet_06v0             instances:   4
  Class: nfet_06v0             instances:   4
Circuit contains 9 nets.

Circuit 1 contains 8 devices, Circuit 2 contains 8 devices.
Circuit 1 contains 9 nets,    Circuit 2 contains 9 nets.


Contents of circuit 1:  Circuit: 'gf180mcu_fd_sc_mcu7t5v0__oai32_4'
Circuit gf180mcu_fd_sc_mcu7t5v0__oai32_4 contains 23 device instances.
  Class: pfet_06v0             instances:  18
  Class: nfet_06v0             instances:   5
Circuit contains 19 nets.
Contents of circuit 2:  Circuit: 'gf180mcu_fd_sc_mcu7t5v0__oai32_4'
Circuit gf180mcu_fd_sc_mcu7t5v0__oai32_4 contains 23 device instances.
  Class: pfet_06v0             instances:  18
  Class: nfet_06v0             instances:   5
Circuit contains 19 nets.

Circuit 1 contains 23 devices, Circuit 2 contains 23 devices.
Circuit 1 contains 19 nets,    Circuit 2 contains 19 nets.


Contents of circuit 1:  Circuit: 'gf180mcu_fd_sc_mcu7t5v0__dffq_1'
Circuit gf180mcu_fd_sc_mcu7t5v0__dffq_1 contains 24 device instances.
  Class: pfet_06v0             instances:  12
  Class: nfet_06v0             instances:  12
Circuit contains 17 nets.
Contents of circuit 2:  Circuit: 'gf180mcu_fd_sc_mcu7t5v0__dffq_1'
Circuit gf180mcu_fd_sc_mcu7t5v0__dffq_1 contains 24 device instances.
  Class: pfet_06v0             instances:  12
  Class: nfet_06v0             instances:  12
Circuit contains 17 nets.

Circuit 1 contains 24 devices, Circuit 2 contains 24 devices.
Circuit 1 contains 17 nets,    Circuit 2 contains 17 nets.


Contents of circuit 1:  Circuit: 'user_proj_example'
Circuit user_proj_example contains 107133 device instances.
  Class: gf180mcu_fd_sc_mcu7t5v0__nand3_1 instances: 460
  Class: gf180mcu_fd_sc_mcu7t5v0__nand3_2 instances: 149
  Class: gf180mcu_fd_sc_mcu7t5v0__nand3_4 instances:   7
  Class: gf180mcu_fd_sc_mcu7t5v0__dffq_1 instances:   2
  Class: gf180mcu_fd_sc_mcu7t5v0__oai221_2 instances:   2
  Class: gf180mcu_fd_sc_mcu7t5v0__oai221_4 instances:   2
  Class: gf180mcu_fd_sc_mcu7t5v0__aoi222_1 instances:   7
  Class: gf180mcu_fd_sc_mcu7t5v0__aoi222_2 instances:  57
  Class: gf180mcu_fd_sc_mcu7t5v0__dlyb_1 instances:  81
  Class: gf180mcu_fd_sc_mcu7t5v0__and3_1 instances: 602
  Class: gf180mcu_fd_sc_mcu7t5v0__and3_2 instances:   2
  Class: gf180mcu_fd_sc_mcu7t5v0__dffrnq_1 instances: 3331
  Class: gf180mcu_fd_sc_mcu7t5v0__dffrnq_2 instances: 277
  Class: gf180mcu_fd_sc_mcu7t5v0__dffrnq_4 instances:  21
  Class: gf180mcu_fd_sc_mcu7t5v0__nand2_1 instances: 8862
  Class: gf180mcu_fd_sc_mcu7t5v0__nand2_2 instances: 296
  Class: gf180mcu_fd_sc_mcu7t5v0__nand2_4 instances:  12
  Class: gf180mcu_fd_sc_mcu7t5v0__oai32_1 instances:  15
  Class: gf180mcu_fd_sc_mcu7t5v0__oai32_2 instances: 288
  Class: gf180mcu_fd_sc_mcu7t5v0__oai32_4 instances:   5
  Class: gf180mcu_fd_sc_mcu7t5v0__oai211_1 instances:  65
  Class: gf180mcu_fd_sc_mcu7t5v0__oai211_2 instances:   7
  Class: gf180mcu_fd_sc_mcu7t5v0__oai211_4 instances: 154
  Class: gf180mcu_fd_sc_mcu7t5v0__aoi22_1 instances: 965
  Class: gf180mcu_fd_sc_mcu7t5v0__aoi221_1 instances: 104
  Class: gf180mcu_fd_sc_mcu7t5v0__aoi22_2 instances: 265
  Class: gf180mcu_fd_sc_mcu7t5v0__aoi221_2 instances: 162
  Class: gf180mcu_fd_sc_mcu7t5v0__aoi22_4 instances: 271
  Class: gf180mcu_fd_sc_mcu7t5v0__aoi221_4 instances:  34
  Class: gf180mcu_fd_sc_mcu7t5v0__clkbuf_1 instances: 3545
  Class: gf180mcu_fd_sc_mcu7t5v0__clkbuf_2 instances: 1969
  Class: gf180mcu_fd_sc_mcu7t5v0__clkbuf_3 instances:  62
  Class: gf180mcu_fd_sc_mcu7t5v0__mux2_2 instances: 1445
  Class: gf180mcu_fd_sc_mcu7t5v0__clkbuf_8 instances: 123
  Class: gf180mcu_fd_sc_mcu7t5v0__and2_1 instances: 1280
  Class: gf180mcu_fd_sc_mcu7t5v0__and2_2 instances:   5
  Class: gf180mcu_fd_sc_mcu7t5v0__nor4_1 instances:  44
  Class: gf180mcu_fd_sc_mcu7t5v0__nor4_2 instances:  24
  Class: gf180mcu_fd_sc_mcu7t5v0__nor4_4 instances: 183
  Class: gf180mcu_fd_sc_mcu7t5v0__oai31_1 instances:  18
  Class: gf180mcu_fd_sc_mcu7t5v0__clkinv_1 instances: 5176
  Class: gf180mcu_fd_sc_mcu7t5v0__clkinv_2 instances:  11
  Class: gf180mcu_fd_sc_mcu7t5v0__oai31_2 instances:  57
  Class: gf180mcu_fd_sc_mcu7t5v0__oai22_1 instances:  89
  Class: gf180mcu_fd_sc_mcu7t5v0__oai22_2 instances: 150
  Class: gf180mcu_fd_sc_mcu7t5v0__oai22_4 instances:   5
  Class: gf180mcu_fd_sc_mcu7t5v0__buf_1 instances: 4865
  Class: gf180mcu_fd_sc_mcu7t5v0__buf_2 instances: 825
  Class: gf180mcu_fd_sc_mcu7t5v0__buf_3 instances: 188
  Class: gf180mcu_fd_sc_mcu7t5v0__buf_4 instances: 129
  Class: gf180mcu_fd_sc_mcu7t5v0__buf_8 instances:  58
  Class: gf180mcu_fd_sc_mcu7t5v0__clkbuf_16 instances: 1005
  Class: gf180mcu_fd_sc_mcu7t5v0__aoi21_1 instances: 2033
  Class: gf180mcu_fd_sc_mcu7t5v0__aoi21_2 instances: 1405
  Class: gf180mcu_fd_sc_mcu7t5v0__aoi21_4 instances: 144
  Class: gf180mcu_fd_sc_mcu7t5v0__aoi211_1 instances:  62
  Class: gf180mcu_fd_sc_mcu7t5v0__aoi211_2 instances:  91
  Class: gf180mcu_fd_sc_mcu7t5v0__tiel instances:  83
  Class: gf180mcu_fd_sc_mcu7t5v0__aoi211_4 instances:   9
  Class: gf180mcu_fd_sc_mcu7t5v0__inv_1 instances: 111
  Class: gf180mcu_fd_sc_mcu7t5v0__inv_2 instances:   2
  Class: gf180mcu_fd_sc_mcu7t5v0__inv_3 instances:   2
  Class: gf180mcu_fd_sc_mcu7t5v0__xnor3_1 instances: 1021
  Class: gf180mcu_fd_sc_mcu7t5v0__xnor3_2 instances: 109
  Class: gf180mcu_fd_sc_mcu7t5v0__nor3_1 instances: 341
  Class: gf180mcu_fd_sc_mcu7t5v0__nor3_2 instances: 247
  Class: gf180mcu_fd_sc_mcu7t5v0__nor3_4 instances:  25
  Class: gf180mcu_fd_sc_mcu7t5v0__or3_1 instances: 362
  Class: gf180mcu_fd_sc_mcu7t5v0__or3_2 instances:  86
  Class: gf180mcu_fd_sc_mcu7t5v0__oai21_1 instances: 2382
  Class: gf180mcu_fd_sc_mcu7t5v0__oai21_2 instances: 690
  Class: gf180mcu_fd_sc_mcu7t5v0__oai21_4 instances:  23
  Class: gf180mcu_fd_sc_mcu7t5v0__fillcap_4 instances: 22229
  Class: gf180mcu_fd_sc_mcu7t5v0__fillcap_8 instances: 12925
  Class: gf180mcu_fd_sc_mcu7t5v0__fillcap_64 instances: 3639
  Class: gf180mcu_fd_sc_mcu7t5v0__fillcap_16 instances: 5812
  Class: gf180mcu_fd_sc_mcu7t5v0__xor3_1 instances: 495
  Class: gf180mcu_fd_sc_mcu7t5v0__xor3_2 instances:  17
  Class: gf180mcu_fd_sc_mcu7t5v0__xnor2_1 instances: 1972
  Class: gf180mcu_fd_sc_mcu7t5v0__xnor2_2 instances:  84
  Class: gf180mcu_fd_sc_mcu7t5v0__xnor2_4 instances:  17
  Class: gf180mcu_fd_sc_mcu7t5v0__nor2_1 instances: 3653
  Class: gf180mcu_fd_sc_mcu7t5v0__nor2_2 instances: 338
  Class: gf180mcu_fd_sc_mcu7t5v0__nor2_4 instances:  19
  Class: gf180mcu_fd_sc_mcu7t5v0__nand4_1 instances: 416
  Class: gf180mcu_fd_sc_mcu7t5v0__nand4_2 instances: 146
  Class: gf180mcu_fd_sc_mcu7t5v0__nand4_4 instances: 126
  Class: gf180mcu_fd_sc_mcu7t5v0__or2_1 instances: 1534
  Class: gf180mcu_fd_sc_mcu7t5v0__or2_2 instances:  12
  Class: gf180mcu_fd_sc_mcu7t5v0__fillcap_32 instances: 2020
  Class: gf180mcu_fd_sc_mcu7t5v0__dlyc_1 instances:  35
  Class: gf180mcu_fd_sc_mcu7t5v0__xor2_1 instances: 3959
  Class: gf180mcu_fd_sc_mcu7t5v0__xor2_2 instances: 399
  Class: gf180mcu_fd_sc_mcu7t5v0__xor2_4 instances:   6
  Class: gf180mcu_fd_sc_mcu7t5v0__and4_1 instances: 264
  Class: gf180mcu_fd_sc_mcu7t5v0__and4_2 instances:  26
  Class: gf180mcu_fd_sc_mcu7t5v0__and4_4 instances:   1
Circuit contains 60555 nets.
Contents of circuit 2:  Circuit: 'user_proj_example'
Circuit user_proj_example contains 107133 device instances.
  Class: gf180mcu_fd_sc_mcu7t5v0__nand3_1 instances: 460
  Class: gf180mcu_fd_sc_mcu7t5v0__nand3_2 instances: 149
  Class: gf180mcu_fd_sc_mcu7t5v0__nand3_4 instances:   7
  Class: gf180mcu_fd_sc_mcu7t5v0__dffq_1 instances:   2
  Class: gf180mcu_fd_sc_mcu7t5v0__oai221_2 instances:   2
  Class: gf180mcu_fd_sc_mcu7t5v0__oai221_4 instances:   2
  Class: gf180mcu_fd_sc_mcu7t5v0__aoi222_1 instances:   7
  Class: gf180mcu_fd_sc_mcu7t5v0__aoi222_2 instances:  57
  Class: gf180mcu_fd_sc_mcu7t5v0__dlyb_1 instances:  81
  Class: gf180mcu_fd_sc_mcu7t5v0__and3_1 instances: 602
  Class: gf180mcu_fd_sc_mcu7t5v0__and3_2 instances:   2
  Class: gf180mcu_fd_sc_mcu7t5v0__dffrnq_1 instances: 3331
  Class: gf180mcu_fd_sc_mcu7t5v0__dffrnq_2 instances: 277
  Class: gf180mcu_fd_sc_mcu7t5v0__dffrnq_4 instances:  21
  Class: gf180mcu_fd_sc_mcu7t5v0__nand2_1 instances: 8862
  Class: gf180mcu_fd_sc_mcu7t5v0__nand2_2 instances: 296
  Class: gf180mcu_fd_sc_mcu7t5v0__nand2_4 instances:  12
  Class: gf180mcu_fd_sc_mcu7t5v0__oai32_1 instances:  15
  Class: gf180mcu_fd_sc_mcu7t5v0__oai32_2 instances: 288
  Class: gf180mcu_fd_sc_mcu7t5v0__oai32_4 instances:   5
  Class: gf180mcu_fd_sc_mcu7t5v0__oai211_1 instances:  65
  Class: gf180mcu_fd_sc_mcu7t5v0__oai211_2 instances:   7
  Class: gf180mcu_fd_sc_mcu7t5v0__oai211_4 instances: 154
  Class: gf180mcu_fd_sc_mcu7t5v0__aoi22_1 instances: 965
  Class: gf180mcu_fd_sc_mcu7t5v0__aoi221_1 instances: 104
  Class: gf180mcu_fd_sc_mcu7t5v0__aoi22_2 instances: 265
  Class: gf180mcu_fd_sc_mcu7t5v0__aoi221_2 instances: 162
  Class: gf180mcu_fd_sc_mcu7t5v0__aoi22_4 instances: 271
  Class: gf180mcu_fd_sc_mcu7t5v0__aoi221_4 instances:  34
  Class: gf180mcu_fd_sc_mcu7t5v0__clkbuf_1 instances: 3545
  Class: gf180mcu_fd_sc_mcu7t5v0__clkbuf_2 instances: 1969
  Class: gf180mcu_fd_sc_mcu7t5v0__clkbuf_3 instances:  62
  Class: gf180mcu_fd_sc_mcu7t5v0__mux2_2 instances: 1445
  Class: gf180mcu_fd_sc_mcu7t5v0__clkbuf_8 instances: 123
  Class: gf180mcu_fd_sc_mcu7t5v0__and2_1 instances: 1280
  Class: gf180mcu_fd_sc_mcu7t5v0__and2_2 instances:   5
  Class: gf180mcu_fd_sc_mcu7t5v0__nor4_1 instances:  44
  Class: gf180mcu_fd_sc_mcu7t5v0__nor4_2 instances:  24
  Class: gf180mcu_fd_sc_mcu7t5v0__nor4_4 instances: 183
  Class: gf180mcu_fd_sc_mcu7t5v0__oai31_1 instances:  18
  Class: gf180mcu_fd_sc_mcu7t5v0__clkinv_1 instances: 5176
  Class: gf180mcu_fd_sc_mcu7t5v0__clkinv_2 instances:  11
  Class: gf180mcu_fd_sc_mcu7t5v0__oai31_2 instances:  57
  Class: gf180mcu_fd_sc_mcu7t5v0__oai22_1 instances:  89
  Class: gf180mcu_fd_sc_mcu7t5v0__oai22_2 instances: 150
  Class: gf180mcu_fd_sc_mcu7t5v0__oai22_4 instances:   5
  Class: gf180mcu_fd_sc_mcu7t5v0__buf_1 instances: 4865
  Class: gf180mcu_fd_sc_mcu7t5v0__buf_2 instances: 825
  Class: gf180mcu_fd_sc_mcu7t5v0__buf_3 instances: 188
  Class: gf180mcu_fd_sc_mcu7t5v0__buf_4 instances: 129
  Class: gf180mcu_fd_sc_mcu7t5v0__buf_8 instances:  58
  Class: gf180mcu_fd_sc_mcu7t5v0__clkbuf_16 instances: 1005
  Class: gf180mcu_fd_sc_mcu7t5v0__aoi21_1 instances: 2033
  Class: gf180mcu_fd_sc_mcu7t5v0__aoi21_2 instances: 1405
  Class: gf180mcu_fd_sc_mcu7t5v0__aoi21_4 instances: 144
  Class: gf180mcu_fd_sc_mcu7t5v0__aoi211_1 instances:  62
  Class: gf180mcu_fd_sc_mcu7t5v0__aoi211_2 instances:  91
  Class: gf180mcu_fd_sc_mcu7t5v0__tiel instances:  83
  Class: gf180mcu_fd_sc_mcu7t5v0__aoi211_4 instances:   9
  Class: gf180mcu_fd_sc_mcu7t5v0__inv_1 instances: 111
  Class: gf180mcu_fd_sc_mcu7t5v0__inv_2 instances:   2
  Class: gf180mcu_fd_sc_mcu7t5v0__inv_3 instances:   2
  Class: gf180mcu_fd_sc_mcu7t5v0__xnor3_1 instances: 1021
  Class: gf180mcu_fd_sc_mcu7t5v0__xnor3_2 instances: 109
  Class: gf180mcu_fd_sc_mcu7t5v0__nor3_1 instances: 341
  Class: gf180mcu_fd_sc_mcu7t5v0__nor3_2 instances: 247
  Class: gf180mcu_fd_sc_mcu7t5v0__nor3_4 instances:  25
  Class: gf180mcu_fd_sc_mcu7t5v0__or3_1 instances: 362
  Class: gf180mcu_fd_sc_mcu7t5v0__or3_2 instances:  86
  Class: gf180mcu_fd_sc_mcu7t5v0__oai21_1 instances: 2382
  Class: gf180mcu_fd_sc_mcu7t5v0__oai21_2 instances: 690
  Class: gf180mcu_fd_sc_mcu7t5v0__oai21_4 instances:  23
  Class: gf180mcu_fd_sc_mcu7t5v0__fillcap_4 instances: 22229
  Class: gf180mcu_fd_sc_mcu7t5v0__fillcap_8 instances: 12925
  Class: gf180mcu_fd_sc_mcu7t5v0__fillcap_64 instances: 3639
  Class: gf180mcu_fd_sc_mcu7t5v0__fillcap_16 instances: 5812
  Class: gf180mcu_fd_sc_mcu7t5v0__xor3_1 instances: 495
  Class: gf180mcu_fd_sc_mcu7t5v0__xor3_2 instances:  17
  Class: gf180mcu_fd_sc_mcu7t5v0__xnor2_1 instances: 1972
  Class: gf180mcu_fd_sc_mcu7t5v0__xnor2_2 instances:  84
  Class: gf180mcu_fd_sc_mcu7t5v0__xnor2_4 instances:  17
  Class: gf180mcu_fd_sc_mcu7t5v0__nor2_1 instances: 3653
  Class: gf180mcu_fd_sc_mcu7t5v0__nor2_2 instances: 338
  Class: gf180mcu_fd_sc_mcu7t5v0__nor2_4 instances:  19
  Class: gf180mcu_fd_sc_mcu7t5v0__nand4_1 instances: 416
  Class: gf180mcu_fd_sc_mcu7t5v0__nand4_2 instances: 146
  Class: gf180mcu_fd_sc_mcu7t5v0__nand4_4 instances: 126
  Class: gf180mcu_fd_sc_mcu7t5v0__or2_1 instances: 1534
  Class: gf180mcu_fd_sc_mcu7t5v0__or2_2 instances:  12
  Class: gf180mcu_fd_sc_mcu7t5v0__fillcap_32 instances: 2020
  Class: gf180mcu_fd_sc_mcu7t5v0__dlyc_1 instances:  35
  Class: gf180mcu_fd_sc_mcu7t5v0__xor2_1 instances: 3959
  Class: gf180mcu_fd_sc_mcu7t5v0__xor2_2 instances: 399
  Class: gf180mcu_fd_sc_mcu7t5v0__xor2_4 instances:   6
  Class: gf180mcu_fd_sc_mcu7t5v0__and4_1 instances: 264
  Class: gf180mcu_fd_sc_mcu7t5v0__and4_2 instances:  26
  Class: gf180mcu_fd_sc_mcu7t5v0__and4_4 instances:   1
Circuit contains 60555 nets.

Circuit was modified by parallel/series device merging.
New circuit summary:

Contents of circuit 1:  Circuit: 'user_proj_example'
Circuit user_proj_example contains 60513 device instances.
  Class: gf180mcu_fd_sc_mcu7t5v0__nand3_1 instances: 460
  Class: gf180mcu_fd_sc_mcu7t5v0__nand3_2 instances: 149
  Class: gf180mcu_fd_sc_mcu7t5v0__nand3_4 instances:   7
  Class: gf180mcu_fd_sc_mcu7t5v0__dffq_1 instances:   2
  Class: gf180mcu_fd_sc_mcu7t5v0__oai221_2 instances:   2
  Class: gf180mcu_fd_sc_mcu7t5v0__oai221_4 instances:   2
  Class: gf180mcu_fd_sc_mcu7t5v0__aoi222_1 instances:   7
  Class: gf180mcu_fd_sc_mcu7t5v0__aoi222_2 instances:  57
  Class: gf180mcu_fd_sc_mcu7t5v0__dlyb_1 instances:  81
  Class: gf180mcu_fd_sc_mcu7t5v0__and3_1 instances: 602
  Class: gf180mcu_fd_sc_mcu7t5v0__and3_2 instances:   2
  Class: gf180mcu_fd_sc_mcu7t5v0__dffrnq_1 instances: 3331
  Class: gf180mcu_fd_sc_mcu7t5v0__dffrnq_2 instances: 277
  Class: gf180mcu_fd_sc_mcu7t5v0__dffrnq_4 instances:  21
  Class: gf180mcu_fd_sc_mcu7t5v0__nand2_1 instances: 8862
  Class: gf180mcu_fd_sc_mcu7t5v0__nand2_2 instances: 296
  Class: gf180mcu_fd_sc_mcu7t5v0__nand2_4 instances:  12
  Class: gf180mcu_fd_sc_mcu7t5v0__oai32_1 instances:  15
  Class: gf180mcu_fd_sc_mcu7t5v0__oai32_2 instances: 288
  Class: gf180mcu_fd_sc_mcu7t5v0__oai32_4 instances:   5
  Class: gf180mcu_fd_sc_mcu7t5v0__oai211_1 instances:  65
  Class: gf180mcu_fd_sc_mcu7t5v0__oai211_2 instances:   7
  Class: gf180mcu_fd_sc_mcu7t5v0__oai211_4 instances: 154
  Class: gf180mcu_fd_sc_mcu7t5v0__aoi22_1 instances: 965
  Class: gf180mcu_fd_sc_mcu7t5v0__aoi221_1 instances: 104
  Class: gf180mcu_fd_sc_mcu7t5v0__aoi22_2 instances: 265
  Class: gf180mcu_fd_sc_mcu7t5v0__aoi221_2 instances: 162
  Class: gf180mcu_fd_sc_mcu7t5v0__aoi22_4 instances: 271
  Class: gf180mcu_fd_sc_mcu7t5v0__aoi221_4 instances:  34
  Class: gf180mcu_fd_sc_mcu7t5v0__clkbuf_1 instances: 3545
  Class: gf180mcu_fd_sc_mcu7t5v0__clkbuf_2 instances: 1969
  Class: gf180mcu_fd_sc_mcu7t5v0__clkbuf_3 instances:  62
  Class: gf180mcu_fd_sc_mcu7t5v0__mux2_2 instances: 1445
  Class: gf180mcu_fd_sc_mcu7t5v0__clkbuf_8 instances: 123
  Class: gf180mcu_fd_sc_mcu7t5v0__and2_1 instances: 1280
  Class: gf180mcu_fd_sc_mcu7t5v0__and2_2 instances:   5
  Class: gf180mcu_fd_sc_mcu7t5v0__nor4_1 instances:  44
  Class: gf180mcu_fd_sc_mcu7t5v0__nor4_2 instances:  24
  Class: gf180mcu_fd_sc_mcu7t5v0__nor4_4 instances: 183
  Class: gf180mcu_fd_sc_mcu7t5v0__oai31_1 instances:  18
  Class: gf180mcu_fd_sc_mcu7t5v0__clkinv_1 instances: 5176
  Class: gf180mcu_fd_sc_mcu7t5v0__clkinv_2 instances:  11
  Class: gf180mcu_fd_sc_mcu7t5v0__oai31_2 instances:  57
  Class: gf180mcu_fd_sc_mcu7t5v0__oai22_1 instances:  89
  Class: gf180mcu_fd_sc_mcu7t5v0__oai22_2 instances: 150
  Class: gf180mcu_fd_sc_mcu7t5v0__oai22_4 instances:   5
  Class: gf180mcu_fd_sc_mcu7t5v0__buf_1 instances: 4865
  Class: gf180mcu_fd_sc_mcu7t5v0__buf_2 instances: 825
  Class: gf180mcu_fd_sc_mcu7t5v0__buf_3 instances: 188
  Class: gf180mcu_fd_sc_mcu7t5v0__buf_4 instances: 129
  Class: gf180mcu_fd_sc_mcu7t5v0__buf_8 instances:  58
  Class: gf180mcu_fd_sc_mcu7t5v0__clkbuf_16 instances: 1005
  Class: gf180mcu_fd_sc_mcu7t5v0__aoi21_1 instances: 2033
  Class: gf180mcu_fd_sc_mcu7t5v0__aoi21_2 instances: 1405
  Class: gf180mcu_fd_sc_mcu7t5v0__aoi21_4 instances: 144
  Class: gf180mcu_fd_sc_mcu7t5v0__aoi211_1 instances:  62
  Class: gf180mcu_fd_sc_mcu7t5v0__aoi211_2 instances:  91
  Class: gf180mcu_fd_sc_mcu7t5v0__tiel instances:  83
  Class: gf180mcu_fd_sc_mcu7t5v0__aoi211_4 instances:   9
  Class: gf180mcu_fd_sc_mcu7t5v0__inv_1 instances: 111
  Class: gf180mcu_fd_sc_mcu7t5v0__inv_2 instances:   2
  Class: gf180mcu_fd_sc_mcu7t5v0__inv_3 instances:   2
  Class: gf180mcu_fd_sc_mcu7t5v0__xnor3_1 instances: 1021
  Class: gf180mcu_fd_sc_mcu7t5v0__xnor3_2 instances: 109
  Class: gf180mcu_fd_sc_mcu7t5v0__nor3_1 instances: 341
  Class: gf180mcu_fd_sc_mcu7t5v0__nor3_2 instances: 247
  Class: gf180mcu_fd_sc_mcu7t5v0__nor3_4 instances:  25
  Class: gf180mcu_fd_sc_mcu7t5v0__or3_1 instances: 362
  Class: gf180mcu_fd_sc_mcu7t5v0__or3_2 instances:  86
  Class: gf180mcu_fd_sc_mcu7t5v0__oai21_1 instances: 2382
  Class: gf180mcu_fd_sc_mcu7t5v0__oai21_2 instances: 690
  Class: gf180mcu_fd_sc_mcu7t5v0__oai21_4 instances:  23
  Class: gf180mcu_fd_sc_mcu7t5v0__fillcap_4 instances:   1
  Class: gf180mcu_fd_sc_mcu7t5v0__fillcap_8 instances:   1
  Class: gf180mcu_fd_sc_mcu7t5v0__fillcap_64 instances:   1
  Class: gf180mcu_fd_sc_mcu7t5v0__fillcap_16 instances:   1
  Class: gf180mcu_fd_sc_mcu7t5v0__xor3_1 instances: 495
  Class: gf180mcu_fd_sc_mcu7t5v0__xor3_2 instances:  17
  Class: gf180mcu_fd_sc_mcu7t5v0__xnor2_1 instances: 1972
  Class: gf180mcu_fd_sc_mcu7t5v0__xnor2_2 instances:  84
  Class: gf180mcu_fd_sc_mcu7t5v0__xnor2_4 instances:  17
  Class: gf180mcu_fd_sc_mcu7t5v0__nor2_1 instances: 3653
  Class: gf180mcu_fd_sc_mcu7t5v0__nor2_2 instances: 338
  Class: gf180mcu_fd_sc_mcu7t5v0__nor2_4 instances:  19
  Class: gf180mcu_fd_sc_mcu7t5v0__nand4_1 instances: 416
  Class: gf180mcu_fd_sc_mcu7t5v0__nand4_2 instances: 146
  Class: gf180mcu_fd_sc_mcu7t5v0__nand4_4 instances: 126
  Class: gf180mcu_fd_sc_mcu7t5v0__or2_1 instances: 1534
  Class: gf180mcu_fd_sc_mcu7t5v0__or2_2 instances:  12
  Class: gf180mcu_fd_sc_mcu7t5v0__fillcap_32 instances:   1
  Class: gf180mcu_fd_sc_mcu7t5v0__dlyc_1 instances:  35
  Class: gf180mcu_fd_sc_mcu7t5v0__xor2_1 instances: 3959
  Class: gf180mcu_fd_sc_mcu7t5v0__xor2_2 instances: 399
  Class: gf180mcu_fd_sc_mcu7t5v0__xor2_4 instances:   6
  Class: gf180mcu_fd_sc_mcu7t5v0__and4_1 instances: 264
  Class: gf180mcu_fd_sc_mcu7t5v0__and4_2 instances:  26
  Class: gf180mcu_fd_sc_mcu7t5v0__and4_4 instances:   1
Circuit contains 60555 nets.
Contents of circuit 2:  Circuit: 'user_proj_example'
Circuit user_proj_example contains 60513 device instances.
  Class: gf180mcu_fd_sc_mcu7t5v0__nand3_1 instances: 460
  Class: gf180mcu_fd_sc_mcu7t5v0__nand3_2 instances: 149
  Class: gf180mcu_fd_sc_mcu7t5v0__nand3_4 instances:   7
  Class: gf180mcu_fd_sc_mcu7t5v0__dffq_1 instances:   2
  Class: gf180mcu_fd_sc_mcu7t5v0__oai221_2 instances:   2
  Class: gf180mcu_fd_sc_mcu7t5v0__oai221_4 instances:   2
  Class: gf180mcu_fd_sc_mcu7t5v0__aoi222_1 instances:   7
  Class: gf180mcu_fd_sc_mcu7t5v0__aoi222_2 instances:  57
  Class: gf180mcu_fd_sc_mcu7t5v0__dlyb_1 instances:  81
  Class: gf180mcu_fd_sc_mcu7t5v0__and3_1 instances: 602
  Class: gf180mcu_fd_sc_mcu7t5v0__and3_2 instances:   2
  Class: gf180mcu_fd_sc_mcu7t5v0__dffrnq_1 instances: 3331
  Class: gf180mcu_fd_sc_mcu7t5v0__dffrnq_2 instances: 277
  Class: gf180mcu_fd_sc_mcu7t5v0__dffrnq_4 instances:  21
  Class: gf180mcu_fd_sc_mcu7t5v0__nand2_1 instances: 8862
  Class: gf180mcu_fd_sc_mcu7t5v0__nand2_2 instances: 296
  Class: gf180mcu_fd_sc_mcu7t5v0__nand2_4 instances:  12
  Class: gf180mcu_fd_sc_mcu7t5v0__oai32_1 instances:  15
  Class: gf180mcu_fd_sc_mcu7t5v0__oai32_2 instances: 288
  Class: gf180mcu_fd_sc_mcu7t5v0__oai32_4 instances:   5
  Class: gf180mcu_fd_sc_mcu7t5v0__oai211_1 instances:  65
  Class: gf180mcu_fd_sc_mcu7t5v0__oai211_2 instances:   7
  Class: gf180mcu_fd_sc_mcu7t5v0__oai211_4 instances: 154
  Class: gf180mcu_fd_sc_mcu7t5v0__aoi22_1 instances: 965
  Class: gf180mcu_fd_sc_mcu7t5v0__aoi221_1 instances: 104
  Class: gf180mcu_fd_sc_mcu7t5v0__aoi22_2 instances: 265
  Class: gf180mcu_fd_sc_mcu7t5v0__aoi221_2 instances: 162
  Class: gf180mcu_fd_sc_mcu7t5v0__aoi22_4 instances: 271
  Class: gf180mcu_fd_sc_mcu7t5v0__aoi221_4 instances:  34
  Class: gf180mcu_fd_sc_mcu7t5v0__clkbuf_1 instances: 3545
  Class: gf180mcu_fd_sc_mcu7t5v0__clkbuf_2 instances: 1969
  Class: gf180mcu_fd_sc_mcu7t5v0__clkbuf_3 instances:  62
  Class: gf180mcu_fd_sc_mcu7t5v0__mux2_2 instances: 1445
  Class: gf180mcu_fd_sc_mcu7t5v0__clkbuf_8 instances: 123
  Class: gf180mcu_fd_sc_mcu7t5v0__and2_1 instances: 1280
  Class: gf180mcu_fd_sc_mcu7t5v0__and2_2 instances:   5
  Class: gf180mcu_fd_sc_mcu7t5v0__nor4_1 instances:  44
  Class: gf180mcu_fd_sc_mcu7t5v0__nor4_2 instances:  24
  Class: gf180mcu_fd_sc_mcu7t5v0__nor4_4 instances: 183
  Class: gf180mcu_fd_sc_mcu7t5v0__oai31_1 instances:  18
  Class: gf180mcu_fd_sc_mcu7t5v0__clkinv_1 instances: 5176
  Class: gf180mcu_fd_sc_mcu7t5v0__clkinv_2 instances:  11
  Class: gf180mcu_fd_sc_mcu7t5v0__oai31_2 instances:  57
  Class: gf180mcu_fd_sc_mcu7t5v0__oai22_1 instances:  89
  Class: gf180mcu_fd_sc_mcu7t5v0__oai22_2 instances: 150
  Class: gf180mcu_fd_sc_mcu7t5v0__oai22_4 instances:   5
  Class: gf180mcu_fd_sc_mcu7t5v0__buf_1 instances: 4865
  Class: gf180mcu_fd_sc_mcu7t5v0__buf_2 instances: 825
  Class: gf180mcu_fd_sc_mcu7t5v0__buf_3 instances: 188
  Class: gf180mcu_fd_sc_mcu7t5v0__buf_4 instances: 129
  Class: gf180mcu_fd_sc_mcu7t5v0__buf_8 instances:  58
  Class: gf180mcu_fd_sc_mcu7t5v0__clkbuf_16 instances: 1005
  Class: gf180mcu_fd_sc_mcu7t5v0__aoi21_1 instances: 2033
  Class: gf180mcu_fd_sc_mcu7t5v0__aoi21_2 instances: 1405
  Class: gf180mcu_fd_sc_mcu7t5v0__aoi21_4 instances: 144
  Class: gf180mcu_fd_sc_mcu7t5v0__aoi211_1 instances:  62
  Class: gf180mcu_fd_sc_mcu7t5v0__aoi211_2 instances:  91
  Class: gf180mcu_fd_sc_mcu7t5v0__tiel instances:  83
  Class: gf180mcu_fd_sc_mcu7t5v0__aoi211_4 instances:   9
  Class: gf180mcu_fd_sc_mcu7t5v0__inv_1 instances: 111
  Class: gf180mcu_fd_sc_mcu7t5v0__inv_2 instances:   2
  Class: gf180mcu_fd_sc_mcu7t5v0__inv_3 instances:   2
  Class: gf180mcu_fd_sc_mcu7t5v0__xnor3_1 instances: 1021
  Class: gf180mcu_fd_sc_mcu7t5v0__xnor3_2 instances: 109
  Class: gf180mcu_fd_sc_mcu7t5v0__nor3_1 instances: 341
  Class: gf180mcu_fd_sc_mcu7t5v0__nor3_2 instances: 247
  Class: gf180mcu_fd_sc_mcu7t5v0__nor3_4 instances:  25
  Class: gf180mcu_fd_sc_mcu7t5v0__or3_1 instances: 362
  Class: gf180mcu_fd_sc_mcu7t5v0__or3_2 instances:  86
  Class: gf180mcu_fd_sc_mcu7t5v0__oai21_1 instances: 2382
  Class: gf180mcu_fd_sc_mcu7t5v0__oai21_2 instances: 690
  Class: gf180mcu_fd_sc_mcu7t5v0__oai21_4 instances:  23
  Class: gf180mcu_fd_sc_mcu7t5v0__fillcap_4 instances:   1
  Class: gf180mcu_fd_sc_mcu7t5v0__fillcap_8 instances:   1
  Class: gf180mcu_fd_sc_mcu7t5v0__fillcap_64 instances:   1
  Class: gf180mcu_fd_sc_mcu7t5v0__fillcap_16 instances:   1
  Class: gf180mcu_fd_sc_mcu7t5v0__xor3_1 instances: 495
  Class: gf180mcu_fd_sc_mcu7t5v0__xor3_2 instances:  17
  Class: gf180mcu_fd_sc_mcu7t5v0__xnor2_1 instances: 1972
  Class: gf180mcu_fd_sc_mcu7t5v0__xnor2_2 instances:  84
  Class: gf180mcu_fd_sc_mcu7t5v0__xnor2_4 instances:  17
  Class: gf180mcu_fd_sc_mcu7t5v0__nor2_1 instances: 3653
  Class: gf180mcu_fd_sc_mcu7t5v0__nor2_2 instances: 338
  Class: gf180mcu_fd_sc_mcu7t5v0__nor2_4 instances:  19
  Class: gf180mcu_fd_sc_mcu7t5v0__nand4_1 instances: 416
  Class: gf180mcu_fd_sc_mcu7t5v0__nand4_2 instances: 146
  Class: gf180mcu_fd_sc_mcu7t5v0__nand4_4 instances: 126
  Class: gf180mcu_fd_sc_mcu7t5v0__or2_1 instances: 1534
  Class: gf180mcu_fd_sc_mcu7t5v0__or2_2 instances:  12
  Class: gf180mcu_fd_sc_mcu7t5v0__fillcap_32 instances:   1
  Class: gf180mcu_fd_sc_mcu7t5v0__dlyc_1 instances:  35
  Class: gf180mcu_fd_sc_mcu7t5v0__xor2_1 instances: 3959
  Class: gf180mcu_fd_sc_mcu7t5v0__xor2_2 instances: 399
  Class: gf180mcu_fd_sc_mcu7t5v0__xor2_4 instances:   6
  Class: gf180mcu_fd_sc_mcu7t5v0__and4_1 instances: 264
  Class: gf180mcu_fd_sc_mcu7t5v0__and4_2 instances:  26
  Class: gf180mcu_fd_sc_mcu7t5v0__and4_4 instances:   1
Circuit contains 60555 nets.

Circuit 1 contains 60513 devices, Circuit 2 contains 60513 devices.
Circuit 1 contains 60555 nets,    Circuit 2 contains 60555 nets.


Contents of circuit 1:  Circuit: 'user_project_wrapper'
Circuit user_project_wrapper contains 1 device instances.
  Class: user_proj_example     instances:   1
Circuit contains 179 nets.
Contents of circuit 2:  Circuit: 'user_project_wrapper'
Circuit user_project_wrapper contains 1 device instances.
  Class: user_proj_example     instances:   1
Circuit contains 179 nets.

Circuit 1 contains 1 devices, Circuit 2 contains 1 devices.
Circuit 1 contains 179 nets,    Circuit 2 contains 179 nets.


Final result: 
Circuits match uniquely.
.
Logging to file "/home/shahid/Desktop/test123/caravel_user_project/precheck_results/07_DEC_2023___10_41_00/tmp/soft.report" disabled
LVS Done.
END: Thu 07 Dec 2023 11:37:20 AM UTC
Runtime: 0:00:18 (hh:mm:ss)
