Reading file /home/shahid/Desktop/test123/caravel_user_project/gds/user_project_wrapper.gds for cell user_project_wrapper
dbu=0.001
cell user_project_wrapper dbu-bbox(ll;ur)=(-9580,-8220;2989900,2991340)
cell user_project_wrapper dbu-bbox(left,bottom,right,top)=(-9580,-8220,2989900,2991340)
cell user_project_wrapper dbu-size(width,height)=(2999480,2999560)
cell user_project_wrapper micron-bbox(left,bottom,right,top)=(-9.58,-8.22,2989.9,2991.34)
cell user_project_wrapper micron-size(width,height)=(2999.48,2999.56)
Done.

Magic 8.3 revision 420 - Compiled on Sat Nov  4 21:03:17 UTC 2023.
Starting magic under Tcl interpreter
Using the terminal as the console.
Using NULL graphics device.
Processing system .magicrc file
Sourcing design .magicrc for technology gf180mcuD ...
10 Magic internal units = 1 Lambda
Input style import: scaleFactor=10, multiplier=2
The following types are not handled by extraction and will be treated as non-electrical types:
    obsactive mvobsactive filldiff fillpoly m1hole obsm1 fillm1 obsv1 m2hole obsm2 fillm2 obsv2 m3hole obsm3 fillm3 m4hole obsm4 fillm4 m5hole obsm5 fillm5 glass fillblock lvstext obscomment 
Scaled tech values by 10 / 1 to match internal grid scaling
Loading gf180mcuD Device Generator Menu ...
Loading "/home/shahid/mpw_precheck/checks/xor_check/erase_box_gf180mcu.tcl" from command line.
"sky130(vendor)" is not one of the CIF input styles Magic knows.
The current style is "import".
The CIF input styles are: import.
Warning: Calma reading is not undoable!  I hope that's OK.
Library written using GDS-II Release 3.0
Library name: user_project_wrapper
Reading "gf180mcu_fd_sc_mcu7t5v0__filltie".
Reading "gf180mcu_fd_sc_mcu7t5v0__endcap".
Reading "gf180mcu_fd_sc_mcu7t5v0__fillcap_8".
Reading "gf180mcu_fd_sc_mcu7t5v0__fillcap_16".
Reading "gf180mcu_fd_sc_mcu7t5v0__fillcap_32".
Reading "gf180mcu_fd_sc_mcu7t5v0__nand2_1".
Reading "gf180mcu_fd_sc_mcu7t5v0__fill_1".
Reading "gf180mcu_fd_sc_mcu7t5v0__fill_2".
Reading "gf180mcu_fd_sc_mcu7t5v0__and2_1".
Reading "gf180mcu_fd_sc_mcu7t5v0__or2_1".
Reading "gf180mcu_fd_sc_mcu7t5v0__fillcap_4".
Reading "gf180mcu_fd_sc_mcu7t5v0__xor2_1".
Reading "gf180mcu_fd_sc_mcu7t5v0__nor2_1".
Reading "gf180mcu_fd_sc_mcu7t5v0__aoi21_2".
Reading "gf180mcu_fd_sc_mcu7t5v0__fillcap_64".
Reading "gf180mcu_fd_sc_mcu7t5v0__oai21_2".
Reading "gf180mcu_fd_sc_mcu7t5v0__xor3_1".
Reading "gf180mcu_fd_sc_mcu7t5v0__clkinv_1".
Reading "gf180mcu_fd_sc_mcu7t5v0__oai32_2".
Reading "gf180mcu_fd_sc_mcu7t5v0__xnor3_1".
Reading "gf180mcu_fd_sc_mcu7t5v0__nand3_1".
Reading "gf180mcu_fd_sc_mcu7t5v0__xor2_2".
Reading "gf180mcu_fd_sc_mcu7t5v0__oai21_1".
Reading "gf180mcu_fd_sc_mcu7t5v0__antenna".
Reading "gf180mcu_fd_sc_mcu7t5v0__dffrnq_1".
Reading "gf180mcu_fd_sc_mcu7t5v0__aoi21_1".
Reading "gf180mcu_fd_sc_mcu7t5v0__or3_1".
Reading "gf180mcu_fd_sc_mcu7t5v0__xnor2_1".
Reading "gf180mcu_fd_sc_mcu7t5v0__aoi211_2".
Reading "gf180mcu_fd_sc_mcu7t5v0__dffrnq_2".
Reading "gf180mcu_fd_sc_mcu7t5v0__xnor2_2".
Reading "gf180mcu_fd_sc_mcu7t5v0__clkbuf_16".
Reading "gf180mcu_fd_sc_mcu7t5v0__and3_1".
Reading "gf180mcu_fd_sc_mcu7t5v0__oai22_2".
Reading "gf180mcu_fd_sc_mcu7t5v0__clkbuf_1".
Reading "gf180mcu_fd_sc_mcu7t5v0__inv_1".
Reading "gf180mcu_fd_sc_mcu7t5v0__tiel".
Reading "gf180mcu_fd_sc_mcu7t5v0__nand2_2".
Reading "gf180mcu_fd_sc_mcu7t5v0__or3_2".
Reading "gf180mcu_fd_sc_mcu7t5v0__buf_1".
Reading "gf180mcu_fd_sc_mcu7t5v0__aoi211_1".
Reading "gf180mcu_fd_sc_mcu7t5v0__nor2_2".
Reading "gf180mcu_fd_sc_mcu7t5v0__oai31_2".
Reading "gf180mcu_fd_sc_mcu7t5v0__oai211_4".
Reading "gf180mcu_fd_sc_mcu7t5v0__nand4_4".
Reading "gf180mcu_fd_sc_mcu7t5v0__clkbuf_2".
Reading "gf180mcu_fd_sc_mcu7t5v0__oai32_1".
Reading "gf180mcu_fd_sc_mcu7t5v0__aoi221_1".
Reading "gf180mcu_fd_sc_mcu7t5v0__nor3_2".
Reading "gf180mcu_fd_sc_mcu7t5v0__xnor3_2".
Reading "gf180mcu_fd_sc_mcu7t5v0__nor3_1".
Reading "gf180mcu_fd_sc_mcu7t5v0__nand3_2".
Reading "gf180mcu_fd_sc_mcu7t5v0__nand4_1".
Reading "gf180mcu_fd_sc_mcu7t5v0__aoi22_1".
Reading "gf180mcu_fd_sc_mcu7t5v0__oai211_1".
Reading "gf180mcu_fd_sc_mcu7t5v0__aoi221_2".
Reading "gf180mcu_fd_sc_mcu7t5v0__oai31_1".
Reading "gf180mcu_fd_sc_mcu7t5v0__nor4_4".
Reading "gf180mcu_fd_sc_mcu7t5v0__and4_1".
Reading "gf180mcu_fd_sc_mcu7t5v0__aoi221_4".
Reading "gf180mcu_fd_sc_mcu7t5v0__buf_2".
Reading "gf180mcu_fd_sc_mcu7t5v0__aoi22_2".
Reading "gf180mcu_fd_sc_mcu7t5v0__oai21_4".
Reading "gf180mcu_fd_sc_mcu7t5v0__aoi21_4".
Reading "gf180mcu_fd_sc_mcu7t5v0__nor4_1".
Reading "gf180mcu_fd_sc_mcu7t5v0__and4_2".
Reading "gf180mcu_fd_sc_mcu7t5v0__nand4_2".
Reading "gf180mcu_fd_sc_mcu7t5v0__nor4_2".
Reading "gf180mcu_fd_sc_mcu7t5v0__oai211_2".
Reading "gf180mcu_fd_sc_mcu7t5v0__buf_8".
Reading "gf180mcu_fd_sc_mcu7t5v0__aoi22_4".
Reading "gf180mcu_fd_sc_mcu7t5v0__buf_3".
Reading "gf180mcu_fd_sc_mcu7t5v0__mux2_2".
Reading "gf180mcu_fd_sc_mcu7t5v0__clkbuf_3".
Reading "gf180mcu_fd_sc_mcu7t5v0__nor2_4".
Reading "gf180mcu_fd_sc_mcu7t5v0__clkbuf_8".
Reading "gf180mcu_fd_sc_mcu7t5v0__aoi211_4".
Reading "gf180mcu_fd_sc_mcu7t5v0__nor3_4".
Reading "gf180mcu_fd_sc_mcu7t5v0__or2_2".
Reading "gf180mcu_fd_sc_mcu7t5v0__oai22_4".
Reading "gf180mcu_fd_sc_mcu7t5v0__clkinv_2".
Reading "gf180mcu_fd_sc_mcu7t5v0__and2_2".
Reading "gf180mcu_fd_sc_mcu7t5v0__dlyb_1".
Reading "gf180mcu_fd_sc_mcu7t5v0__dffrnq_4".
Reading "gf180mcu_fd_sc_mcu7t5v0__oai22_1".
Reading "gf180mcu_fd_sc_mcu7t5v0__xor3_2".
Reading "gf180mcu_fd_sc_mcu7t5v0__buf_4".
Reading "gf180mcu_fd_sc_mcu7t5v0__oai32_4".
Reading "gf180mcu_fd_sc_mcu7t5v0__xor2_4".
Reading "gf180mcu_fd_sc_mcu7t5v0__nand2_4".
Reading "gf180mcu_fd_sc_mcu7t5v0__xnor2_4".
Reading "gf180mcu_fd_sc_mcu7t5v0__aoi222_2".
Reading "gf180mcu_fd_sc_mcu7t5v0__aoi222_1".
Reading "gf180mcu_fd_sc_mcu7t5v0__inv_3".
Reading "gf180mcu_fd_sc_mcu7t5v0__oai221_2".
Reading "gf180mcu_fd_sc_mcu7t5v0__nand3_4".
Reading "gf180mcu_fd_sc_mcu7t5v0__and3_2".
Reading "gf180mcu_fd_sc_mcu7t5v0__oai221_4".
Reading "gf180mcu_fd_sc_mcu7t5v0__dffq_1".
Reading "gf180mcu_fd_sc_mcu7t5v0__inv_2".
Reading "gf180mcu_fd_sc_mcu7t5v0__and4_4".
Reading "gf180mcu_fd_sc_mcu7t5v0__dlyc_1".
Reading "user_proj_example".
    5000 uses
    10000 uses
    15000 uses
    20000 uses
    25000 uses
    30000 uses
    35000 uses
    40000 uses
    45000 uses
    50000 uses
    55000 uses
    60000 uses
    65000 uses
    70000 uses
    75000 uses
    80000 uses
    85000 uses
    90000 uses
    95000 uses
    100000 uses
    105000 uses
    110000 uses
    115000 uses
    120000 uses
    125000 uses
    130000 uses
    135000 uses
    140000 uses
    145000 uses
    150000 uses
    155000 uses
    160000 uses
    165000 uses
    170000 uses
    175000 uses
    180000 uses
    185000 uses
    190000 uses
    195000 uses
    200000 uses
    205000 uses
Moving label "clknet_leaf_278_wb_clk_i" from metal3 to via2 in cell user_proj_example.
Moving label "clknet_leaf_325_wb_clk_i" from metal3 to via2 in cell user_proj_example.
Moving label "clknet_leaf_463_wb_clk_i" from metal3 to via2 in cell user_proj_example.
Moving label "clknet_leaf_528_wb_clk_i" from metal3 to via2 in cell user_proj_example.
Moving label "clknet_leaf_700_wb_clk_i" from metal3 to via2 in cell user_proj_example.
Moving label "clknet_leaf_735_wb_clk_i" from metal3 to via2 in cell user_proj_example.
Moving label "clknet_leaf_749_wb_clk_i" from metal3 to via2 in cell user_proj_example.
Moving label "net1146" from metal3 to via2 in cell user_proj_example.
Moving label "net1161" from metal4 to via3 in cell user_proj_example.
Moving label "net1382" from metal3 to via2 in cell user_proj_example.
Moving label "net1743" from metal3 to via2 in cell user_proj_example.
Moving label "net435" from metal3 to via2 in cell user_proj_example.
Moving label "net44" from metal3 to via2 in cell user_proj_example.
Moving label "net557" from metal3 to via2 in cell user_proj_example.
Moving label "net598" from metal3 to via2 in cell user_proj_example.
Moving label "net763" from metal3 to via2 in cell user_proj_example.
Moving label "net774" from metal2 to via1 in cell user_proj_example.
Moving label "tb4._0641_" from metal2 to via1 in cell user_proj_example.
Moving label "tb4._1068_" from metal3 to via2 in cell user_proj_example.
Moving label "tb4._1107_" from metal3 to via2 in cell user_proj_example.
Moving label "tb4.data_out\[14\]" from metal3 to via2 in cell user_proj_example.
Moving label "tb4.t2._0031_" from metal3 to via2 in cell user_proj_example.
Moving label "tb4.t2._0354_" from metal3 to via2 in cell user_proj_example.
Moving label "tb4.t2.a1._0732_" from metal3 to via2 in cell user_proj_example.
Moving label "tb4.t2.a1._0865_" from metal4 to via3 in cell user_proj_example.
Moving label "tb4.t2.a1._2178_" from metal3 to via2 in cell user_proj_example.
Moving label "tb4.t2.a1.genblk1\[0\].genblk1\[0\].p1._0267_" from metal3 to via2 in cell user_proj_example.
Moving label "tb4.t2.a1.genblk1\[0\].genblk1\[0\].p1._0458_" from metal3 to via2 in cell user_proj_example.
Moving label "tb4.t2.a1.genblk1\[0\].genblk1\[1\].p1._0072_" from metal3 to via2 in cell user_proj_example.
Moving label "tb4.t2.a1.genblk1\[0\].genblk1\[1\].p1._0234_" from metal3 to via2 in cell user_proj_example.
Moving label "tb4.t2.a1.genblk1\[0\].genblk1\[2\].p1._0131_" from metal3 to via2 in cell user_proj_example.
Moving label "tb4.t2.a1.genblk1\[1\].genblk1\[0\].p1._0068_" from metal3 to via2 in cell user_proj_example.
Moving label "tb4.t2.a1.genblk1\[1\].genblk1\[0\].p1._0227_" from metal3 to via2 in cell user_proj_example.
Moving label "tb4.t2.a1.genblk1\[1\].genblk1\[0\].p1._0303_" from metal3 to via2 in cell user_proj_example.
Moving label "tb4.t2.a1.genblk1\[1\].genblk1\[0\].p1._0389_" from metal3 to via2 in cell user_proj_example.
Moving label "tb4.t2.a1.genblk1\[1\].genblk1\[0\].p1._0432_" from metal3 to via2 in cell user_proj_example.
Moving label "tb4.t2.a1.genblk1\[1\].genblk1\[2\].p1._0113_" from metal3 to via2 in cell user_proj_example.
Moving label "tb4.t2.a1.genblk1\[1\].genblk1\[2\].p1._0258_" from metal3 to via2 in cell user_proj_example.
Moving label "tb4.t2.a1.genblk1\[1\].genblk1\[2\].p1.f\[1\]" from metal3 to via2 in cell user_proj_example.
Moving label "tb4.t2.a1.genblk1\[2\].genblk1\[0\].p1._0300_" from metal3 to via2 in cell user_proj_example.
Moving label "tb4.t2.a1.genblk1\[2\].genblk1\[0\].p1._0513_" from metal3 to via2 in cell user_proj_example.
Moving label "tb4.t2.a1.genblk1\[2\].genblk1\[1\].p1._0124_" from metal3 to via2 in cell user_proj_example.
Moving label "tb4.t2.a1.genblk1\[2\].genblk1\[1\].p1._0171_" from metal3 to via2 in cell user_proj_example.
Moving label "tb4.t2.a1.genblk1\[2\].genblk1\[1\].p1._0204_" from metal3 to via2 in cell user_proj_example.
Moving label "tb4.t2.a1.genblk1\[2\].genblk1\[1\].p1._0360_" from metal3 to via2 in cell user_proj_example.
Moving label "tb4.t2.a1.genblk1\[2\].genblk1\[2\].p1._0059_" from metal3 to via2 in cell user_proj_example.
Moving label "tb4.t2.a1.genblk1\[2\].genblk1\[2\].p1._0173_" from metal3 to via2 in cell user_proj_example.
Moving label "tb4.t2.a1.genblk1\[2\].genblk1\[2\].p1._0391_" from metal3 to via2 in cell user_proj_example.
Moving label "tb4.t2.a1.genblk2\[0\].genblk1\[0\].p2._0239_" from metal3 to via2 in cell user_proj_example.
Moving label "tb4.t2.a1.genblk2\[0\].genblk1\[0\].p2._0240_" from metal3 to via2 in cell user_proj_example.
Moving label "tb4.t2.a1.genblk2\[0\].genblk1\[0\].p2._0272_" from metal3 to via2 in cell user_proj_example.
Moving label "tb4.t2.a1.genblk2\[0\].genblk1\[1\].p2._0059_" from metal3 to via2 in cell user_proj_example.
Moving label "tb4.t2.a1.genblk2\[0\].genblk1\[1\].p2._0326_" from metal3 to via2 in cell user_proj_example.
Moving label "tb4.t2.a1.genblk2\[0\].genblk1\[1\].p2._0409_" from metal3 to via2 in cell user_proj_example.
Moving label "tb4.t2.a1.genblk2\[0\].genblk1\[1\].p2.out\[5\]" from metal3 to via2 in cell user_proj_example.
Moving label "tb4.t2.a1.genblk2\[0\].genblk1\[2\].p2._0072_" from metal2 to via1 in cell user_proj_example.
Moving label "tb4.t2.a1.genblk2\[1\].genblk1\[0\].p2._0244_" from metal3 to via2 in cell user_proj_example.
Moving label "tb4.t2.a1.genblk2\[1\].genblk1\[0\].p2._0464_" from metal3 to via2 in cell user_proj_example.
Moving label "tb4.t2.a1.genblk2\[1\].genblk1\[1\].p2._0062_" from metal3 to via2 in cell user_proj_example.
Moving label "tb4.t2.a1.genblk2\[1\].genblk1\[1\].p2._0140_" from metal3 to via2 in cell user_proj_example.
Moving label "tb4.t2.a1.genblk2\[1\].genblk1\[1\].p2._0185_" from metal3 to via2 in cell user_proj_example.
Moving label "tb4.t2.a1.genblk2\[1\].genblk1\[1\].p2._0359_" from metal3 to via2 in cell user_proj_example.
Moving label "tb4.t2.a1.genblk2\[1\].genblk1\[2\].p2._0081_" from metal3 to via2 in cell user_proj_example.
Moving label "tb4.t2.a1.genblk2\[1\].genblk1\[2\].p2._0542_" from metal3 to via2 in cell user_proj_example.
Moving label "tb4.t2.a1.genblk2\[2\].genblk1\[0\].p2._0272_" from metal3 to via2 in cell user_proj_example.
Moving label "tb4.t2.a1.genblk2\[2\].genblk1\[0\].p2._0376_" from metal3 to via2 in cell user_proj_example.
Moving label "tb4.t2.a1.genblk2\[2\].genblk1\[1\].p2._0218_" from metal3 to via2 in cell user_proj_example.
Moving label "tb4.t2.a1.genblk2\[2\].genblk1\[1\].p2._0265_" from metal3 to via2 in cell user_proj_example.
Moving label "tb4.t2.a1.genblk2\[2\].genblk1\[1\].p2._0361_" from metal3 to via2 in cell user_proj_example.
Moving label "tb4.t2.a1.genblk2\[2\].genblk1\[1\].p2._0421_" from metal3 to via2 in cell user_proj_example.
Moving label "tb4.t2.a1.genblk2\[2\].genblk1\[1\].p2._0455_" from metal3 to via2 in cell user_proj_example.
Moving label "tb4.t2.a1.genblk2\[2\].genblk1\[2\].p2._0282_" from metal3 to via2 in cell user_proj_example.
Moving label "tb4.t2.a1.genblk2\[2\].genblk1\[2\].p2._0390_" from metal3 to via2 in cell user_proj_example.
Moving label "tb4.t2.a2._0574_" from metal3 to via2 in cell user_proj_example.
Moving label "tb4.t2.a2._1526_" from metal3 to via2 in cell user_proj_example.
Moving label "tb4.t2.a2._1711_" from metal3 to via2 in cell user_proj_example.
Moving label "tb4.t2.a2._1715_" from metal3 to via2 in cell user_proj_example.
Moving label "tb4.t2.a2._1727_" from metal2 to via1 in cell user_proj_example.
Moving label "tb4.t2.a2._1744_" from metal3 to via2 in cell user_proj_example.
Moving label "tb4.t2.a2._1848_" from metal3 to via2 in cell user_proj_example.
Moving label "tb4.t2.a2.genblk1\[0\].genblk1\[1\].p1._0053_" from metal3 to via2 in cell user_proj_example.
Moving label "tb4.t2.a2.genblk1\[0\].genblk1\[2\].p1._0243_" from metal3 to via2 in cell user_proj_example.
Moving label "tb4.t2.a2.genblk1\[0\].genblk1\[2\].p1._0264_" from metal3 to via2 in cell user_proj_example.
Moving label "tb4.t2.a2.genblk1\[0\].genblk1\[2\].p1._0353_" from metal3 to via2 in cell user_proj_example.
Moving label "tb4.t2.a2.genblk1\[1\].genblk1\[0\].p1._0101_" from metal3 to via2 in cell user_proj_example.
Moving label "tb4.t2.a2.genblk1\[1\].genblk1\[0\].p1._0339_" from metal3 to via2 in cell user_proj_example.
Moving label "tb4.t2.a2.genblk1\[1\].genblk1\[0\].p1._0422_" from metal3 to via2 in cell user_proj_example.
Moving label "tb4.t2.a2.genblk1\[1\].genblk1\[0\].p1._0483_" from metal3 to via2 in cell user_proj_example.
Moving label "tb4.t2.a2.genblk1\[1\].genblk1\[0\].p1._0541_" from metal3 to via2 in cell user_proj_example.
Moving label "tb4.t2.a2.genblk1\[1\].genblk1\[1\].p1._0004_" from metal3 to via2 in cell user_proj_example.
Moving label "tb4.t2.a2.genblk1\[1\].genblk1\[1\].p1._0056_" from metal3 to via2 in cell user_proj_example.
Moving label "tb4.t2.a2.genblk1\[2\].genblk1\[0\].p1._0294_" from metal3 to via2 in cell user_proj_example.
Moving label "tb4.t2.a2.genblk1\[2\].genblk1\[2\].p1._0169_" from metal3 to via2 in cell user_proj_example.
Moving label "tb4.t2.a2.genblk1\[2\].genblk1\[2\].p1._0173_" from metal3 to via2 in cell user_proj_example.
Moving label "tb4.t2.a2.genblk2\[0\].genblk1\[0\].p2._0243_" from metal3 to via2 in cell user_proj_example.
Moving label "tb4.t2.a2.genblk2\[0\].genblk1\[0\].p2._0458_" from metal3 to via2 in cell user_proj_example.
Moving label "tb4.t2.a2.genblk2\[0\].genblk1\[1\].p2._0007_" from metal3 to via2 in cell user_proj_example.
Moving label "tb4.t2.a2.genblk2\[0\].genblk1\[1\].p2._0212_" from metal3 to via2 in cell user_proj_example.
Moving label "tb4.t2.a2.genblk2\[0\].genblk1\[1\].p2.out\[6\]" from metal3 to via2 in cell user_proj_example.
Moving label "tb4.t2.a2.genblk2\[0\].genblk1\[2\].p2._0082_" from metal3 to via2 in cell user_proj_example.
Moving label "tb4.t2.a2.genblk2\[0\].genblk1\[2\].p2._0195_" from metal3 to via2 in cell user_proj_example.
Moving label "tb4.t2.a2.genblk2\[0\].genblk1\[2\].p2._0458_" from metal3 to via2 in cell user_proj_example.
Moving label "tb4.t2.a2.genblk2\[1\].genblk1\[1\].p2._0049_" from metal3 to via2 in cell user_proj_example.
Moving label "tb4.t2.a2.genblk2\[1\].genblk1\[1\].p2._0466_" from metal3 to via2 in cell user_proj_example.
Moving label "tb4.t2.a2.genblk2\[2\].genblk1\[0\].p2._0077_" from metal3 to via2 in cell user_proj_example.
Moving label "tb4.t2.a2.genblk2\[2\].genblk1\[0\].p2._0198_" from metal3 to via2 in cell user_proj_example.
Moving label "tb4.t2.a2.genblk2\[2\].genblk1\[0\].p2._0253_" from metal3 to via2 in cell user_proj_example.
Moving label "tb4.t2.a2.genblk2\[2\].genblk1\[0\].p2._0465_" from metal3 to via2 in cell user_proj_example.
Moving label "tb4.t2.a2.genblk2\[2\].genblk1\[1\].p2._0106_" from metal3 to via2 in cell user_proj_example.
Moving label "tb4.t2.a2.genblk2\[2\].genblk1\[1\].p2._0134_" from metal3 to via2 in cell user_proj_example.
Moving label "tb4.t2.a2.genblk2\[2\].genblk1\[1\].p2._0544_" from metal3 to via2 in cell user_proj_example.
Moving label "tb4.t2.a2.genblk2\[2\].genblk1\[2\].p2._0080_" from metal3 to via2 in cell user_proj_example.
Moving label "tb4.t2.a3._1909_" from metal3 to via2 in cell user_proj_example.
Moving label "tb4.t2.a3._1968_" from metal3 to via2 in cell user_proj_example.
Moving label "tb4.t2.a3.genblk1\[0\].genblk1\[0\].p1._0056_" from metal3 to via2 in cell user_proj_example.
Moving label "tb4.t2.a3.genblk1\[0\].genblk1\[0\].p1._0372_" from metal3 to via2 in cell user_proj_example.
Moving label "tb4.t2.a3.genblk1\[0\].genblk1\[1\].p1._0339_" from metal3 to via2 in cell user_proj_example.
Moving label "tb4.t2.a3.genblk1\[0\].genblk1\[2\].p1._0328_" from metal3 to via2 in cell user_proj_example.
Moving label "tb4.t2.a3.genblk1\[0\].genblk1\[2\].p1._0504_" from metal3 to via2 in cell user_proj_example.
Moving label "tb4.t2.a3.genblk1\[0\].genblk1\[2\].p1.out\[5\]" from metal3 to via2 in cell user_proj_example.
Moving label "tb4.t2.a3.genblk1\[1\].genblk1\[1\].p1._0048_" from metal3 to via2 in cell user_proj_example.
Moving label "tb4.t2.a3.genblk1\[1\].genblk1\[1\].p1._0538_" from metal3 to via2 in cell user_proj_example.
Moving label "tb4.t2.a3.genblk1\[1\].genblk1\[1\].p1.f\[5\]" from metal3 to via2 in cell user_proj_example.
Moving label "tb4.t2.a3.genblk1\[1\].genblk1\[2\].p1._0135_" from metal3 to via2 in cell user_proj_example.
Moving label "tb4.t2.a3.genblk1\[1\].genblk1\[2\].p1._0175_" from metal3 to via2 in cell user_proj_example.
Moving label "tb4.t2.a3.genblk1\[1\].genblk1\[2\].p1._0474_" from metal3 to via2 in cell user_proj_example.
Moving label "tb4.t2.a3.genblk1\[1\].genblk1\[2\].p1._0508_" from metal4 to via3 in cell user_proj_example.
Moving label "tb4.t2.a3.genblk1\[2\].genblk1\[0\].p1._0106_" from metal3 to via2 in cell user_proj_example.
Moving label "tb4.t2.a3.genblk1\[2\].genblk1\[0\].p1._0174_" from metal3 to via2 in cell user_proj_example.
Moving label "tb4.t2.a3.genblk1\[2\].genblk1\[1\].p1._0220_" from metal3 to via2 in cell user_proj_example.
Moving label "tb4.t2.a3.genblk1\[2\].genblk1\[2\].p1._0543_" from metal3 to via2 in cell user_proj_example.
Moving label "tb4.t2.a3.genblk1\[2\].genblk1\[2\].p1.f\[6\]" from metal3 to via2 in cell user_proj_example.
Moving label "tb4.t2.a3.genblk2\[0\].genblk1\[0\].p2._0365_" from metal3 to via2 in cell user_proj_example.
Moving label "tb4.t2.a3.genblk2\[0\].genblk1\[0\].p2._0455_" from metal3 to via2 in cell user_proj_example.
Moving label "tb4.t2.a3.genblk2\[0\].genblk1\[1\].p2._0099_" from metal3 to via2 in cell user_proj_example.
Moving label "tb4.t2.a3.genblk2\[0\].genblk1\[1\].p2._0316_" from metal3 to via2 in cell user_proj_example.
Moving label "tb4.t2.a3.genblk2\[0\].genblk1\[2\].p2._0323_" from metal4 to via3 in cell user_proj_example.
Moving label "tb4.t2.a3.genblk2\[1\].genblk1\[0\].p2._0308_" from metal3 to via2 in cell user_proj_example.
Moving label "tb4.t2.a3.genblk2\[1\].genblk1\[1\].p2._0505_" from metal3 to via2 in cell user_proj_example.
Moving label "tb4.t2.a3.genblk2\[1\].genblk1\[1\].p2._0537_" from metal3 to via2 in cell user_proj_example.
Moving label "tb4.t2.a3.genblk2\[1\].genblk1\[2\].p2._0131_" from metal3 to via2 in cell user_proj_example.
Moving label "tb4.t2.a3.genblk2\[1\].genblk1\[2\].p2._0503_" from metal3 to via2 in cell user_proj_example.
Moving label "tb4.t2.a3.genblk2\[2\].genblk1\[0\].p2._0349_" from metal3 to via2 in cell user_proj_example.
Moving label "tb4.t2.a3.genblk2\[2\].genblk1\[0\].p2._0472_" from metal3 to via2 in cell user_proj_example.
Moving label "tb4.t2.a3.genblk2\[2\].genblk1\[0\].p2._0540_" from metal3 to via2 in cell user_proj_example.
Moving label "tb4.t2.a3.genblk2\[2\].genblk1\[1\].p2._0090_" from metal3 to via2 in cell user_proj_example.
Moving label "tb4.t2.a3.genblk2\[2\].genblk1\[2\].p2._0058_" from metal3 to via2 in cell user_proj_example.
Moving label "tb4.t2.a3.genblk2\[2\].genblk1\[2\].p2._0078_" from metal3 to via2 in cell user_proj_example.
Moving label "tb4.t2.a3.genblk2\[2\].genblk1\[2\].p2._0196_" from metal3 to via2 in cell user_proj_example.
Moving label "tb4.t2.a3.genblk2\[2\].genblk1\[2\].p2._0246_" from metal3 to via2 in cell user_proj_example.
Moving label "tb4.t2.a4._1226_" from metal3 to via2 in cell user_proj_example.
Moving label "tb4.t2.a4._1933_" from metal3 to via2 in cell user_proj_example.
Moving label "tb4.t2.a4._2018_" from metal3 to via2 in cell user_proj_example.
Moving label "tb4.t2.a4._2156_" from metal3 to via2 in cell user_proj_example.
Moving label "tb4.t2.a4.genblk1\[0\].genblk1\[0\].p1._0391_" from metal3 to via2 in cell user_proj_example.
Moving label "tb4.t2.a4.genblk1\[0\].genblk1\[0\].p1._0487_" from metal3 to via2 in cell user_proj_example.
Moving label "tb4.t2.a4.genblk1\[0\].genblk1\[1\].p1._0344_" from metal3 to via2 in cell user_proj_example.
Moving label "tb4.t2.a4.genblk1\[0\].genblk1\[1\].p1._0505_" from metal3 to via2 in cell user_proj_example.
Moving label "tb4.t2.a4.genblk1\[0\].genblk1\[2\].p1._0207_" from metal3 to via2 in cell user_proj_example.
Moving label "tb4.t2.a4.genblk1\[1\].genblk1\[1\].p1._0267_" from metal3 to via2 in cell user_proj_example.
Moving label "tb4.t2.a4.genblk1\[1\].genblk1\[1\].p1._0447_" from metal3 to via2 in cell user_proj_example.
Moving label "tb4.t2.a4.genblk1\[2\].genblk1\[0\].p1._0229_" from metal3 to via2 in cell user_proj_example.
Moving label "tb4.t2.a4.genblk1\[2\].genblk1\[1\].p1._0135_" from metal3 to via2 in cell user_proj_example.
Moving label "tb4.t2.a4.genblk2\[0\].genblk1\[0\].p2._0383_" from metal3 to via2 in cell user_proj_example.
Moving label "tb4.t2.a4.genblk2\[0\].genblk1\[1\].p2._0282_" from metal3 to via2 in cell user_proj_example.
Moving label "tb4.t2.a4.genblk2\[0\].genblk1\[1\].p2._0512_" from metal3 to via2 in cell user_proj_example.
Moving label "tb4.t2.a4.genblk2\[0\].genblk1\[1\].p2._0543_" from metal3 to via2 in cell user_proj_example.
Moving label "tb4.t2.a4.genblk2\[0\].genblk1\[2\].p2._0223_" from metal3 to via2 in cell user_proj_example.
Moving label "tb4.t2.a4.genblk2\[1\].genblk1\[0\].p2._0129_" from metal3 to via2 in cell user_proj_example.
Moving label "tb4.t2.a4.genblk2\[1\].genblk1\[0\].p2._0150_" from metal3 to via2 in cell user_proj_example.
Moving label "tb4.t2.a4.genblk2\[1\].genblk1\[0\].p2._0280_" from metal3 to via2 in cell user_proj_example.
Moving label "tb4.t2.a4.genblk2\[1\].genblk1\[0\].p2._0369_" from metal3 to via2 in cell user_proj_example.
Moving label "tb4.t2.a4.genblk2\[1\].genblk1\[1\].p2._0482_" from metal3 to via2 in cell user_proj_example.
Moving label "tb4.t2.a4.genblk2\[1\].genblk1\[1\].p2.out\[14\]" from metal3 to via2 in cell user_proj_example.
Moving label "tb4.t2.a4.genblk2\[2\].genblk1\[0\].p2._0197_" from metal3 to via2 in cell user_proj_example.
Moving label "tb4.t2.a4.genblk2\[2\].genblk1\[0\].p2._0369_" from metal3 to via2 in cell user_proj_example.
Moving label "tb4.t2.a4.genblk2\[2\].genblk1\[1\].p2._0092_" from metal3 to via2 in cell user_proj_example.
Moving label "tb4.t2.a4.genblk2\[2\].genblk1\[2\].p2._0293_" from metal3 to via2 in cell user_proj_example.
Moving label "tb4.t2.a4.genblk2\[2\].genblk1\[2\].p2._0453_" from metal3 to via2 in cell user_proj_example.
Moving label "tb4.t2.con1._066_" from metal3 to via2 in cell user_proj_example.
Moving label "tb4.t2.con1.buff1._1893_" from metal3 to via2 in cell user_proj_example.
Moving label "tb4.t2.con1.buff1._1952_" from metal3 to via2 in cell user_proj_example.
Moving label "tb4.t2.con1.buff1._1995_" from metal3 to via2 in cell user_proj_example.
Moving label "tb4.t2.con1.buff1._2631_" from metal3 to via2 in cell user_proj_example.
Moving label "tb4.t2.con1.buff1.mem\[2\]\[15\]" from metal3 to via2 in cell user_proj_example.
Moving label "tb4.t2.con1.buff1.mem\[7\]\[40\]" from metal3 to via2 in cell user_proj_example.
Moving label "tb4.t2.con1.buff1.mem\[7\]\[63\]" from metal3 to via2 in cell user_proj_example.
Reading "user_project_wrapper".
Root cell box:
           width x height  (   llx,  lly  ), (   urx,  ury  )  area (units^2)

microns:   9.580 x 2980.200  (-9.580,  0.000), ( 0.000,  2980.200)  28550.314 
lambda:   191.60 x 59604.00  (-191.60,  0.00 ), (  0.00,  59604.00)  11420127.00
internal:   1916 x 596040  ( -1916,  0    ), (     0,  596040)  1142012640
Root cell box:
           width x height  (   llx,  lly  ), (   urx,  ury  )  area (units^2)

microns:   9.700 x 2980.200  ( 2980.200,  0.000), ( 2989.900,  2980.200)  28907.938 
lambda:   194.00 x 59604.00  ( 59604.00,  0.00 ), ( 59798.00,  59604.00)  11563176.00
internal:   1940 x 596040  ( 596040,  0    ), ( 597980,  596040)  1156317600
Root cell box:
           width x height  (   llx,  lly  ), (   urx,  ury  )  area (units^2)

microns:  2999.480 x 8.220   (-9.580, -8.220), ( 2989.900,  0.000)  24655.725 
lambda:   59989.60 x 164.40  (-191.60, -164.40), ( 59798.00,  0.00 )  9862291.00
internal: 599896 x 1644    ( -1916, -1644 ), ( 597980,  0    )  986229024 
Root cell box:
           width x height  (   llx,  lly  ), (   urx,  ury  )  area (units^2)

microns:  2999.480 x 11.140  (-9.580,  2980.200), ( 2989.900,  2991.340)  33414.207 
lambda:   59989.60 x 222.80  (-191.60,  59604.00), ( 59798.00,  59826.80)  13365683.00
internal: 599896 x 2228    ( -1916,  596040), ( 597980,  598268)  1336568288
   Generating output for cell xor_target

Magic 8.3 revision 420 - Compiled on Sat Nov  4 21:03:17 UTC 2023.
Starting magic under Tcl interpreter
Using the terminal as the console.
Using NULL graphics device.
Processing system .magicrc file
Sourcing design .magicrc for technology gf180mcuD ...
10 Magic internal units = 1 Lambda
Input style import: scaleFactor=10, multiplier=2
The following types are not handled by extraction and will be treated as non-electrical types:
    obsactive mvobsactive filldiff fillpoly m1hole obsm1 fillm1 obsv1 m2hole obsm2 fillm2 obsv2 m3hole obsm3 fillm3 m4hole obsm4 fillm4 m5hole obsm5 fillm5 glass fillblock lvstext obscomment 
Scaled tech values by 10 / 1 to match internal grid scaling
Loading gf180mcuD Device Generator Menu ...
Loading "/home/shahid/mpw_precheck/checks/xor_check/erase_box_gf180mcu.tcl" from command line.
"sky130(vendor)" is not one of the CIF input styles Magic knows.
The current style is "import".
The CIF input styles are: import.
Warning: Calma reading is not undoable!  I hope that's OK.
Library written using GDS-II Release 3.0
Library name: user_project_wrapper
Reading "gf180mcu_fd_sc_mcu7t5v0__filltie".
Reading "gf180mcu_fd_sc_mcu7t5v0__endcap".
Reading "gf180mcu_fd_sc_mcu7t5v0__fillcap_8".
Reading "gf180mcu_fd_sc_mcu7t5v0__fillcap_32".
Reading "gf180mcu_fd_sc_mcu7t5v0__fillcap_4".
Reading "gf180mcu_fd_sc_mcu7t5v0__fill_2".
Reading "gf180mcu_fd_sc_mcu7t5v0__fill_1".
Reading "gf180mcu_fd_sc_mcu7t5v0__fillcap_64".
Reading "gf180mcu_fd_sc_mcu7t5v0__buf_8".
Reading "gf180mcu_fd_sc_mcu7t5v0__antenna".
Reading "gf180mcu_fd_sc_mcu7t5v0__clkbuf_1".
Reading "gf180mcu_fd_sc_mcu7t5v0__fillcap_16".
Reading "gf180mcu_fd_sc_mcu7t5v0__clkbuf_3".
Reading "gf180mcu_fd_sc_mcu7t5v0__buf_1".
Reading "gf180mcu_fd_sc_mcu7t5v0__dlyb_1".
Reading "gf180mcu_fd_sc_mcu7t5v0__nor2_1".
Reading "gf180mcu_fd_sc_mcu7t5v0__aoi21_1".
Reading "gf180mcu_fd_sc_mcu7t5v0__dlyc_1".
Reading "gf180mcu_fd_sc_mcu7t5v0__aoi222_1".
Reading "gf180mcu_fd_sc_mcu7t5v0__dffq_1".
Reading "gf180mcu_fd_sc_mcu7t5v0__dffq_4".
Reading "gf180mcu_fd_sc_mcu7t5v0__xor2_1".
Reading "gf180mcu_fd_sc_mcu7t5v0__and2_1".
Reading "gf180mcu_fd_sc_mcu7t5v0__clkbuf_16".
Reading "gf180mcu_fd_sc_mcu7t5v0__oai21_1".
Reading "gf180mcu_fd_sc_mcu7t5v0__buf_3".
Reading "gf180mcu_fd_sc_mcu7t5v0__nor4_1".
Reading "gf180mcu_fd_sc_mcu7t5v0__buf_4".
Reading "gf180mcu_fd_sc_mcu7t5v0__buf_2".
Reading "gf180mcu_fd_sc_mcu7t5v0__aoi22_1".
Reading "gf180mcu_fd_sc_mcu7t5v0__inv_2".
Reading "gf180mcu_fd_sc_mcu7t5v0__dffq_2".
Reading "gf180mcu_fd_sc_mcu7t5v0__aoi21_4".
Reading "gf180mcu_fd_sc_mcu7t5v0__clkbuf_12".
Reading "gf180mcu_fd_sc_mcu7t5v0__and3_1".
Reading "gf180mcu_fd_sc_mcu7t5v0__tiel".
Reading "gf180mcu_fd_sc_mcu7t5v0__nand2_1".
Reading "gf180mcu_fd_sc_mcu7t5v0__buf_16".
Reading "gf180mcu_fd_sc_mcu7t5v0__nand2_2".
Reading "gf180mcu_fd_sc_mcu7t5v0__clkbuf_2".
Reading "gf180mcu_fd_sc_mcu7t5v0__mux2_2".
Reading "gf180mcu_fd_sc_mcu7t5v0__aoi21_2".
Reading "gf180mcu_fd_sc_mcu7t5v0__nand4_4".
Reading "gf180mcu_fd_sc_mcu7t5v0__xnor2_1".
Reading "gf180mcu_fd_sc_mcu7t5v0__nand3_1".
Reading "gf180mcu_fd_sc_mcu7t5v0__nor4_4".
Reading "gf180mcu_fd_sc_mcu7t5v0__clkinv_2".
Reading "gf180mcu_fd_sc_mcu7t5v0__nor2_2".
Reading "gf180mcu_fd_sc_mcu7t5v0__clkbuf_8".
Reading "gf180mcu_fd_sc_mcu7t5v0__nand4_2".
Reading "gf180mcu_fd_sc_mcu7t5v0__aoi222_2".
Reading "gf180mcu_fd_sc_mcu7t5v0__and4_2".
Reading "gf180mcu_fd_sc_mcu7t5v0__or2_2".
Reading "gf180mcu_fd_sc_mcu7t5v0__oai221_1".
Reading "gf180mcu_fd_sc_mcu7t5v0__clkinv_1".
Reading "gf180mcu_fd_sc_mcu7t5v0__clkbuf_4".
Reading "gf180mcu_fd_sc_mcu7t5v0__nand2_4".
Reading "gf180mcu_fd_sc_mcu7t5v0__and2_4".
Reading "user_proj_example".
    5000 uses
    10000 uses
    15000 uses
    20000 uses
    25000 uses
    30000 uses
    35000 uses
    40000 uses
    45000 uses
    50000 uses
    55000 uses
    60000 uses
    65000 uses
    70000 uses
    75000 uses
    80000 uses
    85000 uses
    90000 uses
    95000 uses
Moving label "_109_" from metal3 to via2 in cell user_proj_example.
Moving label "net239" from metal3 to via2 in cell user_proj_example.
Moving label "net286" from metal3 to via2 in cell user_proj_example.
Reading "user_project_wrapper".
Moving label "la_oenb[58]" from metal5 to via4 in cell user_project_wrapper.
Root cell box:
           width x height  (   llx,  lly  ), (   urx,  ury  )  area (units^2)

microns:   9.580 x 2980.200  (-9.580,  0.000), ( 0.000,  2980.200)  28550.314 
lambda:   191.60 x 59604.00  (-191.60,  0.00 ), (  0.00,  59604.00)  11420127.00
internal:   1916 x 596040  ( -1916,  0    ), (     0,  596040)  1142012640
Root cell box:
           width x height  (   llx,  lly  ), (   urx,  ury  )  area (units^2)

microns:   9.700 x 2980.200  ( 2980.200,  0.000), ( 2989.900,  2980.200)  28907.938 
lambda:   194.00 x 59604.00  ( 59604.00,  0.00 ), ( 59798.00,  59604.00)  11563176.00
internal:   1940 x 596040  ( 596040,  0    ), ( 597980,  596040)  1156317600
Root cell box:
           width x height  (   llx,  lly  ), (   urx,  ury  )  area (units^2)

microns:  2999.480 x 8.220   (-9.580, -8.220), ( 2989.900,  0.000)  24655.725 
lambda:   59989.60 x 164.40  (-191.60, -164.40), ( 59798.00,  0.00 )  9862291.00
internal: 599896 x 1644    ( -1916, -1644 ), ( 597980,  0    )  986229024 
Root cell box:
           width x height  (   llx,  lly  ), (   urx,  ury  )  area (units^2)

microns:  2999.480 x 11.140  (-9.580,  2980.200), ( 2989.900,  2991.340)  33414.207 
lambda:   59989.60 x 222.80  (-191.60,  59604.00), ( 59798.00,  59826.80)  13365683.00
internal: 599896 x 2228    ( -1916,  596040), ( 597980,  598268)  1336568288
   Generating output for cell xor_target
Reading /home/shahid/Desktop/test123/caravel_user_project/precheck_results/07_DEC_2023___10_41_00/outputs/user_project_wrapper_erased.gds ..
Reading /home/shahid/Desktop/test123/caravel_user_project/precheck_results/07_DEC_2023___10_41_00/outputs/user_project_wrapper_empty_erased.gds ..
--- Running XOR for 36/0 ---
"input" in: xor.rb.drc:39
    Polygons (raw): 329 (flat)  329 (hierarchical)
    Elapsed: 0.010s  Memory: 600.00M
"input" in: xor.rb.drc:39
    Polygons (raw): 329 (flat)  329 (hierarchical)
    Elapsed: 0.000s  Memory: 600.00M
"^" in: xor.rb.drc:39
    Polygons (raw): 0 (flat)  0 (hierarchical)
    Elapsed: 0.000s  Memory: 600.00M
XOR differences: 0
"output" in: xor.rb.drc:43
    Polygons (raw): 0 (flat)  0 (hierarchical)
    Elapsed: 0.000s  Memory: 600.00M
--- Running XOR for 41/0 ---
"input" in: xor.rb.drc:39
    Polygons (raw): 128 (flat)  128 (hierarchical)
    Elapsed: 0.000s  Memory: 600.00M
"input" in: xor.rb.drc:39
    Polygons (raw): 128 (flat)  128 (hierarchical)
    Elapsed: 0.000s  Memory: 600.00M
"^" in: xor.rb.drc:39
    Polygons (raw): 0 (flat)  0 (hierarchical)
    Elapsed: 0.000s  Memory: 600.00M
XOR differences: 0
"output" in: xor.rb.drc:43
    Polygons (raw): 0 (flat)  0 (hierarchical)
    Elapsed: 0.000s  Memory: 600.00M
--- Running XOR for 42/0 ---
"input" in: xor.rb.drc:39
    Polygons (raw): 87 (flat)  87 (hierarchical)
    Elapsed: 0.000s  Memory: 600.00M
"input" in: xor.rb.drc:39
    Polygons (raw): 87 (flat)  87 (hierarchical)
    Elapsed: 0.000s  Memory: 600.00M
"^" in: xor.rb.drc:39
    Polygons (raw): 0 (flat)  0 (hierarchical)
    Elapsed: 0.000s  Memory: 600.00M
XOR differences: 0
"output" in: xor.rb.drc:43
    Polygons (raw): 0 (flat)  0 (hierarchical)
    Elapsed: 0.010s  Memory: 600.00M
--- Running XOR for 46/0 ---
"input" in: xor.rb.drc:39
    Polygons (raw): 4 (flat)  4 (hierarchical)
    Elapsed: 0.000s  Memory: 600.00M
"input" in: xor.rb.drc:39
    Polygons (raw): 4 (flat)  4 (hierarchical)
    Elapsed: 0.000s  Memory: 600.00M
"^" in: xor.rb.drc:39
    Polygons (raw): 0 (flat)  0 (hierarchical)
    Elapsed: 0.000s  Memory: 600.00M
XOR differences: 0
"output" in: xor.rb.drc:43
    Polygons (raw): 0 (flat)  0 (hierarchical)
    Elapsed: 0.000s  Memory: 600.00M
--- Running XOR for 81/0 ---
"input" in: xor.rb.drc:39
    Polygons (raw): 4 (flat)  4 (hierarchical)
    Elapsed: 0.000s  Memory: 600.00M
"input" in: xor.rb.drc:39
    Polygons (raw): 4 (flat)  4 (hierarchical)
    Elapsed: 0.000s  Memory: 600.00M
"^" in: xor.rb.drc:39
    Polygons (raw): 0 (flat)  0 (hierarchical)
    Elapsed: 0.000s  Memory: 600.00M
XOR differences: 0
"output" in: xor.rb.drc:43
    Polygons (raw): 0 (flat)  0 (hierarchical)
    Elapsed: 0.000s  Memory: 600.00M
Writing layout file: /home/shahid/Desktop/test123/caravel_user_project/precheck_results/07_DEC_2023___10_41_00/outputs/user_project_wrapper.xor.gds ..
Total elapsed: 0.030s  Memory: 600.00M
